2023-10-24 17:01:30.2354|0|INFO|Microsoft.Hosting.Lifetime|Now listening on: https://localhost:7124 |url: |action: |Microsoft.AspNetCore.Hosting.GenericWebHostService.StartAsync
2023-10-24 17:01:30.2534|0|INFO|Microsoft.Hosting.Lifetime|Now listening on: http://localhost:5294 |url: |action: |Microsoft.AspNetCore.Hosting.GenericWebHostService.StartAsync
2023-10-24 17:01:30.2534|0|INFO|Microsoft.Hosting.Lifetime|Application started. Press Ctrl+C to shut down. |url: |action: |Microsoft.Extensions.Hosting.Internal.ConsoleLifetime.OnApplicationStarted
2023-10-24 17:01:30.2534|0|INFO|Microsoft.Hosting.Lifetime|Hosting environment: Development |url: |action: |Microsoft.Extensions.Hosting.Internal.ConsoleLifetime.OnApplicationStarted
2023-10-24 17:01:30.2554|0|INFO|Microsoft.Hosting.Lifetime|Content root path: E:\DotNetProjects\MyProger\MyProger.Micro.Identity |url: |action: |Microsoft.Extensions.Hosting.Internal.ApplicationLifetime.NotifyStarted
2023-10-24 17:01:32.2383|0|ERROR|Microsoft.AspNetCore.Diagnostics.DeveloperExceptionPageMiddleware|An unhandled exception has occurred while executing the request. System.IO.FileNotFoundException: Could not find file 'E:\DotNetProjects\MyProger\MyProger.Micro.Identity\bin\Debug\net7.0\MyProger.Micro.Identity.xml'.
File name: 'E:\DotNetProjects\MyProger\MyProger.Micro.Identity\bin\Debug\net7.0\MyProger.Micro.Identity.xml'
   at Microsoft.Win32.SafeHandles.SafeFileHandle.CreateFile(String fullPath, FileMode mode, FileAccess access, FileShare share, FileOptions options)
   at Microsoft.Win32.SafeHandles.SafeFileHandle.Open(String fullPath, FileMode mode, FileAccess access, FileShare share, FileOptions options, Int64 preallocationSize, Nullable`1 unixCreateMode)
   at System.IO.Strategies.OSFileStreamStrategy..ctor(String path, FileMode mode, FileAccess access, FileShare share, FileOptions options, Int64 preallocationSize, Nullable`1 unixCreateMode)
   at System.IO.Strategies.FileStreamHelpers.ChooseStrategyCore(String path, FileMode mode, FileAccess access, FileShare share, FileOptions options, Int64 preallocationSize, Nullable`1 unixCreateMode)
   at System.IO.FileStream..ctor(String path, FileMode mode, FileAccess access, FileShare share, Int32 bufferSize)
   at System.Xml.XmlDownloadManager.GetStream(Uri uri, ICredentials credentials, IWebProxy proxy)
   at System.Xml.XmlTextReaderImpl.OpenUrl()
   at System.Xml.XmlTextReaderImpl.Read()
   at System.Xml.XPath.XPathDocument.LoadFromReader(XmlReader reader, XmlSpace space)
   at System.Xml.XPath.XPathDocument..ctor(String uri, XmlSpace space)
   at Microsoft.Extensions.DependencyInjection.SwaggerGenOptionsExtensions.<>c__DisplayClass32_0.<IncludeXmlComments>b__0()
   at Microsoft.Extensions.DependencyInjection.SwaggerGenOptionsExtensions.IncludeXmlComments(SwaggerGenOptions swaggerGenOptions, Func`1 xmlDocFactory, Boolean includeControllerXmlComments)
   at Microsoft.Extensions.DependencyInjection.SwaggerGenOptionsExtensions.IncludeXmlComments(SwaggerGenOptions swaggerGenOptions, String filePath, Boolean includeControllerXmlComments)
   at MyProger.Micro.Identity.Configurations.SwaggerConfiguration.<>c.<AddSwachbackleService>b__0_0(SwaggerGenOptions options) in E:\DotNetProjects\MyProger\MyProger.Micro.Identity\Configurations\SwaggerConfiguration.cs:line 42
   at Microsoft.Extensions.Options.OptionsFactory`1.Create(String name)
   at Microsoft.Extensions.Options.UnnamedOptionsManager`1.get_Value()
   at Swashbuckle.AspNetCore.SwaggerGen.ConfigureSwaggerGeneratorOptions..ctor(IOptions`1 swaggerGenOptionsAccessor, IServiceProvider serviceProvider, IWebHostEnvironment hostingEnv)
   at System.RuntimeMethodHandle.InvokeMethod(Object target, Void** arguments, Signature sig, Boolean isConstructor)
   at System.Reflection.ConstructorInvoker.Invoke(Object obj, IntPtr* args, BindingFlags invokeAttr)
   at System.Reflection.RuntimeConstructorInfo.Invoke(BindingFlags invokeAttr, Binder binder, Object[] parameters, CultureInfo culture)
   at Microsoft.Extensions.DependencyInjection.ServiceLookup.CallSiteRuntimeResolver.VisitConstructor(ConstructorCallSite constructorCallSite, RuntimeResolverContext context)
   at Microsoft.Extensions.DependencyInjection.ServiceLookup.CallSiteVisitor`2.VisitCallSiteMain(ServiceCallSite callSite, TArgument argument)
   at Microsoft.Extensions.DependencyInjection.ServiceLookup.CallSiteRuntimeResolver.VisitDisposeCache(ServiceCallSite transientCallSite, RuntimeResolverContext context)
   at Microsoft.Extensions.DependencyInjection.ServiceLookup.CallSiteVisitor`2.VisitCallSite(ServiceCallSite callSite, TArgument argument)
   at Microsoft.Extensions.DependencyInjection.ServiceLookup.CallSiteRuntimeResolver.VisitIEnumerable(IEnumerableCallSite enumerableCallSite, RuntimeResolverContext context)
   at Microsoft.Extensions.DependencyInjection.ServiceLookup.CallSiteVisitor`2.VisitCallSiteMain(ServiceCallSite callSite, TArgument argument)
   at Microsoft.Extensions.DependencyInjection.ServiceLookup.CallSiteVisitor`2.VisitCallSite(ServiceCallSite callSite, TArgument argument)
   at Microsoft.Extensions.DependencyInjection.ServiceLookup.CallSiteRuntimeResolver.VisitConstructor(ConstructorCallSite constructorCallSite, RuntimeResolverContext context)
   at Microsoft.Extensions.DependencyInjection.ServiceLookup.CallSiteVisitor`2.VisitCallSiteMain(ServiceCallSite callSite, TArgument argument)
   at Microsoft.Extensions.DependencyInjection.ServiceLookup.CallSiteRuntimeResolver.VisitDisposeCache(ServiceCallSite transientCallSite, RuntimeResolverContext context)
   at Microsoft.Extensions.DependencyInjection.ServiceLookup.CallSiteVisitor`2.VisitCallSite(ServiceCallSite callSite, TArgument argument)
   at Microsoft.Extensions.DependencyInjection.ServiceLookup.CallSiteRuntimeResolver.VisitConstructor(ConstructorCallSite constructorCallSite, RuntimeResolverContext context)
   at Microsoft.Extensions.DependencyInjection.ServiceLookup.CallSiteVisitor`2.VisitCallSiteMain(ServiceCallSite callSite, TArgument argument)
   at Microsoft.Extensions.DependencyInjection.ServiceLookup.CallSiteRuntimeResolver.VisitRootCache(ServiceCallSite callSite, RuntimeResolverContext context)
   at Microsoft.Extensions.DependencyInjection.ServiceLookup.CallSiteVisitor`2.VisitCallSite(ServiceCallSite callSite, TArgument argument)
   at Microsoft.Extensions.DependencyInjection.ServiceLookup.CallSiteRuntimeResolver.Resolve(ServiceCallSite callSite, ServiceProviderEngineScope scope)
   at Microsoft.Extensions.DependencyInjection.ServiceProvider.CreateServiceAccessor(Type serviceType)
   at System.Collections.Concurrent.ConcurrentDictionary`2.GetOrAdd(TKey key, Func`2 valueFactory)
   at Microsoft.Extensions.DependencyInjection.ServiceProvider.GetService(Type serviceType, ServiceProviderEngineScope serviceProviderEngineScope)
   at Microsoft.Extensions.DependencyInjection.ServiceProviderServiceExtensions.GetRequiredService(IServiceProvider provider, Type serviceType)
   at Microsoft.Extensions.DependencyInjection.ServiceProviderServiceExtensions.GetRequiredService[T](IServiceProvider provider)
   at Microsoft.Extensions.DependencyInjection.SwaggerGenServiceCollectionExtensions.<>c.<AddSwaggerGen>b__0_1(IServiceProvider s)
   at Microsoft.Extensions.DependencyInjection.ServiceLookup.CallSiteVisitor`2.VisitCallSiteMain(ServiceCallSite callSite, TArgument argument)
   at Microsoft.Extensions.DependencyInjection.ServiceLookup.CallSiteRuntimeResolver.VisitDisposeCache(ServiceCallSite transientCallSite, RuntimeResolverContext context)
   at Microsoft.Extensions.DependencyInjection.ServiceLookup.CallSiteVisitor`2.VisitCallSite(ServiceCallSite callSite, TArgument argument)
   at Microsoft.Extensions.DependencyInjection.ServiceLookup.CallSiteRuntimeResolver.VisitConstructor(ConstructorCallSite constructorCallSite, RuntimeResolverContext context)
   at Microsoft.Extensions.DependencyInjection.ServiceLookup.CallSiteVisitor`2.VisitCallSiteMain(ServiceCallSite callSite, TArgument argument)
   at Microsoft.Extensions.DependencyInjection.ServiceLookup.CallSiteRuntimeResolver.VisitDisposeCache(ServiceCallSite transientCallSite, RuntimeResolverContext context)
   at Microsoft.Extensions.DependencyInjection.ServiceLookup.CallSiteVisitor`2.VisitCallSite(ServiceCallSite callSite, TArgument argument)
   at Microsoft.Extensions.DependencyInjection.ServiceLookup.CallSiteRuntimeResolver.Resolve(ServiceCallSite callSite, ServiceProviderEngineScope scope)
   at Microsoft.Extensions.DependencyInjection.ServiceLookup.DynamicServiceProviderEngine.<>c__DisplayClass2_0.<RealizeService>b__0(ServiceProviderEngineScope scope)
   at Microsoft.Extensions.DependencyInjection.ServiceProvider.GetService(Type serviceType, ServiceProviderEngineScope serviceProviderEngineScope)
   at Microsoft.AspNetCore.Builder.UseMiddlewareExtensions.GetService(IServiceProvider sp, Type type, Type middleware)
   at lambda_method2(Closure, Object, HttpContext, IServiceProvider)
   at MyProger.Micro.Identity.Middlewares.SeedMiddleware.Invoke(HttpContext context, DataSeeder seeder) in E:\DotNetProjects\MyProger\MyProger.Micro.Identity\Middlewares\SeedMiddleware.cs:line 15
   at Microsoft.AspNetCore.Diagnostics.DeveloperExceptionPageMiddlewareImpl.Invoke(HttpContext context)|url: https://localhost/swagger|action: |Microsoft.AspNetCore.Diagnostics.DeveloperExceptionPageMiddlewareImpl.Invoke
2023-10-24 17:01:32.4877|0|ERROR|Microsoft.AspNetCore.Diagnostics.DeveloperExceptionPageMiddleware|An unhandled exception has occurred while executing the request. System.IO.FileNotFoundException: Could not find file 'E:\DotNetProjects\MyProger\MyProger.Micro.Identity\bin\Debug\net7.0\MyProger.Micro.Identity.xml'.
File name: 'E:\DotNetProjects\MyProger\MyProger.Micro.Identity\bin\Debug\net7.0\MyProger.Micro.Identity.xml'
   at Microsoft.Win32.SafeHandles.SafeFileHandle.CreateFile(String fullPath, FileMode mode, FileAccess access, FileShare share, FileOptions options)
   at Microsoft.Win32.SafeHandles.SafeFileHandle.Open(String fullPath, FileMode mode, FileAccess access, FileShare share, FileOptions options, Int64 preallocationSize, Nullable`1 unixCreateMode)
   at System.IO.Strategies.OSFileStreamStrategy..ctor(String path, FileMode mode, FileAccess access, FileShare share, FileOptions options, Int64 preallocationSize, Nullable`1 unixCreateMode)
   at System.IO.Strategies.FileStreamHelpers.ChooseStrategyCore(String path, FileMode mode, FileAccess access, FileShare share, FileOptions options, Int64 preallocationSize, Nullable`1 unixCreateMode)
   at System.IO.FileStream..ctor(String path, FileMode mode, FileAccess access, FileShare share, Int32 bufferSize)
   at System.Xml.XmlDownloadManager.GetStream(Uri uri, ICredentials credentials, IWebProxy proxy)
   at System.Xml.XmlTextReaderImpl.OpenUrl()
   at System.Xml.XmlTextReaderImpl.Read()
   at System.Xml.XPath.XPathDocument.LoadFromReader(XmlReader reader, XmlSpace space)
   at System.Xml.XPath.XPathDocument..ctor(String uri, XmlSpace space)
   at Microsoft.Extensions.DependencyInjection.SwaggerGenOptionsExtensions.<>c__DisplayClass32_0.<IncludeXmlComments>b__0()
   at Microsoft.Extensions.DependencyInjection.SwaggerGenOptionsExtensions.IncludeXmlComments(SwaggerGenOptions swaggerGenOptions, Func`1 xmlDocFactory, Boolean includeControllerXmlComments)
   at Microsoft.Extensions.DependencyInjection.SwaggerGenOptionsExtensions.IncludeXmlComments(SwaggerGenOptions swaggerGenOptions, String filePath, Boolean includeControllerXmlComments)
   at MyProger.Micro.Identity.Configurations.SwaggerConfiguration.<>c.<AddSwachbackleService>b__0_0(SwaggerGenOptions options) in E:\DotNetProjects\MyProger\MyProger.Micro.Identity\Configurations\SwaggerConfiguration.cs:line 42
   at Microsoft.Extensions.Options.OptionsFactory`1.Create(String name)
   at Microsoft.Extensions.Options.UnnamedOptionsManager`1.get_Value()
   at Swashbuckle.AspNetCore.SwaggerGen.ConfigureSwaggerGeneratorOptions..ctor(IOptions`1 swaggerGenOptionsAccessor, IServiceProvider serviceProvider, IWebHostEnvironment hostingEnv)
   at InvokeStub_ConfigureSwaggerGeneratorOptions..ctor(Object, Object, IntPtr*)
   at System.Reflection.ConstructorInvoker.Invoke(Object obj, IntPtr* args, BindingFlags invokeAttr)
   at System.Reflection.RuntimeConstructorInfo.Invoke(BindingFlags invokeAttr, Binder binder, Object[] parameters, CultureInfo culture)
   at Microsoft.Extensions.DependencyInjection.ServiceLookup.CallSiteRuntimeResolver.VisitConstructor(ConstructorCallSite constructorCallSite, RuntimeResolverContext context)
   at Microsoft.Extensions.DependencyInjection.ServiceLookup.CallSiteVisitor`2.VisitCallSiteMain(ServiceCallSite callSite, TArgument argument)
   at Microsoft.Extensions.DependencyInjection.ServiceLookup.CallSiteRuntimeResolver.VisitDisposeCache(ServiceCallSite transientCallSite, RuntimeResolverContext context)
   at Microsoft.Extensions.DependencyInjection.ServiceLookup.CallSiteVisitor`2.VisitCallSite(ServiceCallSite callSite, TArgument argument)
   at Microsoft.Extensions.DependencyInjection.ServiceLookup.CallSiteRuntimeResolver.VisitIEnumerable(IEnumerableCallSite enumerableCallSite, RuntimeResolverContext context)
   at Microsoft.Extensions.DependencyInjection.ServiceLookup.CallSiteVisitor`2.VisitCallSiteMain(ServiceCallSite callSite, TArgument argument)
   at Microsoft.Extensions.DependencyInjection.ServiceLookup.CallSiteVisitor`2.VisitCallSite(ServiceCallSite callSite, TArgument argument)
   at Microsoft.Extensions.DependencyInjection.ServiceLookup.CallSiteRuntimeResolver.VisitConstructor(ConstructorCallSite constructorCallSite, RuntimeResolverContext context)
   at Microsoft.Extensions.DependencyInjection.ServiceLookup.CallSiteVisitor`2.VisitCallSiteMain(ServiceCallSite callSite, TArgument argument)
   at Microsoft.Extensions.DependencyInjection.ServiceLookup.CallSiteRuntimeResolver.VisitDisposeCache(ServiceCallSite transientCallSite, RuntimeResolverContext context)
   at Microsoft.Extensions.DependencyInjection.ServiceLookup.CallSiteVisitor`2.VisitCallSite(ServiceCallSite callSite, TArgument argument)
   at Microsoft.Extensions.DependencyInjection.ServiceLookup.CallSiteRuntimeResolver.VisitConstructor(ConstructorCallSite constructorCallSite, RuntimeResolverContext context)
   at Microsoft.Extensions.DependencyInjection.ServiceLookup.CallSiteVisitor`2.VisitCallSiteMain(ServiceCallSite callSite, TArgument argument)
   at Microsoft.Extensions.DependencyInjection.ServiceLookup.CallSiteRuntimeResolver.VisitRootCache(ServiceCallSite callSite, RuntimeResolverContext context)
   at Microsoft.Extensions.DependencyInjection.ServiceLookup.CallSiteVisitor`2.VisitCallSite(ServiceCallSite callSite, TArgument argument)
   at Microsoft.Extensions.DependencyInjection.ServiceLookup.CallSiteRuntimeResolver.Resolve(ServiceCallSite callSite, ServiceProviderEngineScope scope)
   at Microsoft.Extensions.DependencyInjection.ServiceProvider.CreateServiceAccessor(Type serviceType)
   at System.Collections.Concurrent.ConcurrentDictionary`2.GetOrAdd(TKey key, Func`2 valueFactory)
   at Microsoft.Extensions.DependencyInjection.ServiceProvider.GetService(Type serviceType, ServiceProviderEngineScope serviceProviderEngineScope)
   at Microsoft.Extensions.DependencyInjection.ServiceProviderServiceExtensions.GetRequiredService(IServiceProvider provider, Type serviceType)
   at Microsoft.Extensions.DependencyInjection.ServiceProviderServiceExtensions.GetRequiredService[T](IServiceProvider provider)
   at Microsoft.Extensions.DependencyInjection.SwaggerGenServiceCollectionExtensions.<>c.<AddSwaggerGen>b__0_1(IServiceProvider s)
   at Microsoft.Extensions.DependencyInjection.ServiceLookup.CallSiteVisitor`2.VisitCallSiteMain(ServiceCallSite callSite, TArgument argument)
   at Microsoft.Extensions.DependencyInjection.ServiceLookup.CallSiteRuntimeResolver.VisitDisposeCache(ServiceCallSite transientCallSite, RuntimeResolverContext context)
   at Microsoft.Extensions.DependencyInjection.ServiceLookup.CallSiteVisitor`2.VisitCallSite(ServiceCallSite callSite, TArgument argument)
   at Microsoft.Extensions.DependencyInjection.ServiceLookup.CallSiteRuntimeResolver.VisitConstructor(ConstructorCallSite constructorCallSite, RuntimeResolverContext context)
   at Microsoft.Extensions.DependencyInjection.ServiceLookup.CallSiteVisitor`2.VisitCallSiteMain(ServiceCallSite callSite, TArgument argument)
   at Microsoft.Extensions.DependencyInjection.ServiceLookup.CallSiteRuntimeResolver.VisitDisposeCache(ServiceCallSite transientCallSite, RuntimeResolverContext context)
   at Microsoft.Extensions.DependencyInjection.ServiceLookup.CallSiteVisitor`2.VisitCallSite(ServiceCallSite callSite, TArgument argument)
   at Microsoft.Extensions.DependencyInjection.ServiceLookup.CallSiteRuntimeResolver.Resolve(ServiceCallSite callSite, ServiceProviderEngineScope scope)
   at Microsoft.Extensions.DependencyInjection.ServiceLookup.DynamicServiceProviderEngine.<>c__DisplayClass2_0.<RealizeService>b__0(ServiceProviderEngineScope scope)
   at Microsoft.Extensions.DependencyInjection.ServiceProvider.GetService(Type serviceType, ServiceProviderEngineScope serviceProviderEngineScope)
   at Microsoft.AspNetCore.Builder.UseMiddlewareExtensions.GetService(IServiceProvider sp, Type type, Type middleware)
   at lambda_method2(Closure, Object, HttpContext, IServiceProvider)
   at MyProger.Micro.Identity.Middlewares.SeedMiddleware.Invoke(HttpContext context, DataSeeder seeder) in E:\DotNetProjects\MyProger\MyProger.Micro.Identity\Middlewares\SeedMiddleware.cs:line 15
   at Microsoft.AspNetCore.Diagnostics.DeveloperExceptionPageMiddlewareImpl.Invoke(HttpContext context)|url: https://localhost/favicon.ico|action: |Microsoft.AspNetCore.Diagnostics.DeveloperExceptionPageMiddlewareImpl.Invoke
2023-10-24 17:03:00.5814|0|INFO|Microsoft.Hosting.Lifetime|Now listening on: https://localhost:7124 |url: |action: |Microsoft.AspNetCore.Hosting.GenericWebHostService.StartAsync
2023-10-24 17:03:00.5968|0|INFO|Microsoft.Hosting.Lifetime|Now listening on: http://localhost:5294 |url: |action: |Microsoft.AspNetCore.Hosting.GenericWebHostService.StartAsync
2023-10-24 17:03:00.5968|0|INFO|Microsoft.Hosting.Lifetime|Application started. Press Ctrl+C to shut down. |url: |action: |Microsoft.Extensions.Hosting.Internal.ConsoleLifetime.OnApplicationStarted
2023-10-24 17:03:00.5968|0|INFO|Microsoft.Hosting.Lifetime|Hosting environment: Development |url: |action: |Microsoft.Extensions.Hosting.Internal.ConsoleLifetime.OnApplicationStarted
2023-10-24 17:03:00.5968|0|INFO|Microsoft.Hosting.Lifetime|Content root path: E:\DotNetProjects\MyProger\MyProger.Micro.Identity |url: |action: |Microsoft.Extensions.Hosting.Internal.ApplicationLifetime.NotifyStarted
2023-10-24 17:04:05.2946|0|INFO|MyProger.Micro.Identity.Commands.Register.RegisterCommandHandler|Request for login an account - Lavenka Lavenkach |url: https://localhost/api/v1/identity/register-user|action: Register|MyProger.Micro.Identity.Commands.Register.RegisterCommandHandler.Handle
2023-10-24 17:04:16.0111|0|INFO|MyProger.Micro.Identity.Commands.Login.LoginCommandHandler|Request for login an account - Lavenka |url: https://localhost/api/v1/identity/register-user|action: Register|MyProger.Micro.Identity.Commands.Login.LoginCommandHandler.Handle
2023-10-24 17:04:16.2107|0|ERROR|MyProger.Micro.Identity.Commands.Login.LoginCommandHandler|[LoginCommandHandler]: IDX10720: Unable to create KeyedHashAlgorithm for algorithm 'HS256', the key size must be greater than: '256' bits, key has '144' bits. (Parameter 'keyBytes') System.ArgumentOutOfRangeException: IDX10720: Unable to create KeyedHashAlgorithm for algorithm 'HS256', the key size must be greater than: '256' bits, key has '144' bits. (Parameter 'keyBytes')
   at Microsoft.IdentityModel.Tokens.CryptoProviderFactory.ValidateKeySize(Byte[] keyBytes, String algorithm, Int32 expectedNumberOfBytes)
   at Microsoft.IdentityModel.Tokens.CryptoProviderFactory.CreateKeyedHashAlgorithm(Byte[] keyBytes, String algorithm)
   at Microsoft.IdentityModel.Tokens.SymmetricSignatureProvider.CreateKeyedHashAlgorithm()
   at Microsoft.IdentityModel.Tokens.DisposableObjectPool`1.CreateInstance()
   at Microsoft.IdentityModel.Tokens.DisposableObjectPool`1.Allocate()
   at Microsoft.IdentityModel.Tokens.SymmetricSignatureProvider.GetKeyedHashAlgorithm(Byte[] keyBytes, String algorithm)
   at Microsoft.IdentityModel.Tokens.SymmetricSignatureProvider.Sign(Byte[] input)
   at Microsoft.IdentityModel.JsonWebTokens.JwtTokenUtilities.CreateEncodedSignature(String input, SigningCredentials signingCredentials)
   at System.IdentityModel.Tokens.Jwt.JwtSecurityTokenHandler.WriteToken(SecurityToken token)
   at MyProger.Micro.Identity.Extensions.JwtExtensions.GenerateAccessToken(AppUser user, JwtOptions jwtOptions) in E:\DotNetProjects\MyProger\MyProger.Micro.Identity\Extensions\JwtExtensions.cs:line 51
   at MyProger.Micro.Identity.Commands.Login.LoginCommandHandler.Handle(LoginCommand request, CancellationToken cancellationToken) in E:\DotNetProjects\MyProger\MyProger.Micro.Identity\Commands\Login\LoginCommandHandler.cs:line 72|url: https://localhost/api/v1/identity/register-user|action: Register|MyProger.Micro.Identity.Commands.Login.LoginCommandHandler.Handle
2023-10-24 17:04:36.5575|0|ERROR|MyProger.Micro.Identity.Commands.Register.RegisterCommandHandler|[RegisterCommandHandler]: IDX10720: Unable to create KeyedHashAlgorithm for algorithm 'HS256', the key size must be greater than: '256' bits, key has '144' bits. (Parameter 'keyBytes') System.Security.Authentication.AuthenticationException: IDX10720: Unable to create KeyedHashAlgorithm for algorithm 'HS256', the key size must be greater than: '256' bits, key has '144' bits. (Parameter 'keyBytes')
   at MyProger.Micro.Identity.Commands.Login.LoginCommandHandler.Handle(LoginCommand request, CancellationToken cancellationToken) in E:\DotNetProjects\MyProger\MyProger.Micro.Identity\Commands\Login\LoginCommandHandler.cs:line 85
   at MyProger.Micro.Identity.Commands.Register.RegisterCommandHandler.Handle(RegisterCommand request, CancellationToken cancellationToken) in E:\DotNetProjects\MyProger\MyProger.Micro.Identity\Commands\Register\RegisterCommandHandler.cs:line 85|url: https://localhost/api/v1/identity/register-user|action: Register|MyProger.Micro.Identity.Commands.Register.RegisterCommandHandler.Handle
2023-10-24 17:04:37.3506|0|ERROR|Microsoft.AspNetCore.Diagnostics.DeveloperExceptionPageMiddleware|An unhandled exception has occurred while executing the request. System.Security.Authentication.AuthenticationException: IDX10720: Unable to create KeyedHashAlgorithm for algorithm 'HS256', the key size must be greater than: '256' bits, key has '144' bits. (Parameter 'keyBytes')
   at MyProger.Micro.Identity.Commands.Register.RegisterCommandHandler.Handle(RegisterCommand request, CancellationToken cancellationToken) in E:\DotNetProjects\MyProger\MyProger.Micro.Identity\Commands\Register\RegisterCommandHandler.cs:line 107
   at MyProger.Micro.Identity.Controllers.IdentityController.Register(RegisterCommand request) in E:\DotNetProjects\MyProger\MyProger.Micro.Identity\Controllers\IdentityController.cs:line 50
   at Microsoft.AspNetCore.Mvc.Infrastructure.ActionMethodExecutor.TaskOfIActionResultExecutor.Execute(ActionContext actionContext, IActionResultTypeMapper mapper, ObjectMethodExecutor executor, Object controller, Object[] arguments)
   at Microsoft.AspNetCore.Mvc.Infrastructure.ControllerActionInvoker.<InvokeActionMethodAsync>g__Logged|12_1(ControllerActionInvoker invoker)
   at Microsoft.AspNetCore.Mvc.Infrastructure.ControllerActionInvoker.<InvokeNextActionFilterAsync>g__Awaited|10_0(ControllerActionInvoker invoker, Task lastTask, State next, Scope scope, Object state, Boolean isCompleted)
   at Microsoft.AspNetCore.Mvc.Infrastructure.ControllerActionInvoker.Rethrow(ActionExecutedContextSealed context)
   at Microsoft.AspNetCore.Mvc.Infrastructure.ControllerActionInvoker.Next(State& next, Scope& scope, Object& state, Boolean& isCompleted)
   at Microsoft.AspNetCore.Mvc.Infrastructure.ControllerActionInvoker.<InvokeInnerFilterAsync>g__Awaited|13_0(ControllerActionInvoker invoker, Task lastTask, State next, Scope scope, Object state, Boolean isCompleted)
   at Microsoft.AspNetCore.Mvc.Infrastructure.ResourceInvoker.<InvokeFilterPipelineAsync>g__Awaited|20_0(ResourceInvoker invoker, Task lastTask, State next, Scope scope, Object state, Boolean isCompleted)
   at Microsoft.AspNetCore.Mvc.Infrastructure.ResourceInvoker.<InvokeAsync>g__Logged|17_1(ResourceInvoker invoker)
   at Microsoft.AspNetCore.Mvc.Infrastructure.ResourceInvoker.<InvokeAsync>g__Logged|17_1(ResourceInvoker invoker)
   at Microsoft.AspNetCore.Routing.EndpointMiddleware.<Invoke>g__AwaitRequestTask|6_0(Endpoint endpoint, Task requestTask, ILogger logger)
   at Microsoft.AspNetCore.Authorization.AuthorizationMiddleware.Invoke(HttpContext context)
   at Microsoft.AspNetCore.Authentication.AuthenticationMiddleware.Invoke(HttpContext context)
   at Swashbuckle.AspNetCore.SwaggerUI.SwaggerUIMiddleware.Invoke(HttpContext httpContext)
   at Swashbuckle.AspNetCore.Swagger.SwaggerMiddleware.Invoke(HttpContext httpContext, ISwaggerProvider swaggerProvider)
   at Swashbuckle.AspNetCore.SwaggerUI.SwaggerUIMiddleware.Invoke(HttpContext httpContext)
   at Swashbuckle.AspNetCore.Swagger.SwaggerMiddleware.Invoke(HttpContext httpContext, ISwaggerProvider swaggerProvider)
   at MyProger.Micro.Identity.Middlewares.SeedMiddleware.Invoke(HttpContext context, DataSeeder seeder) in E:\DotNetProjects\MyProger\MyProger.Micro.Identity\Middlewares\SeedMiddleware.cs:line 15
   at Microsoft.AspNetCore.Diagnostics.DeveloperExceptionPageMiddlewareImpl.Invoke(HttpContext context)|url: https://localhost/api/v1/identity/register-user|action: Register|Microsoft.AspNetCore.Diagnostics.DeveloperExceptionPageMiddlewareImpl.Invoke
2023-10-24 17:04:55.0846|0|INFO|MyProger.Micro.Identity.Commands.Register.RegisterCommandHandler|Request for login an account - Lavenka Lavenkach |url: https://localhost/api/v1/identity/register-user|action: Register|MyProger.Micro.Identity.Commands.Register.RegisterCommandHandler.Handle
2023-10-24 17:05:00.8700|0|WARN|MyProger.Micro.Identity.Commands.Register.RegisterCommandHandler|User with the same name already taken |url: https://localhost/api/v1/identity/register-user|action: Register|MyProger.Micro.Identity.Commands.Register.RegisterCommandHandler.Handle
2023-10-24 17:05:02.0539|0|ERROR|MyProger.Micro.Identity.Commands.Register.RegisterCommandHandler|[RegisterCommandHandler]: Entity "user" (User with the same name) not found. DotNetLearning.Core.Exception.NotFoundException: Entity "user" (User with the same name) not found.
   at MyProger.Micro.Identity.Commands.Register.RegisterCommandHandler.Handle(RegisterCommand request, CancellationToken cancellationToken) in E:\DotNetProjects\MyProger\MyProger.Micro.Identity\Commands\Register\RegisterCommandHandler.cs:line 64|url: https://localhost/api/v1/identity/register-user|action: Register|MyProger.Micro.Identity.Commands.Register.RegisterCommandHandler.Handle
2023-10-24 17:05:02.5835|0|ERROR|Microsoft.AspNetCore.Diagnostics.DeveloperExceptionPageMiddleware|An unhandled exception has occurred while executing the request. System.Security.Authentication.AuthenticationException: Entity "user" (User with the same name) not found.
   at MyProger.Micro.Identity.Commands.Register.RegisterCommandHandler.Handle(RegisterCommand request, CancellationToken cancellationToken) in E:\DotNetProjects\MyProger\MyProger.Micro.Identity\Commands\Register\RegisterCommandHandler.cs:line 107
   at MyProger.Micro.Identity.Controllers.IdentityController.Register(RegisterCommand request) in E:\DotNetProjects\MyProger\MyProger.Micro.Identity\Controllers\IdentityController.cs:line 50
   at Microsoft.AspNetCore.Mvc.Infrastructure.ActionMethodExecutor.TaskOfIActionResultExecutor.Execute(ActionContext actionContext, IActionResultTypeMapper mapper, ObjectMethodExecutor executor, Object controller, Object[] arguments)
   at Microsoft.AspNetCore.Mvc.Infrastructure.ControllerActionInvoker.<InvokeActionMethodAsync>g__Logged|12_1(ControllerActionInvoker invoker)
   at Microsoft.AspNetCore.Mvc.Infrastructure.ControllerActionInvoker.<InvokeNextActionFilterAsync>g__Awaited|10_0(ControllerActionInvoker invoker, Task lastTask, State next, Scope scope, Object state, Boolean isCompleted)
   at Microsoft.AspNetCore.Mvc.Infrastructure.ControllerActionInvoker.Rethrow(ActionExecutedContextSealed context)
   at Microsoft.AspNetCore.Mvc.Infrastructure.ControllerActionInvoker.Next(State& next, Scope& scope, Object& state, Boolean& isCompleted)
   at Microsoft.AspNetCore.Mvc.Infrastructure.ControllerActionInvoker.<InvokeInnerFilterAsync>g__Awaited|13_0(ControllerActionInvoker invoker, Task lastTask, State next, Scope scope, Object state, Boolean isCompleted)
   at Microsoft.AspNetCore.Mvc.Infrastructure.ResourceInvoker.<InvokeFilterPipelineAsync>g__Awaited|20_0(ResourceInvoker invoker, Task lastTask, State next, Scope scope, Object state, Boolean isCompleted)
   at Microsoft.AspNetCore.Mvc.Infrastructure.ResourceInvoker.<InvokeAsync>g__Logged|17_1(ResourceInvoker invoker)
   at Microsoft.AspNetCore.Mvc.Infrastructure.ResourceInvoker.<InvokeAsync>g__Logged|17_1(ResourceInvoker invoker)
   at Microsoft.AspNetCore.Routing.EndpointMiddleware.<Invoke>g__AwaitRequestTask|6_0(Endpoint endpoint, Task requestTask, ILogger logger)
   at Microsoft.AspNetCore.Authorization.AuthorizationMiddleware.Invoke(HttpContext context)
   at Microsoft.AspNetCore.Authentication.AuthenticationMiddleware.Invoke(HttpContext context)
   at Swashbuckle.AspNetCore.SwaggerUI.SwaggerUIMiddleware.Invoke(HttpContext httpContext)
   at Swashbuckle.AspNetCore.Swagger.SwaggerMiddleware.Invoke(HttpContext httpContext, ISwaggerProvider swaggerProvider)
   at Swashbuckle.AspNetCore.SwaggerUI.SwaggerUIMiddleware.Invoke(HttpContext httpContext)
   at Swashbuckle.AspNetCore.Swagger.SwaggerMiddleware.Invoke(HttpContext httpContext, ISwaggerProvider swaggerProvider)
   at MyProger.Micro.Identity.Middlewares.SeedMiddleware.Invoke(HttpContext context, DataSeeder seeder) in E:\DotNetProjects\MyProger\MyProger.Micro.Identity\Middlewares\SeedMiddleware.cs:line 15
   at Microsoft.AspNetCore.Diagnostics.DeveloperExceptionPageMiddlewareImpl.Invoke(HttpContext context)|url: https://localhost/api/v1/identity/register-user|action: Register|Microsoft.AspNetCore.Diagnostics.DeveloperExceptionPageMiddlewareImpl.Invoke
2023-10-24 17:05:18.3281|0|INFO|MyProger.Micro.Identity.Commands.Register.RegisterCommandHandler|Request for login an account - Lavenkas Lavenkach |url: https://localhost/api/v1/identity/register-user|action: Register|MyProger.Micro.Identity.Commands.Register.RegisterCommandHandler.Handle
2023-10-24 17:05:30.2116|0|INFO|MyProger.Micro.Identity.Commands.Login.LoginCommandHandler|Request for login an account - Lavenkas |url: https://localhost/api/v1/identity/register-user|action: Register|MyProger.Micro.Identity.Commands.Login.LoginCommandHandler.Handle
2023-10-24 17:05:30.3625|0|ERROR|MyProger.Micro.Identity.Commands.Login.LoginCommandHandler|[LoginCommandHandler]: IDX10720: Unable to create KeyedHashAlgorithm for algorithm 'HS256', the key size must be greater than: '256' bits, key has '144' bits. (Parameter 'keyBytes') System.ArgumentOutOfRangeException: IDX10720: Unable to create KeyedHashAlgorithm for algorithm 'HS256', the key size must be greater than: '256' bits, key has '144' bits. (Parameter 'keyBytes')
   at Microsoft.IdentityModel.Tokens.CryptoProviderFactory.ValidateKeySize(Byte[] keyBytes, String algorithm, Int32 expectedNumberOfBytes)
   at Microsoft.IdentityModel.Tokens.CryptoProviderFactory.CreateKeyedHashAlgorithm(Byte[] keyBytes, String algorithm)
   at Microsoft.IdentityModel.Tokens.SymmetricSignatureProvider.CreateKeyedHashAlgorithm()
   at Microsoft.IdentityModel.Tokens.DisposableObjectPool`1.CreateInstance()
   at Microsoft.IdentityModel.Tokens.DisposableObjectPool`1.Allocate()
   at Microsoft.IdentityModel.Tokens.SymmetricSignatureProvider.GetKeyedHashAlgorithm(Byte[] keyBytes, String algorithm)
   at Microsoft.IdentityModel.Tokens.SymmetricSignatureProvider.Sign(Byte[] input)
   at Microsoft.IdentityModel.JsonWebTokens.JwtTokenUtilities.CreateEncodedSignature(String input, SigningCredentials signingCredentials)
   at System.IdentityModel.Tokens.Jwt.JwtSecurityTokenHandler.WriteToken(SecurityToken token)
   at MyProger.Micro.Identity.Extensions.JwtExtensions.GenerateAccessToken(AppUser user, JwtOptions jwtOptions) in E:\DotNetProjects\MyProger\MyProger.Micro.Identity\Extensions\JwtExtensions.cs:line 51
   at MyProger.Micro.Identity.Commands.Login.LoginCommandHandler.Handle(LoginCommand request, CancellationToken cancellationToken) in E:\DotNetProjects\MyProger\MyProger.Micro.Identity\Commands\Login\LoginCommandHandler.cs:line 72|url: https://localhost/api/v1/identity/register-user|action: Register|MyProger.Micro.Identity.Commands.Login.LoginCommandHandler.Handle
2023-10-24 17:05:44.8422|0|INFO|Microsoft.Hosting.Lifetime|Now listening on: https://localhost:7124 |url: |action: |Microsoft.AspNetCore.Hosting.GenericWebHostService.StartAsync
2023-10-24 17:05:44.8575|0|INFO|Microsoft.Hosting.Lifetime|Now listening on: http://localhost:5294 |url: |action: |Microsoft.AspNetCore.Hosting.GenericWebHostService.StartAsync
2023-10-24 17:05:44.8575|0|INFO|Microsoft.Hosting.Lifetime|Application started. Press Ctrl+C to shut down. |url: |action: |Microsoft.Extensions.Hosting.Internal.ConsoleLifetime.OnApplicationStarted
2023-10-24 17:05:44.8575|0|INFO|Microsoft.Hosting.Lifetime|Hosting environment: Development |url: |action: |Microsoft.Extensions.Hosting.Internal.ConsoleLifetime.OnApplicationStarted
2023-10-24 17:05:44.8575|0|INFO|Microsoft.Hosting.Lifetime|Content root path: E:\DotNetProjects\MyProger\MyProger.Micro.Identity |url: |action: |Microsoft.Extensions.Hosting.Internal.ApplicationLifetime.NotifyStarted
2023-10-24 17:06:03.4210|0|INFO|MyProger.Micro.Identity.Commands.Register.RegisterCommandHandler|Request for login an account - Lavenkass Lavenkach |url: https://localhost/api/v1/identity/register-user|action: Register|MyProger.Micro.Identity.Commands.Register.RegisterCommandHandler.Handle
2023-10-24 17:06:10.1048|0|INFO|MyProger.Micro.Identity.Commands.Login.LoginCommandHandler|Request for login an account - Lavenkass |url: https://localhost/api/v1/identity/register-user|action: Register|MyProger.Micro.Identity.Commands.Login.LoginCommandHandler.Handle
2023-10-24 17:08:38.2882|0|INFO|Microsoft.Hosting.Lifetime|Now listening on: https://localhost:7124 |url: |action: |Microsoft.AspNetCore.Hosting.GenericWebHostService.StartAsync
2023-10-24 17:08:38.3055|0|INFO|Microsoft.Hosting.Lifetime|Now listening on: http://localhost:5294 |url: |action: |Microsoft.AspNetCore.Hosting.GenericWebHostService.StartAsync
2023-10-24 17:08:38.3055|0|INFO|Microsoft.Hosting.Lifetime|Application started. Press Ctrl+C to shut down. |url: |action: |Microsoft.Extensions.Hosting.Internal.ConsoleLifetime.OnApplicationStarted
2023-10-24 17:08:38.3055|0|INFO|Microsoft.Hosting.Lifetime|Hosting environment: Development |url: |action: |Microsoft.Extensions.Hosting.Internal.ConsoleLifetime.OnApplicationStarted
2023-10-24 17:08:38.3055|0|INFO|Microsoft.Hosting.Lifetime|Content root path: E:\DotNetProjects\MyProger\MyProger.Micro.Identity |url: |action: |Microsoft.Extensions.Hosting.Internal.ApplicationLifetime.NotifyStarted
2023-10-24 17:08:53.8222|0|INFO|MyProger.Micro.Identity.Commands.Register.RegisterCommandHandler|Request for login an account - Lavenkaс Lavenkach |url: https://localhost/api/v1/identity/register-user|action: Register|MyProger.Micro.Identity.Commands.Register.RegisterCommandHandler.Handle
2023-10-24 17:11:30.0853|0|INFO|Microsoft.Hosting.Lifetime|Now listening on: https://localhost:7124 |url: |action: |Microsoft.AspNetCore.Hosting.GenericWebHostService.StartAsync
2023-10-24 17:11:30.1030|0|INFO|Microsoft.Hosting.Lifetime|Now listening on: http://localhost:5294 |url: |action: |Microsoft.AspNetCore.Hosting.GenericWebHostService.StartAsync
2023-10-24 17:11:30.1030|0|INFO|Microsoft.Hosting.Lifetime|Application started. Press Ctrl+C to shut down. |url: |action: |Microsoft.Extensions.Hosting.Internal.ConsoleLifetime.OnApplicationStarted
2023-10-24 17:11:30.1030|0|INFO|Microsoft.Hosting.Lifetime|Hosting environment: Development |url: |action: |Microsoft.Extensions.Hosting.Internal.ConsoleLifetime.OnApplicationStarted
2023-10-24 17:11:30.1030|0|INFO|Microsoft.Hosting.Lifetime|Content root path: E:\DotNetProjects\MyProger\MyProger.Micro.Identity |url: |action: |Microsoft.Extensions.Hosting.Internal.ApplicationLifetime.NotifyStarted
2023-10-24 17:11:42.8875|0|INFO|MyProger.Micro.Identity.Commands.Register.RegisterCommandHandler|Request for login an account - Lavenkaсc Lavenkach |url: https://localhost/api/v1/identity/register-user|action: Register|MyProger.Micro.Identity.Commands.Register.RegisterCommandHandler.Handle
2023-10-24 17:13:58.7837|0|INFO|Microsoft.Hosting.Lifetime|Now listening on: https://localhost:7124 |url: |action: |Microsoft.AspNetCore.Hosting.GenericWebHostService.StartAsync
2023-10-24 17:13:58.8026|0|INFO|Microsoft.Hosting.Lifetime|Now listening on: http://localhost:5294 |url: |action: |Microsoft.AspNetCore.Hosting.GenericWebHostService.StartAsync
2023-10-24 17:13:58.8026|0|INFO|Microsoft.Hosting.Lifetime|Application started. Press Ctrl+C to shut down. |url: |action: |Microsoft.Extensions.Hosting.Internal.ConsoleLifetime.OnApplicationStarted
2023-10-24 17:13:58.8026|0|INFO|Microsoft.Hosting.Lifetime|Hosting environment: Development |url: |action: |Microsoft.Extensions.Hosting.Internal.ConsoleLifetime.OnApplicationStarted
2023-10-24 17:13:58.8026|0|INFO|Microsoft.Hosting.Lifetime|Content root path: E:\DotNetProjects\MyProger\MyProger.Micro.Identity |url: |action: |Microsoft.Extensions.Hosting.Internal.ApplicationLifetime.NotifyStarted
2023-10-24 17:14:46.6387|0|INFO|MyProger.Micro.Identity.Commands.Register.RegisterCommandHandler|Request for login an account - Lavenkaсs Lavenkach |url: https://localhost/api/v1/identity/register-user|action: Register|MyProger.Micro.Identity.Commands.Register.RegisterCommandHandler.Handle
2023-10-24 17:16:20.0033|0|INFO|Microsoft.Hosting.Lifetime|Now listening on: https://localhost:7124 |url: |action: |Microsoft.AspNetCore.Hosting.GenericWebHostService.StartAsync
2023-10-24 17:16:20.0196|0|INFO|Microsoft.Hosting.Lifetime|Now listening on: http://localhost:5294 |url: |action: |Microsoft.AspNetCore.Hosting.GenericWebHostService.StartAsync
2023-10-24 17:16:20.0196|0|INFO|Microsoft.Hosting.Lifetime|Application started. Press Ctrl+C to shut down. |url: |action: |Microsoft.Extensions.Hosting.Internal.ConsoleLifetime.OnApplicationStarted
2023-10-24 17:16:20.0196|0|INFO|Microsoft.Hosting.Lifetime|Hosting environment: Development |url: |action: |Microsoft.Extensions.Hosting.Internal.ConsoleLifetime.OnApplicationStarted
2023-10-24 17:16:20.0196|0|INFO|Microsoft.Hosting.Lifetime|Content root path: E:\DotNetProjects\MyProger\MyProger.Micro.Identity |url: |action: |Microsoft.Extensions.Hosting.Internal.ApplicationLifetime.NotifyStarted
2023-10-24 17:16:42.1330|0|INFO|MyProger.Micro.Identity.Commands.Register.RegisterCommandHandler|Request for login an account - Lavenka1 Lavenkach |url: https://localhost/api/v1/identity/register-user|action: Register|MyProger.Micro.Identity.Commands.Register.RegisterCommandHandler.Handle
2023-10-24 17:16:56.6070|0|INFO|MyProger.Micro.Identity.Commands.Login.LoginCommandHandler|Request for login an account - Lavenka1 |url: https://localhost/api/v1/identity/register-user|action: Register|MyProger.Micro.Identity.Commands.Login.LoginCommandHandler.Handle
2023-10-24 17:17:50.0608|0|ERROR|MyProger.Micro.Identity.Commands.Login.LoginCommandHandler|[LoginCommandHandler]: IDX10720: Unable to create KeyedHashAlgorithm for algorithm 'HS256', the key size must be greater than: '256' bits, key has '144' bits. (Parameter 'keyBytes') System.ArgumentOutOfRangeException: IDX10720: Unable to create KeyedHashAlgorithm for algorithm 'HS256', the key size must be greater than: '256' bits, key has '144' bits. (Parameter 'keyBytes')
   at Microsoft.IdentityModel.Tokens.CryptoProviderFactory.ValidateKeySize(Byte[] keyBytes, String algorithm, Int32 expectedNumberOfBytes)
   at Microsoft.IdentityModel.Tokens.CryptoProviderFactory.CreateKeyedHashAlgorithm(Byte[] keyBytes, String algorithm)
   at Microsoft.IdentityModel.Tokens.SymmetricSignatureProvider.CreateKeyedHashAlgorithm()
   at Microsoft.IdentityModel.Tokens.DisposableObjectPool`1.CreateInstance()
   at Microsoft.IdentityModel.Tokens.DisposableObjectPool`1.Allocate()
   at Microsoft.IdentityModel.Tokens.SymmetricSignatureProvider.GetKeyedHashAlgorithm(Byte[] keyBytes, String algorithm)
   at Microsoft.IdentityModel.Tokens.SymmetricSignatureProvider.Sign(Byte[] input)
   at Microsoft.IdentityModel.JsonWebTokens.JwtTokenUtilities.CreateEncodedSignature(String input, SigningCredentials signingCredentials)
   at System.IdentityModel.Tokens.Jwt.JwtSecurityTokenHandler.WriteToken(SecurityToken token)
   at MyProger.Micro.Identity.Extensions.JwtExtensions.GenerateAccessToken(AppUser user, JwtOptions jwtOptions) in E:\DotNetProjects\MyProger\MyProger.Micro.Identity\Extensions\JwtExtensions.cs:line 51
   at MyProger.Micro.Identity.Commands.Login.LoginCommandHandler.Handle(LoginCommand request, CancellationToken cancellationToken) in E:\DotNetProjects\MyProger\MyProger.Micro.Identity\Commands\Login\LoginCommandHandler.cs:line 72|url: https://localhost/api/v1/identity/register-user|action: Register|MyProger.Micro.Identity.Commands.Login.LoginCommandHandler.Handle
2023-10-24 17:17:50.8993|0|ERROR|MyProger.Micro.Identity.Commands.Register.RegisterCommandHandler|[RegisterCommandHandler]: IDX10720: Unable to create KeyedHashAlgorithm for algorithm 'HS256', the key size must be greater than: '256' bits, key has '144' bits. (Parameter 'keyBytes') System.Security.Authentication.AuthenticationException: IDX10720: Unable to create KeyedHashAlgorithm for algorithm 'HS256', the key size must be greater than: '256' bits, key has '144' bits. (Parameter 'keyBytes')
   at MyProger.Micro.Identity.Commands.Login.LoginCommandHandler.Handle(LoginCommand request, CancellationToken cancellationToken) in E:\DotNetProjects\MyProger\MyProger.Micro.Identity\Commands\Login\LoginCommandHandler.cs:line 85
   at MyProger.Micro.Identity.Commands.Register.RegisterCommandHandler.Handle(RegisterCommand request, CancellationToken cancellationToken) in E:\DotNetProjects\MyProger\MyProger.Micro.Identity\Commands\Register\RegisterCommandHandler.cs:line 85|url: https://localhost/api/v1/identity/register-user|action: Register|MyProger.Micro.Identity.Commands.Register.RegisterCommandHandler.Handle
2023-10-24 17:17:50.9998|0|ERROR|Microsoft.AspNetCore.Diagnostics.DeveloperExceptionPageMiddleware|An unhandled exception has occurred while executing the request. System.Security.Authentication.AuthenticationException: IDX10720: Unable to create KeyedHashAlgorithm for algorithm 'HS256', the key size must be greater than: '256' bits, key has '144' bits. (Parameter 'keyBytes')
   at MyProger.Micro.Identity.Commands.Register.RegisterCommandHandler.Handle(RegisterCommand request, CancellationToken cancellationToken) in E:\DotNetProjects\MyProger\MyProger.Micro.Identity\Commands\Register\RegisterCommandHandler.cs:line 107
   at MyProger.Micro.Identity.Controllers.IdentityController.Register(RegisterCommand request) in E:\DotNetProjects\MyProger\MyProger.Micro.Identity\Controllers\IdentityController.cs:line 50
   at Microsoft.AspNetCore.Mvc.Infrastructure.ActionMethodExecutor.TaskOfIActionResultExecutor.Execute(ActionContext actionContext, IActionResultTypeMapper mapper, ObjectMethodExecutor executor, Object controller, Object[] arguments)
   at Microsoft.AspNetCore.Mvc.Infrastructure.ControllerActionInvoker.<InvokeActionMethodAsync>g__Logged|12_1(ControllerActionInvoker invoker)
   at Microsoft.AspNetCore.Mvc.Infrastructure.ControllerActionInvoker.<InvokeNextActionFilterAsync>g__Awaited|10_0(ControllerActionInvoker invoker, Task lastTask, State next, Scope scope, Object state, Boolean isCompleted)
   at Microsoft.AspNetCore.Mvc.Infrastructure.ControllerActionInvoker.Rethrow(ActionExecutedContextSealed context)
   at Microsoft.AspNetCore.Mvc.Infrastructure.ControllerActionInvoker.Next(State& next, Scope& scope, Object& state, Boolean& isCompleted)
   at Microsoft.AspNetCore.Mvc.Infrastructure.ControllerActionInvoker.<InvokeInnerFilterAsync>g__Awaited|13_0(ControllerActionInvoker invoker, Task lastTask, State next, Scope scope, Object state, Boolean isCompleted)
   at Microsoft.AspNetCore.Mvc.Infrastructure.ResourceInvoker.<InvokeFilterPipelineAsync>g__Awaited|20_0(ResourceInvoker invoker, Task lastTask, State next, Scope scope, Object state, Boolean isCompleted)
   at Microsoft.AspNetCore.Mvc.Infrastructure.ResourceInvoker.<InvokeAsync>g__Logged|17_1(ResourceInvoker invoker)
   at Microsoft.AspNetCore.Mvc.Infrastructure.ResourceInvoker.<InvokeAsync>g__Logged|17_1(ResourceInvoker invoker)
   at Microsoft.AspNetCore.Routing.EndpointMiddleware.<Invoke>g__AwaitRequestTask|6_0(Endpoint endpoint, Task requestTask, ILogger logger)
   at Microsoft.AspNetCore.Authorization.AuthorizationMiddleware.Invoke(HttpContext context)
   at Microsoft.AspNetCore.Authentication.AuthenticationMiddleware.Invoke(HttpContext context)
   at Swashbuckle.AspNetCore.SwaggerUI.SwaggerUIMiddleware.Invoke(HttpContext httpContext)
   at Swashbuckle.AspNetCore.Swagger.SwaggerMiddleware.Invoke(HttpContext httpContext, ISwaggerProvider swaggerProvider)
   at Swashbuckle.AspNetCore.SwaggerUI.SwaggerUIMiddleware.Invoke(HttpContext httpContext)
   at Swashbuckle.AspNetCore.Swagger.SwaggerMiddleware.Invoke(HttpContext httpContext, ISwaggerProvider swaggerProvider)
   at MyProger.Micro.Identity.Middlewares.SeedMiddleware.Invoke(HttpContext context, DataSeeder seeder) in E:\DotNetProjects\MyProger\MyProger.Micro.Identity\Middlewares\SeedMiddleware.cs:line 15
   at Microsoft.AspNetCore.Diagnostics.DeveloperExceptionPageMiddlewareImpl.Invoke(HttpContext context)|url: https://localhost/api/v1/identity/register-user|action: Register|Microsoft.AspNetCore.Diagnostics.DeveloperExceptionPageMiddlewareImpl.Invoke
2023-10-24 17:18:01.2669|0|INFO|Microsoft.Hosting.Lifetime|Now listening on: https://localhost:7124 |url: |action: |Microsoft.AspNetCore.Hosting.GenericWebHostService.StartAsync
2023-10-24 17:18:01.2827|0|INFO|Microsoft.Hosting.Lifetime|Now listening on: http://localhost:5294 |url: |action: |Microsoft.AspNetCore.Hosting.GenericWebHostService.StartAsync
2023-10-24 17:18:01.2827|0|INFO|Microsoft.Hosting.Lifetime|Application started. Press Ctrl+C to shut down. |url: |action: |Microsoft.Extensions.Hosting.Internal.ConsoleLifetime.OnApplicationStarted
2023-10-24 17:18:01.2827|0|INFO|Microsoft.Hosting.Lifetime|Hosting environment: Development |url: |action: |Microsoft.Extensions.Hosting.Internal.ConsoleLifetime.OnApplicationStarted
2023-10-24 17:18:01.2827|0|INFO|Microsoft.Hosting.Lifetime|Content root path: E:\DotNetProjects\MyProger\MyProger.Micro.Identity |url: |action: |Microsoft.Extensions.Hosting.Internal.ApplicationLifetime.NotifyStarted
2023-10-24 17:18:12.7458|0|INFO|MyProger.Micro.Identity.Commands.Register.RegisterCommandHandler|Request for login an account - Lavenkaс12 Lavenkach |url: https://localhost/api/v1/identity/register-user|action: Register|MyProger.Micro.Identity.Commands.Register.RegisterCommandHandler.Handle
2023-10-24 17:18:20.8018|0|INFO|MyProger.Micro.Identity.Commands.Register.RegisterCommandHandler|Request for login an account - Lavenkaс12 Lavenkach |url: https://localhost/api/v1/identity/register-user|action: Register|MyProger.Micro.Identity.Commands.Register.RegisterCommandHandler.Handle
2023-10-24 17:18:21.4734|0|INFO|MyProger.Micro.Identity.Commands.Register.RegisterCommandHandler|Request for login an account - Lavenkaс12 Lavenkach |url: https://localhost/api/v1/identity/register-user|action: Register|MyProger.Micro.Identity.Commands.Register.RegisterCommandHandler.Handle
2023-10-24 17:18:38.1423|0|INFO|MyProger.Micro.Identity.Commands.Register.RegisterCommandHandler|Request for login an account - Lavenkaс132 Lavenkach |url: https://localhost/api/v1/identity/register-user|action: Register|MyProger.Micro.Identity.Commands.Register.RegisterCommandHandler.Handle
2023-10-24 17:19:15.5181|0|INFO|Microsoft.Hosting.Lifetime|Now listening on: https://localhost:7124 |url: |action: |Microsoft.AspNetCore.Hosting.GenericWebHostService.StartAsync
2023-10-24 17:19:15.5389|0|INFO|Microsoft.Hosting.Lifetime|Now listening on: http://localhost:5294 |url: |action: |Microsoft.AspNetCore.Hosting.GenericWebHostService.StartAsync
2023-10-24 17:19:15.5389|0|INFO|Microsoft.Hosting.Lifetime|Application started. Press Ctrl+C to shut down. |url: |action: |Microsoft.Extensions.Hosting.Internal.ConsoleLifetime.OnApplicationStarted
2023-10-24 17:19:15.5389|0|INFO|Microsoft.Hosting.Lifetime|Hosting environment: Development |url: |action: |Microsoft.Extensions.Hosting.Internal.ConsoleLifetime.OnApplicationStarted
2023-10-24 17:19:15.5389|0|INFO|Microsoft.Hosting.Lifetime|Content root path: E:\DotNetProjects\MyProger\MyProger.Micro.Identity |url: |action: |Microsoft.Extensions.Hosting.Internal.ApplicationLifetime.NotifyStarted
2023-10-24 17:19:42.5677|0|INFO|MyProger.Micro.Identity.Commands.Register.RegisterCommandHandler|Request for login an account - Lavenka12 Lavenkach |url: https://localhost/api/v1/identity/register-user|action: Register|MyProger.Micro.Identity.Commands.Register.RegisterCommandHandler.Handle
2023-10-24 17:19:50.2597|0|INFO|MyProger.Micro.Identity.Commands.Login.LoginCommandHandler|Request for login an account - Lavenka12 |url: https://localhost/api/v1/identity/register-user|action: Register|MyProger.Micro.Identity.Commands.Login.LoginCommandHandler.Handle
2023-10-24 17:20:33.6909|0|ERROR|MyProger.Micro.Identity.Commands.Login.LoginCommandHandler|[LoginCommandHandler]: IDX10720: Unable to create KeyedHashAlgorithm for algorithm 'HS256', the key size must be greater than: '256' bits, key has '144' bits. (Parameter 'keyBytes') System.ArgumentOutOfRangeException: IDX10720: Unable to create KeyedHashAlgorithm for algorithm 'HS256', the key size must be greater than: '256' bits, key has '144' bits. (Parameter 'keyBytes')
   at Microsoft.IdentityModel.Tokens.CryptoProviderFactory.ValidateKeySize(Byte[] keyBytes, String algorithm, Int32 expectedNumberOfBytes)
   at Microsoft.IdentityModel.Tokens.CryptoProviderFactory.CreateKeyedHashAlgorithm(Byte[] keyBytes, String algorithm)
   at Microsoft.IdentityModel.Tokens.SymmetricSignatureProvider.CreateKeyedHashAlgorithm()
   at Microsoft.IdentityModel.Tokens.DisposableObjectPool`1.CreateInstance()
   at Microsoft.IdentityModel.Tokens.DisposableObjectPool`1.Allocate()
   at Microsoft.IdentityModel.Tokens.SymmetricSignatureProvider.GetKeyedHashAlgorithm(Byte[] keyBytes, String algorithm)
   at Microsoft.IdentityModel.Tokens.SymmetricSignatureProvider.Sign(Byte[] input)
   at Microsoft.IdentityModel.JsonWebTokens.JwtTokenUtilities.CreateEncodedSignature(String input, SigningCredentials signingCredentials)
   at System.IdentityModel.Tokens.Jwt.JwtSecurityTokenHandler.WriteToken(SecurityToken token)
   at MyProger.Micro.Identity.Extensions.JwtExtensions.GenerateAccessToken(AppUser user, JwtOptions jwtOptions) in E:\DotNetProjects\MyProger\MyProger.Micro.Identity\Extensions\JwtExtensions.cs:line 51
   at MyProger.Micro.Identity.Commands.Login.LoginCommandHandler.Handle(LoginCommand request, CancellationToken cancellationToken) in E:\DotNetProjects\MyProger\MyProger.Micro.Identity\Commands\Login\LoginCommandHandler.cs:line 72|url: https://localhost/api/v1/identity/register-user|action: Register|MyProger.Micro.Identity.Commands.Login.LoginCommandHandler.Handle
2023-10-24 17:20:34.0387|0|ERROR|MyProger.Micro.Identity.Commands.Register.RegisterCommandHandler|[RegisterCommandHandler]: IDX10720: Unable to create KeyedHashAlgorithm for algorithm 'HS256', the key size must be greater than: '256' bits, key has '144' bits. (Parameter 'keyBytes') System.Security.Authentication.AuthenticationException: IDX10720: Unable to create KeyedHashAlgorithm for algorithm 'HS256', the key size must be greater than: '256' bits, key has '144' bits. (Parameter 'keyBytes')
   at MyProger.Micro.Identity.Commands.Login.LoginCommandHandler.Handle(LoginCommand request, CancellationToken cancellationToken) in E:\DotNetProjects\MyProger\MyProger.Micro.Identity\Commands\Login\LoginCommandHandler.cs:line 85
   at MyProger.Micro.Identity.Commands.Register.RegisterCommandHandler.Handle(RegisterCommand request, CancellationToken cancellationToken) in E:\DotNetProjects\MyProger\MyProger.Micro.Identity\Commands\Register\RegisterCommandHandler.cs:line 85|url: https://localhost/api/v1/identity/register-user|action: Register|MyProger.Micro.Identity.Commands.Register.RegisterCommandHandler.Handle
2023-10-24 17:20:34.1361|0|ERROR|Microsoft.AspNetCore.Diagnostics.DeveloperExceptionPageMiddleware|An unhandled exception has occurred while executing the request. System.Security.Authentication.AuthenticationException: IDX10720: Unable to create KeyedHashAlgorithm for algorithm 'HS256', the key size must be greater than: '256' bits, key has '144' bits. (Parameter 'keyBytes')
   at MyProger.Micro.Identity.Commands.Register.RegisterCommandHandler.Handle(RegisterCommand request, CancellationToken cancellationToken) in E:\DotNetProjects\MyProger\MyProger.Micro.Identity\Commands\Register\RegisterCommandHandler.cs:line 107
   at MyProger.Micro.Identity.Controllers.IdentityController.Register(RegisterCommand request) in E:\DotNetProjects\MyProger\MyProger.Micro.Identity\Controllers\IdentityController.cs:line 50
   at Microsoft.AspNetCore.Mvc.Infrastructure.ActionMethodExecutor.TaskOfIActionResultExecutor.Execute(ActionContext actionContext, IActionResultTypeMapper mapper, ObjectMethodExecutor executor, Object controller, Object[] arguments)
   at Microsoft.AspNetCore.Mvc.Infrastructure.ControllerActionInvoker.<InvokeActionMethodAsync>g__Logged|12_1(ControllerActionInvoker invoker)
   at Microsoft.AspNetCore.Mvc.Infrastructure.ControllerActionInvoker.<InvokeNextActionFilterAsync>g__Awaited|10_0(ControllerActionInvoker invoker, Task lastTask, State next, Scope scope, Object state, Boolean isCompleted)
   at Microsoft.AspNetCore.Mvc.Infrastructure.ControllerActionInvoker.Rethrow(ActionExecutedContextSealed context)
   at Microsoft.AspNetCore.Mvc.Infrastructure.ControllerActionInvoker.Next(State& next, Scope& scope, Object& state, Boolean& isCompleted)
   at Microsoft.AspNetCore.Mvc.Infrastructure.ControllerActionInvoker.<InvokeInnerFilterAsync>g__Awaited|13_0(ControllerActionInvoker invoker, Task lastTask, State next, Scope scope, Object state, Boolean isCompleted)
   at Microsoft.AspNetCore.Mvc.Infrastructure.ResourceInvoker.<InvokeFilterPipelineAsync>g__Awaited|20_0(ResourceInvoker invoker, Task lastTask, State next, Scope scope, Object state, Boolean isCompleted)
   at Microsoft.AspNetCore.Mvc.Infrastructure.ResourceInvoker.<InvokeAsync>g__Logged|17_1(ResourceInvoker invoker)
   at Microsoft.AspNetCore.Mvc.Infrastructure.ResourceInvoker.<InvokeAsync>g__Logged|17_1(ResourceInvoker invoker)
   at Microsoft.AspNetCore.Routing.EndpointMiddleware.<Invoke>g__AwaitRequestTask|6_0(Endpoint endpoint, Task requestTask, ILogger logger)
   at Microsoft.AspNetCore.Authorization.AuthorizationMiddleware.Invoke(HttpContext context)
   at Microsoft.AspNetCore.Authentication.AuthenticationMiddleware.Invoke(HttpContext context)
   at Swashbuckle.AspNetCore.SwaggerUI.SwaggerUIMiddleware.Invoke(HttpContext httpContext)
   at Swashbuckle.AspNetCore.Swagger.SwaggerMiddleware.Invoke(HttpContext httpContext, ISwaggerProvider swaggerProvider)
   at Swashbuckle.AspNetCore.SwaggerUI.SwaggerUIMiddleware.Invoke(HttpContext httpContext)
   at Swashbuckle.AspNetCore.Swagger.SwaggerMiddleware.Invoke(HttpContext httpContext, ISwaggerProvider swaggerProvider)
   at MyProger.Micro.Identity.Middlewares.SeedMiddleware.Invoke(HttpContext context, DataSeeder seeder) in E:\DotNetProjects\MyProger\MyProger.Micro.Identity\Middlewares\SeedMiddleware.cs:line 15
   at Microsoft.AspNetCore.Diagnostics.DeveloperExceptionPageMiddlewareImpl.Invoke(HttpContext context)|url: https://localhost/api/v1/identity/register-user|action: Register|Microsoft.AspNetCore.Diagnostics.DeveloperExceptionPageMiddlewareImpl.Invoke
2023-10-24 17:20:41.6990|0|INFO|MyProger.Micro.Identity.Commands.Register.RegisterCommandHandler|Request for login an account - Lavenka121 Lavenkach |url: https://localhost/api/v1/identity/register-user|action: Register|MyProger.Micro.Identity.Commands.Register.RegisterCommandHandler.Handle
2023-10-24 17:20:43.5106|0|INFO|MyProger.Micro.Identity.Commands.Login.LoginCommandHandler|Request for login an account - Lavenka121 |url: https://localhost/api/v1/identity/register-user|action: Register|MyProger.Micro.Identity.Commands.Login.LoginCommandHandler.Handle
2023-10-24 17:30:50.4581|0|INFO|Microsoft.Hosting.Lifetime|Now listening on: https://localhost:7124 |url: |action: |Microsoft.AspNetCore.Hosting.GenericWebHostService.StartAsync
2023-10-24 17:30:50.4749|0|INFO|Microsoft.Hosting.Lifetime|Now listening on: http://localhost:5294 |url: |action: |Microsoft.AspNetCore.Hosting.GenericWebHostService.StartAsync
2023-10-24 17:30:50.4749|0|INFO|Microsoft.Hosting.Lifetime|Application started. Press Ctrl+C to shut down. |url: |action: |Microsoft.Extensions.Hosting.Internal.ConsoleLifetime.OnApplicationStarted
2023-10-24 17:30:50.4749|0|INFO|Microsoft.Hosting.Lifetime|Hosting environment: Development |url: |action: |Microsoft.Extensions.Hosting.Internal.ConsoleLifetime.OnApplicationStarted
2023-10-24 17:30:50.4749|0|INFO|Microsoft.Hosting.Lifetime|Content root path: E:\DotNetProjects\MyProger\MyProger.Micro.Identity |url: |action: |Microsoft.Extensions.Hosting.Internal.ApplicationLifetime.NotifyStarted
2023-10-24 17:31:08.4129|0|INFO|MyProger.Micro.Identity.Commands.Register.RegisterCommandHandler|Request for login an account - Lavenka1233 Lavenkach |url: https://localhost/api/v1/identity/register-user|action: Register|MyProger.Micro.Identity.Commands.Register.RegisterCommandHandler.Handle
2023-10-24 17:31:11.2752|0|INFO|MyProger.Micro.Identity.Commands.Login.LoginCommandHandler|Request for login an account - Lavenka1233 |url: https://localhost/api/v1/identity/register-user|action: Register|MyProger.Micro.Identity.Commands.Login.LoginCommandHandler.Handle
