2023-10-25 15:04:29.5829|0|INFO|Microsoft.Hosting.Lifetime|Now listening on: https://localhost:7124 |url: |action: |Microsoft.AspNetCore.Hosting.GenericWebHostService.StartAsync
2023-10-25 15:04:29.5982|0|INFO|Microsoft.Hosting.Lifetime|Now listening on: http://localhost:5294 |url: |action: |Microsoft.AspNetCore.Hosting.GenericWebHostService.StartAsync
2023-10-25 15:04:29.5982|0|INFO|Microsoft.Hosting.Lifetime|Application started. Press Ctrl+C to shut down. |url: |action: |Microsoft.Extensions.Hosting.Internal.ConsoleLifetime.OnApplicationStarted
2023-10-25 15:04:29.5982|0|INFO|Microsoft.Hosting.Lifetime|Hosting environment: Development |url: |action: |Microsoft.Extensions.Hosting.Internal.ConsoleLifetime.OnApplicationStarted
2023-10-25 15:04:29.5982|0|INFO|Microsoft.Hosting.Lifetime|Content root path: E:\DotNetProjects\MyProger\MyProger.Micro.Identity |url: |action: |Microsoft.Extensions.Hosting.Internal.ApplicationLifetime.NotifyStarted
2023-10-25 15:05:25.7728|0|INFO|MyProger.Micro.Identity.Commands.Register.RegisterCommandHandler|Request for login an account - Lavlav Lavlavch |url: https://localhost/api/v1/identity/register-user|action: Register|MyProger.Micro.Identity.Commands.Register.RegisterCommandHandler.Handle
2023-10-25 15:06:16.8536|0|INFO|Microsoft.Hosting.Lifetime|Now listening on: https://localhost:7124 |url: |action: |Microsoft.AspNetCore.Hosting.GenericWebHostService.StartAsync
2023-10-25 15:06:16.8724|0|INFO|Microsoft.Hosting.Lifetime|Now listening on: http://localhost:5294 |url: |action: |Microsoft.AspNetCore.Hosting.GenericWebHostService.StartAsync
2023-10-25 15:06:16.8724|0|INFO|Microsoft.Hosting.Lifetime|Application started. Press Ctrl+C to shut down. |url: |action: |Microsoft.Extensions.Hosting.Internal.ConsoleLifetime.OnApplicationStarted
2023-10-25 15:06:16.8724|0|INFO|Microsoft.Hosting.Lifetime|Hosting environment: Development |url: |action: |Microsoft.Extensions.Hosting.Internal.ConsoleLifetime.OnApplicationStarted
2023-10-25 15:06:16.8724|0|INFO|Microsoft.Hosting.Lifetime|Content root path: E:\DotNetProjects\MyProger\MyProger.Micro.Identity |url: |action: |Microsoft.Extensions.Hosting.Internal.ApplicationLifetime.NotifyStarted
2023-10-25 15:06:54.0911|0|INFO|MyProger.Micro.Identity.Commands.Register.RegisterCommandHandler|Request for login an account - Lavlav Lavlavch |url: https://localhost/api/v1/identity/register-user|action: Register|MyProger.Micro.Identity.Commands.Register.RegisterCommandHandler.Handle
2023-10-25 15:07:24.4296|0|INFO|MyProger.Micro.Identity.Commands.Register.RegisterCommandHandler|Request for login an account - Lavlavka Lavlavch |url: https://localhost/api/v1/identity/register-user|action: Register|MyProger.Micro.Identity.Commands.Register.RegisterCommandHandler.Handle
2023-10-25 15:08:26.9921|0|INFO|Microsoft.Hosting.Lifetime|Now listening on: https://localhost:7124 |url: |action: |Microsoft.AspNetCore.Hosting.GenericWebHostService.StartAsync
2023-10-25 15:08:27.0417|0|INFO|Microsoft.Hosting.Lifetime|Now listening on: http://localhost:5294 |url: |action: |Microsoft.AspNetCore.Hosting.GenericWebHostService.StartAsync
2023-10-25 15:08:27.0417|0|INFO|Microsoft.Hosting.Lifetime|Application started. Press Ctrl+C to shut down. |url: |action: |Microsoft.Extensions.Hosting.Internal.ConsoleLifetime.OnApplicationStarted
2023-10-25 15:08:27.0417|0|INFO|Microsoft.Hosting.Lifetime|Hosting environment: Development |url: |action: |Microsoft.Extensions.Hosting.Internal.ConsoleLifetime.OnApplicationStarted
2023-10-25 15:08:27.0417|0|INFO|Microsoft.Hosting.Lifetime|Content root path: E:\DotNetProjects\MyProger\MyProger.Micro.Identity |url: |action: |Microsoft.Extensions.Hosting.Internal.ApplicationLifetime.NotifyStarted
2023-10-25 15:08:36.9991|0|INFO|MyProger.Micro.Identity.Commands.Register.RegisterCommandHandler|Request for login an account - Lavlavka Lavlavch |url: https://localhost/api/v1/identity/register-user|action: Register|MyProger.Micro.Identity.Commands.Register.RegisterCommandHandler.Handle
2023-10-25 15:08:48.3200|0|INFO|MyProger.Micro.Identity.Commands.Login.LoginCommandHandler|Request for login an account - Lavlavka |url: https://localhost/api/v1/identity/register-user|action: Register|MyProger.Micro.Identity.Commands.Login.LoginCommandHandler.Handle
2023-10-25 15:15:44.3779|0|INFO|Microsoft.Hosting.Lifetime|Now listening on: https://localhost:7124 |url: |action: |Microsoft.AspNetCore.Hosting.GenericWebHostService.StartAsync
2023-10-25 15:15:44.3946|0|INFO|Microsoft.Hosting.Lifetime|Now listening on: http://localhost:5294 |url: |action: |Microsoft.AspNetCore.Hosting.GenericWebHostService.StartAsync
2023-10-25 15:15:44.3946|0|INFO|Microsoft.Hosting.Lifetime|Application started. Press Ctrl+C to shut down. |url: |action: |Microsoft.Extensions.Hosting.Internal.ConsoleLifetime.OnApplicationStarted
2023-10-25 15:15:44.3946|0|INFO|Microsoft.Hosting.Lifetime|Hosting environment: Development |url: |action: |Microsoft.Extensions.Hosting.Internal.ConsoleLifetime.OnApplicationStarted
2023-10-25 15:15:44.3946|0|INFO|Microsoft.Hosting.Lifetime|Content root path: E:\DotNetProjects\MyProger\MyProger.Micro.Identity |url: |action: |Microsoft.Extensions.Hosting.Internal.ApplicationLifetime.NotifyStarted
2023-10-25 15:16:03.9876|0|INFO|MyProger.Micro.Identity.Commands.Register.RegisterCommandHandler|Request for login an account - Lavlavkac Lavlavch |url: https://localhost/api/v1/identity/register-user|action: Register|MyProger.Micro.Identity.Commands.Register.RegisterCommandHandler.Handle
2023-10-25 15:16:07.4868|0|INFO|MyProger.Micro.Identity.Commands.Login.LoginCommandHandler|Request for login an account - Lavlavkac |url: https://localhost/api/v1/identity/register-user|action: Register|MyProger.Micro.Identity.Commands.Login.LoginCommandHandler.Handle
2023-10-25 15:18:59.1727|0|INFO|Microsoft.Hosting.Lifetime|Now listening on: https://localhost:7124 |url: |action: |Microsoft.AspNetCore.Hosting.GenericWebHostService.StartAsync
2023-10-25 15:18:59.1906|0|INFO|Microsoft.Hosting.Lifetime|Now listening on: http://localhost:5294 |url: |action: |Microsoft.AspNetCore.Hosting.GenericWebHostService.StartAsync
2023-10-25 15:18:59.1906|0|INFO|Microsoft.Hosting.Lifetime|Application started. Press Ctrl+C to shut down. |url: |action: |Microsoft.Extensions.Hosting.Internal.ConsoleLifetime.OnApplicationStarted
2023-10-25 15:18:59.1906|0|INFO|Microsoft.Hosting.Lifetime|Hosting environment: Development |url: |action: |Microsoft.Extensions.Hosting.Internal.ConsoleLifetime.OnApplicationStarted
2023-10-25 15:18:59.1915|0|INFO|Microsoft.Hosting.Lifetime|Content root path: E:\DotNetProjects\MyProger\MyProger.Micro.Identity |url: |action: |Microsoft.Extensions.Hosting.Internal.ApplicationLifetime.NotifyStarted
2023-10-25 15:19:28.6831|0|INFO|MyProger.Micro.Identity.Commands.Register.RegisterCommandHandler|Request for login an account - Lavlavkas Lavlavch |url: https://localhost/api/v1/identity/register-user|action: Register|MyProger.Micro.Identity.Commands.Register.RegisterCommandHandler.Handle
2023-10-25 15:19:36.2120|0|INFO|MyProger.Micro.Identity.Commands.Login.LoginCommandHandler|Request for login an account - Lavlavkas |url: https://localhost/api/v1/identity/register-user|action: Register|MyProger.Micro.Identity.Commands.Login.LoginCommandHandler.Handle
2023-10-25 15:26:07.0338|0|INFO|Microsoft.Hosting.Lifetime|Now listening on: https://localhost:7124 |url: |action: |Microsoft.AspNetCore.Hosting.GenericWebHostService.StartAsync
2023-10-25 15:26:07.0521|0|INFO|Microsoft.Hosting.Lifetime|Now listening on: http://localhost:5294 |url: |action: |Microsoft.AspNetCore.Hosting.GenericWebHostService.StartAsync
2023-10-25 15:26:07.0521|0|INFO|Microsoft.Hosting.Lifetime|Application started. Press Ctrl+C to shut down. |url: |action: |Microsoft.Extensions.Hosting.Internal.ConsoleLifetime.OnApplicationStarted
2023-10-25 15:26:07.0521|0|INFO|Microsoft.Hosting.Lifetime|Hosting environment: Development |url: |action: |Microsoft.Extensions.Hosting.Internal.ConsoleLifetime.OnApplicationStarted
2023-10-25 15:26:07.0521|0|INFO|Microsoft.Hosting.Lifetime|Content root path: E:\DotNetProjects\MyProger\MyProger.Micro.Identity |url: |action: |Microsoft.Extensions.Hosting.Internal.ApplicationLifetime.NotifyStarted
2023-10-25 15:26:24.6998|0|INFO|MyProger.Micro.Identity.Commands.Register.RegisterCommandHandler|Request for login an account - Lavlavksda Lavlavch |url: https://localhost/api/v1/identity/register-user|action: Register|MyProger.Micro.Identity.Commands.Register.RegisterCommandHandler.Handle
2023-10-25 15:26:26.7145|0|INFO|MyProger.Micro.Identity.Commands.Login.LoginCommandHandler|Request for login an account - Lavlavksda |url: https://localhost/api/v1/identity/register-user|action: Register|MyProger.Micro.Identity.Commands.Login.LoginCommandHandler.Handle
2023-10-25 15:30:07.8063|0|INFO|Microsoft.Hosting.Lifetime|Now listening on: https://localhost:7124 |url: |action: |Microsoft.AspNetCore.Hosting.GenericWebHostService.StartAsync
2023-10-25 15:30:07.8230|0|INFO|Microsoft.Hosting.Lifetime|Now listening on: http://localhost:5294 |url: |action: |Microsoft.AspNetCore.Hosting.GenericWebHostService.StartAsync
2023-10-25 15:30:07.8230|0|INFO|Microsoft.Hosting.Lifetime|Application started. Press Ctrl+C to shut down. |url: |action: |Microsoft.Extensions.Hosting.Internal.ConsoleLifetime.OnApplicationStarted
2023-10-25 15:30:07.8230|0|INFO|Microsoft.Hosting.Lifetime|Hosting environment: Development |url: |action: |Microsoft.Extensions.Hosting.Internal.ConsoleLifetime.OnApplicationStarted
2023-10-25 15:30:07.8230|0|INFO|Microsoft.Hosting.Lifetime|Content root path: E:\DotNetProjects\MyProger\MyProger.Micro.Identity |url: |action: |Microsoft.Extensions.Hosting.Internal.ApplicationLifetime.NotifyStarted
2023-10-25 15:30:23.2452|0|INFO|MyProger.Micro.Identity.Commands.Register.RegisterCommandHandler|Request for login an account - Lavlavkghfa Lavlavch |url: https://localhost/api/v1/identity/register-user|action: Register|MyProger.Micro.Identity.Commands.Register.RegisterCommandHandler.Handle
2023-10-25 15:30:25.2545|0|INFO|MyProger.Micro.Identity.Commands.Login.LoginCommandHandler|Request for login an account - Lavlavkghfa |url: https://localhost/api/v1/identity/register-user|action: Register|MyProger.Micro.Identity.Commands.Login.LoginCommandHandler.Handle
2023-10-25 15:30:54.1236|0|INFO|Microsoft.Hosting.Lifetime|Now listening on: https://localhost:7124 |url: |action: |Microsoft.AspNetCore.Hosting.GenericWebHostService.StartAsync
2023-10-25 15:30:54.1396|0|INFO|Microsoft.Hosting.Lifetime|Now listening on: http://localhost:5294 |url: |action: |Microsoft.AspNetCore.Hosting.GenericWebHostService.StartAsync
2023-10-25 15:30:54.1396|0|INFO|Microsoft.Hosting.Lifetime|Application started. Press Ctrl+C to shut down. |url: |action: |Microsoft.Extensions.Hosting.Internal.ConsoleLifetime.OnApplicationStarted
2023-10-25 15:30:54.1396|0|INFO|Microsoft.Hosting.Lifetime|Hosting environment: Development |url: |action: |Microsoft.Extensions.Hosting.Internal.ConsoleLifetime.OnApplicationStarted
2023-10-25 15:30:54.1396|0|INFO|Microsoft.Hosting.Lifetime|Content root path: E:\DotNetProjects\MyProger\MyProger.Micro.Identity |url: |action: |Microsoft.Extensions.Hosting.Internal.ApplicationLifetime.NotifyStarted
2023-10-25 15:31:13.0871|0|INFO|MyProger.Micro.Identity.Commands.Register.RegisterCommandHandler|Request for login an account - Lavlavkafdg Lavlavch |url: https://localhost/api/v1/identity/register-user|action: Register|MyProger.Micro.Identity.Commands.Register.RegisterCommandHandler.Handle
2023-10-25 15:31:17.5842|0|INFO|MyProger.Micro.Identity.Commands.Login.LoginCommandHandler|Request for login an account - Lavlavkafdg |url: https://localhost/api/v1/identity/register-user|action: Register|MyProger.Micro.Identity.Commands.Login.LoginCommandHandler.Handle
2023-10-25 15:32:39.2660|0|ERROR|MyProger.Micro.Identity.Commands.Login.LoginCommandHandler|[LoginCommandHandler]: IDX10720: Unable to create KeyedHashAlgorithm for algorithm 'HS512', the key size must be greater than: '512' bits, key has '144' bits. (Parameter 'keyBytes') System.ArgumentOutOfRangeException: IDX10720: Unable to create KeyedHashAlgorithm for algorithm 'HS512', the key size must be greater than: '512' bits, key has '144' bits. (Parameter 'keyBytes')
   at Microsoft.IdentityModel.Tokens.CryptoProviderFactory.ValidateKeySize(Byte[] keyBytes, String algorithm, Int32 expectedNumberOfBytes)
   at Microsoft.IdentityModel.Tokens.CryptoProviderFactory.CreateKeyedHashAlgorithm(Byte[] keyBytes, String algorithm)
   at Microsoft.IdentityModel.Tokens.SymmetricSignatureProvider.CreateKeyedHashAlgorithm()
   at Microsoft.IdentityModel.Tokens.DisposableObjectPool`1.CreateInstance()
   at Microsoft.IdentityModel.Tokens.DisposableObjectPool`1.Allocate()
   at Microsoft.IdentityModel.Tokens.SymmetricSignatureProvider.GetKeyedHashAlgorithm(Byte[] keyBytes, String algorithm)
   at Microsoft.IdentityModel.Tokens.SymmetricSignatureProvider.Sign(Byte[] input)
   at Microsoft.IdentityModel.JsonWebTokens.JwtTokenUtilities.CreateEncodedSignature(String input, SigningCredentials signingCredentials)
   at System.IdentityModel.Tokens.Jwt.JwtSecurityTokenHandler.WriteToken(SecurityToken token)
   at MyProger.Micro.Identity.Extensions.JwtExtensions.GenerateAccessToken(AppUser user, JwtOptions jwtOptions) in E:\DotNetProjects\MyProger\MyProger.Micro.Identity\Extensions\JwtExtensions.cs:line 52
   at MyProger.Micro.Identity.Commands.Login.LoginCommandHandler.Handle(LoginCommand request, CancellationToken cancellationToken) in E:\DotNetProjects\MyProger\MyProger.Micro.Identity\Commands\Login\LoginCommandHandler.cs:line 72|url: https://localhost/api/v1/identity/register-user|action: Register|MyProger.Micro.Identity.Commands.Login.LoginCommandHandler.Handle
2023-10-25 15:32:40.2958|0|ERROR|MyProger.Micro.Identity.Commands.Register.RegisterCommandHandler|[RegisterCommandHandler]: IDX10720: Unable to create KeyedHashAlgorithm for algorithm 'HS512', the key size must be greater than: '512' bits, key has '144' bits. (Parameter 'keyBytes') System.Security.Authentication.AuthenticationException: IDX10720: Unable to create KeyedHashAlgorithm for algorithm 'HS512', the key size must be greater than: '512' bits, key has '144' bits. (Parameter 'keyBytes')
   at MyProger.Micro.Identity.Commands.Login.LoginCommandHandler.Handle(LoginCommand request, CancellationToken cancellationToken) in E:\DotNetProjects\MyProger\MyProger.Micro.Identity\Commands\Login\LoginCommandHandler.cs:line 85
   at MyProger.Micro.Identity.Commands.Register.RegisterCommandHandler.Handle(RegisterCommand request, CancellationToken cancellationToken) in E:\DotNetProjects\MyProger\MyProger.Micro.Identity\Commands\Register\RegisterCommandHandler.cs:line 85|url: https://localhost/api/v1/identity/register-user|action: Register|MyProger.Micro.Identity.Commands.Register.RegisterCommandHandler.Handle
2023-10-25 15:32:40.4111|0|ERROR|Microsoft.AspNetCore.Diagnostics.DeveloperExceptionPageMiddleware|An unhandled exception has occurred while executing the request. System.Security.Authentication.AuthenticationException: IDX10720: Unable to create KeyedHashAlgorithm for algorithm 'HS512', the key size must be greater than: '512' bits, key has '144' bits. (Parameter 'keyBytes')
   at MyProger.Micro.Identity.Commands.Register.RegisterCommandHandler.Handle(RegisterCommand request, CancellationToken cancellationToken) in E:\DotNetProjects\MyProger\MyProger.Micro.Identity\Commands\Register\RegisterCommandHandler.cs:line 107
   at MyProger.Micro.Identity.Controllers.IdentityController.Register(RegisterCommand request) in E:\DotNetProjects\MyProger\MyProger.Micro.Identity\Controllers\IdentityController.cs:line 50
   at Microsoft.AspNetCore.Mvc.Infrastructure.ActionMethodExecutor.TaskOfIActionResultExecutor.Execute(ActionContext actionContext, IActionResultTypeMapper mapper, ObjectMethodExecutor executor, Object controller, Object[] arguments)
   at Microsoft.AspNetCore.Mvc.Infrastructure.ControllerActionInvoker.<InvokeActionMethodAsync>g__Logged|12_1(ControllerActionInvoker invoker)
   at Microsoft.AspNetCore.Mvc.Infrastructure.ControllerActionInvoker.<InvokeNextActionFilterAsync>g__Awaited|10_0(ControllerActionInvoker invoker, Task lastTask, State next, Scope scope, Object state, Boolean isCompleted)
   at Microsoft.AspNetCore.Mvc.Infrastructure.ControllerActionInvoker.Rethrow(ActionExecutedContextSealed context)
   at Microsoft.AspNetCore.Mvc.Infrastructure.ControllerActionInvoker.Next(State& next, Scope& scope, Object& state, Boolean& isCompleted)
   at Microsoft.AspNetCore.Mvc.Infrastructure.ControllerActionInvoker.<InvokeInnerFilterAsync>g__Awaited|13_0(ControllerActionInvoker invoker, Task lastTask, State next, Scope scope, Object state, Boolean isCompleted)
   at Microsoft.AspNetCore.Mvc.Infrastructure.ResourceInvoker.<InvokeFilterPipelineAsync>g__Awaited|20_0(ResourceInvoker invoker, Task lastTask, State next, Scope scope, Object state, Boolean isCompleted)
   at Microsoft.AspNetCore.Mvc.Infrastructure.ResourceInvoker.<InvokeAsync>g__Logged|17_1(ResourceInvoker invoker)
   at Microsoft.AspNetCore.Mvc.Infrastructure.ResourceInvoker.<InvokeAsync>g__Logged|17_1(ResourceInvoker invoker)
   at Microsoft.AspNetCore.Routing.EndpointMiddleware.<Invoke>g__AwaitRequestTask|6_0(Endpoint endpoint, Task requestTask, ILogger logger)
   at Microsoft.AspNetCore.Authorization.AuthorizationMiddleware.Invoke(HttpContext context)
   at Microsoft.AspNetCore.Authentication.AuthenticationMiddleware.Invoke(HttpContext context)
   at Swashbuckle.AspNetCore.SwaggerUI.SwaggerUIMiddleware.Invoke(HttpContext httpContext)
   at Swashbuckle.AspNetCore.Swagger.SwaggerMiddleware.Invoke(HttpContext httpContext, ISwaggerProvider swaggerProvider)
   at Swashbuckle.AspNetCore.SwaggerUI.SwaggerUIMiddleware.Invoke(HttpContext httpContext)
   at Swashbuckle.AspNetCore.Swagger.SwaggerMiddleware.Invoke(HttpContext httpContext, ISwaggerProvider swaggerProvider)
   at MyProger.Micro.Identity.Middlewares.SeedMiddleware.Invoke(HttpContext context, DataSeeder seeder) in E:\DotNetProjects\MyProger\MyProger.Micro.Identity\Middlewares\SeedMiddleware.cs:line 15
   at Microsoft.AspNetCore.Diagnostics.DeveloperExceptionPageMiddlewareImpl.Invoke(HttpContext context)|url: https://localhost/api/v1/identity/register-user|action: Register|Microsoft.AspNetCore.Diagnostics.DeveloperExceptionPageMiddlewareImpl.Invoke
2023-10-25 15:36:04.4784|0|INFO|Microsoft.Hosting.Lifetime|Now listening on: https://localhost:7124 |url: |action: |Microsoft.AspNetCore.Hosting.GenericWebHostService.StartAsync
2023-10-25 15:36:04.4940|0|INFO|Microsoft.Hosting.Lifetime|Now listening on: http://localhost:5294 |url: |action: |Microsoft.AspNetCore.Hosting.GenericWebHostService.StartAsync
2023-10-25 15:36:04.4940|0|INFO|Microsoft.Hosting.Lifetime|Application started. Press Ctrl+C to shut down. |url: |action: |Microsoft.Extensions.Hosting.Internal.ConsoleLifetime.OnApplicationStarted
2023-10-25 15:36:04.4940|0|INFO|Microsoft.Hosting.Lifetime|Hosting environment: Development |url: |action: |Microsoft.Extensions.Hosting.Internal.ConsoleLifetime.OnApplicationStarted
2023-10-25 15:36:04.4940|0|INFO|Microsoft.Hosting.Lifetime|Content root path: E:\DotNetProjects\MyProger\MyProger.Micro.Identity |url: |action: |Microsoft.Extensions.Hosting.Internal.ApplicationLifetime.NotifyStarted
2023-10-25 15:36:20.7865|0|INFO|MyProger.Micro.Identity.Commands.Register.RegisterCommandHandler|Request for login an account - Lavlavkfdga Lavlavch |url: https://localhost/api/v1/identity/register-user|action: Register|MyProger.Micro.Identity.Commands.Register.RegisterCommandHandler.Handle
2023-10-25 15:36:22.8509|0|INFO|MyProger.Micro.Identity.Commands.Login.LoginCommandHandler|Request for login an account - Lavlavkfdga |url: https://localhost/api/v1/identity/register-user|action: Register|MyProger.Micro.Identity.Commands.Login.LoginCommandHandler.Handle
