2023-11-01 11:24:31.8275|0|INFO|Microsoft.Hosting.Lifetime|Now listening on: https://localhost:7041 |url: |action: |Microsoft.AspNetCore.Hosting.GenericWebHostService.StartAsync
2023-11-01 11:24:31.8672|0|INFO|Microsoft.Hosting.Lifetime|Now listening on: http://localhost:5133 |url: |action: |Microsoft.AspNetCore.Hosting.GenericWebHostService.StartAsync
2023-11-01 11:24:31.8672|0|INFO|Microsoft.Hosting.Lifetime|Application started. Press Ctrl+C to shut down. |url: |action: |Microsoft.Extensions.Hosting.Internal.ConsoleLifetime.OnApplicationStarted
2023-11-01 11:24:31.8672|0|INFO|Microsoft.Hosting.Lifetime|Hosting environment: Development |url: |action: |Microsoft.Extensions.Hosting.Internal.ConsoleLifetime.OnApplicationStarted
2023-11-01 11:24:31.8672|0|INFO|Microsoft.Hosting.Lifetime|Content root path: E:\DotNetProjects\MyProger\MyProger.Micro.JobListAPI |url: |action: |Microsoft.Extensions.Hosting.Internal.ApplicationLifetime.NotifyStarted
2023-11-01 13:38:23.6168|0|INFO|Microsoft.Hosting.Lifetime|Now listening on: http://localhost:5133 |url: |action: |Microsoft.AspNetCore.Hosting.GenericWebHostService.StartAsync
2023-11-01 13:38:23.6168|0|INFO|Microsoft.Hosting.Lifetime|Application started. Press Ctrl+C to shut down. |url: |action: |Microsoft.Extensions.Hosting.Internal.ConsoleLifetime.OnApplicationStarted
2023-11-01 13:38:23.6168|0|INFO|Microsoft.Hosting.Lifetime|Hosting environment: Development |url: |action: |Microsoft.Extensions.Hosting.Internal.ConsoleLifetime.OnApplicationStarted
2023-11-01 13:38:23.6168|0|INFO|Microsoft.Hosting.Lifetime|Content root path: E:\DotNetProjects\MyProger\MyProger.Micro.JobListAPI |url: |action: |Microsoft.Extensions.Hosting.Internal.ApplicationLifetime.NotifyStarted
2023-11-01 15:52:06.1109|0|INFO|Microsoft.Hosting.Lifetime|Now listening on: https://localhost:7041 |url: |action: |Microsoft.AspNetCore.Hosting.GenericWebHostService.StartAsync
2023-11-01 15:52:06.1312|0|INFO|Microsoft.Hosting.Lifetime|Now listening on: http://localhost:5133 |url: |action: |Microsoft.AspNetCore.Hosting.GenericWebHostService.StartAsync
2023-11-01 15:52:06.1312|0|INFO|Microsoft.Hosting.Lifetime|Application started. Press Ctrl+C to shut down. |url: |action: |Microsoft.Extensions.Hosting.Internal.ConsoleLifetime.OnApplicationStarted
2023-11-01 15:52:06.1312|0|INFO|Microsoft.Hosting.Lifetime|Hosting environment: Development |url: |action: |Microsoft.Extensions.Hosting.Internal.ConsoleLifetime.OnApplicationStarted
2023-11-01 15:52:06.1312|0|INFO|Microsoft.Hosting.Lifetime|Content root path: E:\DotNetProjects\MyProger\MyProger.Micro.JobListAPI |url: |action: |Microsoft.Extensions.Hosting.Internal.ApplicationLifetime.NotifyStarted
2023-11-01 15:52:34.0978|0|ERROR|Microsoft.AspNetCore.Diagnostics.DeveloperExceptionPageMiddleware|An unhandled exception has occurred while executing the request. System.ArgumentNullException: IDX10000: The parameter 'token' cannot be a 'null' or an empty object.  (Parameter 'token')
   at System.IdentityModel.Tokens.Jwt.JwtSecurityTokenHandler.ReadJwtToken(String token)
   at MyProger.Core.Helpers.Jwt.GetClaimByJwtToken.GetNameByToken(String token) in E:\DotNetProjects\MyProger\MyProger.Core\Helpers\JWT\GetClaimByJwtToken.cs:line 10
   at MyProger.Micro.JobListAPI.Controllers.ApiBaseController.GetName() in E:\DotNetProjects\MyProger\MyProger.Micro.JobListAPI\Controllers\ApiBaseController.cs:line 18
   at MyProger.Micro.JobListAPI.Controllers.JobListController.AddJobToCompany(AddJobCommand addJobCommand) in E:\DotNetProjects\MyProger\MyProger.Micro.JobListAPI\Controllers\JobListController.cs:line 34
   at lambda_method7(Closure, Object)
   at Microsoft.AspNetCore.Mvc.Infrastructure.ActionMethodExecutor.AwaitableObjectResultExecutor.Execute(ActionContext actionContext, IActionResultTypeMapper mapper, ObjectMethodExecutor executor, Object controller, Object[] arguments)
   at Microsoft.AspNetCore.Mvc.Infrastructure.ControllerActionInvoker.<InvokeActionMethodAsync>g__Logged|12_1(ControllerActionInvoker invoker)
   at Microsoft.AspNetCore.Mvc.Infrastructure.ControllerActionInvoker.<InvokeNextActionFilterAsync>g__Awaited|10_0(ControllerActionInvoker invoker, Task lastTask, State next, Scope scope, Object state, Boolean isCompleted)
   at Microsoft.AspNetCore.Mvc.Infrastructure.ControllerActionInvoker.Rethrow(ActionExecutedContextSealed context)
   at Microsoft.AspNetCore.Mvc.Infrastructure.ControllerActionInvoker.Next(State& next, Scope& scope, Object& state, Boolean& isCompleted)
   at Microsoft.AspNetCore.Mvc.Infrastructure.ControllerActionInvoker.InvokeInnerFilterAsync()
--- End of stack trace from previous location ---
   at Microsoft.AspNetCore.Mvc.Infrastructure.ResourceInvoker.<InvokeFilterPipelineAsync>g__Awaited|20_0(ResourceInvoker invoker, Task lastTask, State next, Scope scope, Object state, Boolean isCompleted)
   at Microsoft.AspNetCore.Mvc.Infrastructure.ResourceInvoker.<InvokeAsync>g__Logged|17_1(ResourceInvoker invoker)
   at Microsoft.AspNetCore.Mvc.Infrastructure.ResourceInvoker.<InvokeAsync>g__Logged|17_1(ResourceInvoker invoker)
   at Microsoft.AspNetCore.Routing.EndpointMiddleware.<Invoke>g__AwaitRequestTask|6_0(Endpoint endpoint, Task requestTask, ILogger logger)
   at Microsoft.AspNetCore.Authorization.AuthorizationMiddleware.Invoke(HttpContext context)
   at Microsoft.AspNetCore.Authentication.AuthenticationMiddleware.Invoke(HttpContext context)
   at Swashbuckle.AspNetCore.SwaggerUI.SwaggerUIMiddleware.Invoke(HttpContext httpContext)
   at Swashbuckle.AspNetCore.Swagger.SwaggerMiddleware.Invoke(HttpContext httpContext, ISwaggerProvider swaggerProvider)
   at Swashbuckle.AspNetCore.SwaggerUI.SwaggerUIMiddleware.Invoke(HttpContext httpContext)
   at Swashbuckle.AspNetCore.Swagger.SwaggerMiddleware.Invoke(HttpContext httpContext, ISwaggerProvider swaggerProvider)
   at Microsoft.AspNetCore.Diagnostics.DeveloperExceptionPageMiddlewareImpl.Invoke(HttpContext context)|url: https://localhost/api/v1/job/add-job-to-company|action: AddJobToCompany|Microsoft.AspNetCore.Diagnostics.DeveloperExceptionPageMiddlewareImpl.Invoke
2023-11-01 22:31:06.0801|0|INFO|Microsoft.Hosting.Lifetime|Now listening on: https://localhost:7041 |url: |action: |Microsoft.AspNetCore.Hosting.GenericWebHostService.StartAsync
2023-11-01 22:31:06.1294|0|INFO|Microsoft.Hosting.Lifetime|Now listening on: http://localhost:5133 |url: |action: |Microsoft.AspNetCore.Hosting.GenericWebHostService.StartAsync
2023-11-01 22:31:06.1294|0|INFO|Microsoft.Hosting.Lifetime|Application started. Press Ctrl+C to shut down. |url: |action: |Microsoft.Extensions.Hosting.Internal.ConsoleLifetime.OnApplicationStarted
2023-11-01 22:31:06.1294|0|INFO|Microsoft.Hosting.Lifetime|Hosting environment: Development |url: |action: |Microsoft.Extensions.Hosting.Internal.ConsoleLifetime.OnApplicationStarted
2023-11-01 22:31:06.1294|0|INFO|Microsoft.Hosting.Lifetime|Content root path: E:\DotNetProjects\MyProger\MyProger.Micro.JobListAPI |url: |action: |Microsoft.Extensions.Hosting.Internal.ApplicationLifetime.NotifyStarted
2023-11-01 22:31:43.9542|0|ERROR|Microsoft.AspNetCore.Diagnostics.DeveloperExceptionPageMiddleware|An unhandled exception has occurred while executing the request. System.InvalidOperationException: Unable to resolve service for type 'MyProger.Micro.JobListAPI.Monitoring.IMetricsFactory' while attempting to activate 'MyProger.Micro.JobListAPI.Controllers.JobListController'.
   at Microsoft.Extensions.DependencyInjection.ActivatorUtilities.ThrowHelperUnableToResolveService(Type type, Type requiredBy)
   at Microsoft.Extensions.DependencyInjection.ActivatorUtilities.GetService(IServiceProvider sp, Type type, Type requiredBy, Boolean hasDefaultValue, Object key)
   at lambda_method11(Closure, IServiceProvider, Object[])
   at Microsoft.AspNetCore.Mvc.Controllers.ControllerFactoryProvider.<>c__DisplayClass6_0.<CreateControllerFactory>g__CreateController|0(ControllerContext controllerContext)
   at Microsoft.AspNetCore.Mvc.Infrastructure.ControllerActionInvoker.Next(State& next, Scope& scope, Object& state, Boolean& isCompleted)
   at Microsoft.AspNetCore.Mvc.Infrastructure.ControllerActionInvoker.InvokeInnerFilterAsync()
--- End of stack trace from previous location ---
   at Microsoft.AspNetCore.Mvc.Infrastructure.ResourceInvoker.<InvokeFilterPipelineAsync>g__Awaited|20_0(ResourceInvoker invoker, Task lastTask, State next, Scope scope, Object state, Boolean isCompleted)
   at Microsoft.AspNetCore.Mvc.Infrastructure.ResourceInvoker.<InvokeAsync>g__Logged|17_1(ResourceInvoker invoker)
   at Microsoft.AspNetCore.Mvc.Infrastructure.ResourceInvoker.<InvokeAsync>g__Logged|17_1(ResourceInvoker invoker)
   at Microsoft.AspNetCore.Routing.EndpointMiddleware.<Invoke>g__AwaitRequestTask|6_0(Endpoint endpoint, Task requestTask, ILogger logger)
   at Microsoft.AspNetCore.Authorization.AuthorizationMiddleware.Invoke(HttpContext context)
   at Microsoft.AspNetCore.Authentication.AuthenticationMiddleware.Invoke(HttpContext context)
   at Prometheus.HttpMetrics.HttpRequestDurationMiddleware.Invoke(HttpContext context)
   at Prometheus.HttpMetrics.HttpRequestCountMiddleware.Invoke(HttpContext context)
   at Prometheus.HttpMetrics.HttpInProgressMiddleware.Invoke(HttpContext context)
   at Swashbuckle.AspNetCore.SwaggerUI.SwaggerUIMiddleware.Invoke(HttpContext httpContext)
   at Swashbuckle.AspNetCore.Swagger.SwaggerMiddleware.Invoke(HttpContext httpContext, ISwaggerProvider swaggerProvider)
   at Swashbuckle.AspNetCore.SwaggerUI.SwaggerUIMiddleware.Invoke(HttpContext httpContext)
   at Swashbuckle.AspNetCore.Swagger.SwaggerMiddleware.Invoke(HttpContext httpContext, ISwaggerProvider swaggerProvider)
   at Microsoft.AspNetCore.Diagnostics.DeveloperExceptionPageMiddlewareImpl.Invoke(HttpContext context)|url: https://localhost/api/v1/job/add-job-to-company|action: AddJobToCompany|Microsoft.AspNetCore.Diagnostics.DeveloperExceptionPageMiddlewareImpl.Invoke
2023-11-01 22:32:30.3409|0|INFO|Microsoft.Hosting.Lifetime|Now listening on: https://localhost:7041 |url: |action: |Microsoft.AspNetCore.Hosting.GenericWebHostService.StartAsync
2023-11-01 22:32:30.3553|0|INFO|Microsoft.Hosting.Lifetime|Now listening on: http://localhost:5133 |url: |action: |Microsoft.AspNetCore.Hosting.GenericWebHostService.StartAsync
2023-11-01 22:32:30.3553|0|INFO|Microsoft.Hosting.Lifetime|Application started. Press Ctrl+C to shut down. |url: |action: |Microsoft.Extensions.Hosting.Internal.ConsoleLifetime.OnApplicationStarted
2023-11-01 22:32:30.3553|0|INFO|Microsoft.Hosting.Lifetime|Hosting environment: Development |url: |action: |Microsoft.Extensions.Hosting.Internal.ConsoleLifetime.OnApplicationStarted
2023-11-01 22:32:30.3553|0|INFO|Microsoft.Hosting.Lifetime|Content root path: E:\DotNetProjects\MyProger\MyProger.Micro.JobListAPI |url: |action: |Microsoft.Extensions.Hosting.Internal.ApplicationLifetime.NotifyStarted
2023-11-01 22:33:13.2173|0|INFO|Microsoft.Hosting.Lifetime|Now listening on: https://localhost:7041 |url: |action: |Microsoft.AspNetCore.Hosting.GenericWebHostService.StartAsync
2023-11-01 22:33:13.2317|0|INFO|Microsoft.Hosting.Lifetime|Now listening on: http://localhost:5133 |url: |action: |Microsoft.AspNetCore.Hosting.GenericWebHostService.StartAsync
2023-11-01 22:33:13.2317|0|INFO|Microsoft.Hosting.Lifetime|Application started. Press Ctrl+C to shut down. |url: |action: |Microsoft.Extensions.Hosting.Internal.ConsoleLifetime.OnApplicationStarted
2023-11-01 22:33:13.2317|0|INFO|Microsoft.Hosting.Lifetime|Hosting environment: Development |url: |action: |Microsoft.Extensions.Hosting.Internal.ConsoleLifetime.OnApplicationStarted
2023-11-01 22:33:13.2317|0|INFO|Microsoft.Hosting.Lifetime|Content root path: E:\DotNetProjects\MyProger\MyProger.Micro.JobListAPI |url: |action: |Microsoft.Extensions.Hosting.Internal.ApplicationLifetime.NotifyStarted
2023-11-01 22:33:29.7414|0|INFO|MyProger.Micro.JobListAPI.Commands.AddJob.AddJobCommandHandler|Request for add job to company - dsfdsf strdsfing |url: https://localhost/api/v1/job/add-job-to-company|action: AddJobToCompany|MyProger.Micro.JobListAPI.Commands.AddJob.AddJobCommandHandler.Handle
2023-11-01 22:33:35.2010|0|INFO|MyProger.Micro.JobListAPI.Commands.AddJob.AddJobCommandHandler|Add job - strdsfing 01.11.2023 22:33:31 |url: https://localhost/api/v1/job/add-job-to-company|action: AddJobToCompany|MyProger.Micro.JobListAPI.Commands.AddJob.AddJobCommandHandler.Handle
2023-11-01 22:34:10.9691|0|INFO|Microsoft.Hosting.Lifetime|Now listening on: https://localhost:7041 |url: |action: |Microsoft.AspNetCore.Hosting.GenericWebHostService.StartAsync
2023-11-01 22:34:10.9691|0|INFO|Microsoft.Hosting.Lifetime|Now listening on: http://localhost:5133 |url: |action: |Microsoft.AspNetCore.Hosting.GenericWebHostService.StartAsync
2023-11-01 22:34:10.9839|0|INFO|Microsoft.Hosting.Lifetime|Application started. Press Ctrl+C to shut down. |url: |action: |Microsoft.Extensions.Hosting.Internal.ConsoleLifetime.OnApplicationStarted
2023-11-01 22:34:10.9839|0|INFO|Microsoft.Hosting.Lifetime|Hosting environment: Development |url: |action: |Microsoft.Extensions.Hosting.Internal.ConsoleLifetime.OnApplicationStarted
2023-11-01 22:34:10.9839|0|INFO|Microsoft.Hosting.Lifetime|Content root path: E:\DotNetProjects\MyProger\MyProger.Micro.JobListAPI |url: |action: |Microsoft.Extensions.Hosting.Internal.ApplicationLifetime.NotifyStarted
2023-11-01 22:34:30.4150|0|INFO|MyProger.Micro.JobListAPI.Commands.AddJob.AddJobCommandHandler|Request for add job to company - dfgdfgdfg strdfgfdging |url: https://localhost/api/v1/job/add-job-to-company|action: AddJobToCompany|MyProger.Micro.JobListAPI.Commands.AddJob.AddJobCommandHandler.Handle
2023-11-01 22:34:33.1841|0|INFO|MyProger.Micro.JobListAPI.Commands.AddJob.AddJobCommandHandler|Add job - strdfgfdging 01.11.2023 22:34:31 |url: https://localhost/api/v1/job/add-job-to-company|action: AddJobToCompany|MyProger.Micro.JobListAPI.Commands.AddJob.AddJobCommandHandler.Handle
2023-11-01 22:34:52.9937|0|INFO|Microsoft.Hosting.Lifetime|Now listening on: https://localhost:7041 |url: |action: |Microsoft.AspNetCore.Hosting.GenericWebHostService.StartAsync
2023-11-01 22:34:53.0084|0|INFO|Microsoft.Hosting.Lifetime|Now listening on: http://localhost:5133 |url: |action: |Microsoft.AspNetCore.Hosting.GenericWebHostService.StartAsync
2023-11-01 22:34:53.0084|0|INFO|Microsoft.Hosting.Lifetime|Application started. Press Ctrl+C to shut down. |url: |action: |Microsoft.Extensions.Hosting.Internal.ConsoleLifetime.OnApplicationStarted
2023-11-01 22:34:53.0084|0|INFO|Microsoft.Hosting.Lifetime|Hosting environment: Development |url: |action: |Microsoft.Extensions.Hosting.Internal.ConsoleLifetime.OnApplicationStarted
2023-11-01 22:34:53.0084|0|INFO|Microsoft.Hosting.Lifetime|Content root path: E:\DotNetProjects\MyProger\MyProger.Micro.JobListAPI |url: |action: |Microsoft.Extensions.Hosting.Internal.ApplicationLifetime.NotifyStarted
2023-11-01 22:35:10.3709|0|INFO|MyProger.Micro.JobListAPI.Commands.AddJob.AddJobCommandHandler|Request for add job to company - stdfsdfring stsdfdfdsfdfring |url: https://localhost/api/v1/job/add-job-to-company|action: AddJobToCompany|MyProger.Micro.JobListAPI.Commands.AddJob.AddJobCommandHandler.Handle
2023-11-01 22:35:13.1889|0|INFO|MyProger.Micro.JobListAPI.Commands.AddJob.AddJobCommandHandler|Add job - stsdfdfdsfdfring 01.11.2023 22:35:11 |url: https://localhost/api/v1/job/add-job-to-company|action: AddJobToCompany|MyProger.Micro.JobListAPI.Commands.AddJob.AddJobCommandHandler.Handle
