2023-11-02 08:22:32.5215|0|DEBUG|Microsoft.AspNetCore.Mvc.ModelBinding.ModelBinderFactory|Registered model binder providers, in the following order: Microsoft.AspNetCore.Mvc.ModelBinding.Binders.BinderTypeModelBinderProvider, Microsoft.AspNetCore.Mvc.ModelBinding.Binders.ServicesModelBinderProvider, Microsoft.AspNetCore.Mvc.ModelBinding.Binders.BodyModelBinderProvider, Microsoft.AspNetCore.Mvc.ModelBinding.Binders.HeaderModelBinderProvider, Microsoft.AspNetCore.Mvc.ModelBinding.Binders.FloatingPointTypeModelBinderProvider, Microsoft.AspNetCore.Mvc.ModelBinding.Binders.EnumTypeModelBinderProvider, Microsoft.AspNetCore.Mvc.ModelBinding.Binders.DateTimeModelBinderProvider, Microsoft.AspNetCore.Mvc.ModelBinding.Binders.SimpleTypeModelBinderProvider, Microsoft.AspNetCore.Mvc.ModelBinding.Binders.TryParseModelBinderProvider, Microsoft.AspNetCore.Mvc.ModelBinding.Binders.CancellationTokenModelBinderProvider, Microsoft.AspNetCore.Mvc.ModelBinding.Binders.ByteArrayModelBinderProvider, Microsoft.AspNetCore.Mvc.ModelBinding.Binders.FormFileModelBinderProvider, Microsoft.AspNetCore.Mvc.ModelBinding.Binders.FormCollectionModelBinderProvider, Microsoft.AspNetCore.Mvc.ModelBinding.Binders.KeyValuePairModelBinderProvider, Microsoft.AspNetCore.Mvc.ModelBinding.Binders.DictionaryModelBinderProvider, Microsoft.AspNetCore.Mvc.ModelBinding.Binders.ArrayModelBinderProvider, Microsoft.AspNetCore.Mvc.ModelBinding.Binders.CollectionModelBinderProvider, Microsoft.AspNetCore.Mvc.ModelBinding.Binders.ComplexObjectModelBinderProvider 
2023-11-02 08:22:32.6463|0|DEBUG|Microsoft.Extensions.Hosting.Internal.Host|Hosting starting 
2023-11-02 08:22:34.1843|0|INFO|Microsoft.AspNetCore.DataProtection.KeyManagement.XmlKeyManager|User profile is available. Using 'C:\Users\Laven\AppData\Local\ASP.NET\DataProtection-Keys' as key repository and Windows DPAPI to encrypt keys at rest. 
2023-11-02 08:22:34.3515|0|DEBUG|Microsoft.AspNetCore.DataProtection.Repositories.FileSystemXmlRepository|Reading data from file 'C:\Users\Laven\AppData\Local\ASP.NET\DataProtection-Keys\key-986fe8c4-a792-4074-b9ad-6a118ccf56a9.xml'. 
2023-11-02 08:22:34.3515|0|DEBUG|Microsoft.AspNetCore.DataProtection.Repositories.FileSystemXmlRepository|Reading data from file 'C:\Users\Laven\AppData\Local\ASP.NET\DataProtection-Keys\key-cd28ee06-4595-46d4-8679-e06dac3a83e0.xml'. 
2023-11-02 08:22:34.3515|0|DEBUG|Microsoft.AspNetCore.DataProtection.KeyManagement.XmlKeyManager|Found key {986fe8c4-a792-4074-b9ad-6a118ccf56a9}. 
2023-11-02 08:22:34.3590|0|DEBUG|Microsoft.AspNetCore.DataProtection.KeyManagement.XmlKeyManager|Found key {cd28ee06-4595-46d4-8679-e06dac3a83e0}. 
2023-11-02 08:22:34.3590|0|DEBUG|Microsoft.AspNetCore.DataProtection.KeyManagement.DefaultKeyResolver|Considering key {cd28ee06-4595-46d4-8679-e06dac3a83e0} with expiration date 2023-12-21 09:26:14Z as default key. 
2023-11-02 08:22:34.3590|0|DEBUG|Microsoft.AspNetCore.DataProtection.TypeForwardingActivator|Forwarded activator type request from Microsoft.AspNetCore.DataProtection.XmlEncryption.DpapiXmlDecryptor, Microsoft.AspNetCore.DataProtection, Version=7.0.0.0, Culture=neutral, PublicKeyToken=adb9793829ddae60 to Microsoft.AspNetCore.DataProtection.XmlEncryption.DpapiXmlDecryptor, Microsoft.AspNetCore.DataProtection, Culture=neutral, PublicKeyToken=adb9793829ddae60 
2023-11-02 08:22:34.3590|0|DEBUG|Microsoft.AspNetCore.DataProtection.XmlEncryption.DpapiXmlDecryptor|Decrypting secret element using Windows DPAPI. 
2023-11-02 08:22:34.3590|0|DEBUG|Microsoft.AspNetCore.DataProtection.TypeForwardingActivator|Forwarded activator type request from Microsoft.AspNetCore.DataProtection.AuthenticatedEncryption.ConfigurationModel.AuthenticatedEncryptorDescriptorDeserializer, Microsoft.AspNetCore.DataProtection, Version=7.0.0.0, Culture=neutral, PublicKeyToken=adb9793829ddae60 to Microsoft.AspNetCore.DataProtection.AuthenticatedEncryption.ConfigurationModel.AuthenticatedEncryptorDescriptorDeserializer, Microsoft.AspNetCore.DataProtection, Culture=neutral, PublicKeyToken=adb9793829ddae60 
2023-11-02 08:22:34.3590|0|DEBUG|Microsoft.AspNetCore.DataProtection.AuthenticatedEncryption.CngCbcAuthenticatedEncryptorFactory|Opening CNG algorithm 'AES' from provider '(null)' with chaining mode CBC. 
2023-11-02 08:22:34.3590|0|DEBUG|Microsoft.AspNetCore.DataProtection.AuthenticatedEncryption.CngCbcAuthenticatedEncryptorFactory|Opening CNG algorithm 'SHA256' from provider '(null)' with HMAC. 
2023-11-02 08:22:34.3590|0|DEBUG|Microsoft.AspNetCore.DataProtection.KeyManagement.KeyRingProvider|Using key {cd28ee06-4595-46d4-8679-e06dac3a83e0} as the default key. 
2023-11-02 08:22:34.3590|0|DEBUG|Microsoft.AspNetCore.DataProtection.Internal.DataProtectionHostedService|Key ring with default key {cd28ee06-4595-46d4-8679-e06dac3a83e0} was loaded during application startup. 
2023-11-02 08:22:34.4313|0|INFO|Microsoft.Hosting.Lifetime|Now listening on: http://localhost:5133 
2023-11-02 08:22:34.4382|0|DEBUG|Microsoft.AspNetCore.Hosting.Diagnostics|Loaded hosting startup assembly MyProger.Micro.JobListAPI 
2023-11-02 08:22:34.4382|0|INFO|Microsoft.Hosting.Lifetime|Application started. Press Ctrl+C to shut down. 
2023-11-02 08:22:34.4382|0|INFO|Microsoft.Hosting.Lifetime|Hosting environment: Development 
2023-11-02 08:22:34.4382|0|INFO|Microsoft.Hosting.Lifetime|Content root path: E:\DotNetProjects\MyProger\MyProger.Micro.JobListAPI 
2023-11-02 08:22:34.4547|0|DEBUG|Microsoft.Extensions.Hosting.Internal.Host|Hosting started 
2023-11-02 08:22:41.2486|0|DEBUG|Microsoft.AspNetCore.Server.Kestrel.Connections|Connection id "0HMUR9ABHT6A1" accepted. 
2023-11-02 08:22:41.2492|0|DEBUG|Microsoft.AspNetCore.Server.Kestrel.Connections|Connection id "0HMUR9ABHT6A1" started. 
2023-11-02 08:22:41.2492|0|DEBUG|Microsoft.AspNetCore.Server.Kestrel.Connections|Connection id "0HMUR9ABHT6A2" accepted. 
2023-11-02 08:22:41.2492|0|DEBUG|Microsoft.AspNetCore.Server.Kestrel.Connections|Connection id "0HMUR9ABHT6A2" started. 
2023-11-02 08:22:41.2839|0|INFO|Microsoft.AspNetCore.Hosting.Diagnostics|Request starting HTTP/1.1 GET http://localhost:5133/index.html - - 
2023-11-02 08:22:41.2839|0|DEBUG|Microsoft.AspNetCore.HostFiltering.HostFilteringMiddleware|Wildcard detected, all requests with hosts will be allowed. 
2023-11-02 08:22:41.2839|0|TRACE|Microsoft.AspNetCore.HostFiltering.HostFilteringMiddleware|All hosts are allowed. 
2023-11-02 08:22:41.3016|0|DEBUG|Microsoft.AspNetCore.StaticFiles.StaticFileMiddleware|The request path  does not match the path filter 
2023-11-02 08:22:41.3844|0|DEBUG|Microsoft.AspNetCore.Server.Kestrel.Connections|Connection id "0HMUR9ABHT6A1" completed keep alive response. 
2023-11-02 08:22:41.3844|0|INFO|Microsoft.AspNetCore.Hosting.Diagnostics|Request finished HTTP/1.1 GET http://localhost:5133/index.html - - - 200 - text/html;charset=utf-8 103.0798ms 
2023-11-02 08:22:41.7643|0|INFO|Microsoft.AspNetCore.Hosting.Diagnostics|Request starting HTTP/1.1 GET http://localhost:5133/swagger/v1/swagger.json - - 
2023-11-02 08:22:41.7643|0|TRACE|Microsoft.AspNetCore.HostFiltering.HostFilteringMiddleware|All hosts are allowed. 
2023-11-02 08:22:41.8548|0|DEBUG|Microsoft.AspNetCore.Server.Kestrel.Connections|Connection id "0HMUR9ABHT6A1" completed keep alive response. 
2023-11-02 08:22:41.8548|0|INFO|Microsoft.AspNetCore.Hosting.Diagnostics|Request finished HTTP/1.1 GET http://localhost:5133/swagger/v1/swagger.json - - - 200 - application/json;charset=utf-8 90.7297ms 
2023-11-02 08:23:16.5614|0|INFO|Microsoft.AspNetCore.Hosting.Diagnostics|Request starting HTTP/1.1 POST http://localhost:5133/api/v1/job/add-job-to-company application/json 149 
2023-11-02 08:23:16.5614|0|TRACE|Microsoft.AspNetCore.HostFiltering.HostFilteringMiddleware|All hosts are allowed. 
2023-11-02 08:23:16.5614|0|DEBUG|Microsoft.AspNetCore.StaticFiles.StaticFileMiddleware|POST requests are not supported 
2023-11-02 08:23:16.5614|0|DEBUG|Microsoft.AspNetCore.StaticFiles.StaticFileMiddleware|POST requests are not supported 
2023-11-02 08:23:16.5624|0|WARN|Microsoft.AspNetCore.HttpsPolicy.HttpsRedirectionMiddleware|Failed to determine the https port for redirect. 
2023-11-02 08:23:16.5624|0|DEBUG|Microsoft.AspNetCore.Routing.Matching.DfaMatcher|1 candidate(s) found for the request path '/api/v1/job/add-job-to-company' 
2023-11-02 08:23:16.5779|0|DEBUG|Microsoft.AspNetCore.Routing.Matching.DfaMatcher|Endpoint 'MyProger.Micro.JobListAPI.Controllers.JobListController.AddJobToCompany (MyProger.Micro.JobListAPI)' with route pattern 'api/v1/job/add-job-to-company' is valid for the request path '/api/v1/job/add-job-to-company' 
2023-11-02 08:23:16.5779|0|DEBUG|Microsoft.AspNetCore.Routing.EndpointRoutingMiddleware|Request matched endpoint 'MyProger.Micro.JobListAPI.Controllers.JobListController.AddJobToCompany (MyProger.Micro.JobListAPI)' 
2023-11-02 08:23:16.5779|0|DEBUG|Microsoft.AspNetCore.Cors.Infrastructure.CorsService|The request has an origin header: 'http://localhost:5133'. 
2023-11-02 08:23:16.5779|0|INFO|Microsoft.AspNetCore.Cors.Infrastructure.CorsService|CORS policy execution failed. 
2023-11-02 08:23:16.5779|0|INFO|Microsoft.AspNetCore.Cors.Infrastructure.CorsService|Request origin http://localhost:5133 does not have permission to access the resource. 
2023-11-02 08:23:16.6594|0|DEBUG|Microsoft.AspNetCore.Authentication.JwtBearer.JwtBearerHandler|AuthenticationScheme: Bearer was not authenticated. 
2023-11-02 08:23:16.6594|0|INFO|Microsoft.AspNetCore.Routing.EndpointMiddleware|Executing endpoint 'MyProger.Micro.JobListAPI.Controllers.JobListController.AddJobToCompany (MyProger.Micro.JobListAPI)' 
2023-11-02 08:23:16.6769|0|INFO|Microsoft.AspNetCore.Mvc.Infrastructure.ControllerActionInvoker|Route matched with {action = "AddJobToCompany", controller = "JobList"}. Executing controller action with signature System.Threading.Tasks.Task`1[Myproger.Core.Response.IBaseResponse`1[MyProger.Core.Entity.Job.JobEntity]] AddJobToCompany(MyProger.Micro.JobListAPI.Commands.AddJob.AddJobCommand) on controller MyProger.Micro.JobListAPI.Controllers.JobListController (MyProger.Micro.JobListAPI). 
2023-11-02 08:23:16.6769|0|DEBUG|Microsoft.AspNetCore.Mvc.Infrastructure.ControllerActionInvoker|Execution plan of authorization filters (in the following order): None 
2023-11-02 08:23:16.6769|0|DEBUG|Microsoft.AspNetCore.Mvc.Infrastructure.ControllerActionInvoker|Execution plan of resource filters (in the following order): None 
2023-11-02 08:23:16.6769|0|DEBUG|Microsoft.AspNetCore.Mvc.Infrastructure.ControllerActionInvoker|Execution plan of action filters (in the following order): Microsoft.AspNetCore.Mvc.Filters.ControllerActionFilter (Order: -2147483648), Microsoft.AspNetCore.Mvc.ModelBinding.UnsupportedContentTypeFilter (Order: -3000), Microsoft.AspNetCore.Mvc.Infrastructure.ModelStateInvalidFilter (Order: -2000) 
2023-11-02 08:23:16.6769|0|DEBUG|Microsoft.AspNetCore.Mvc.Infrastructure.ControllerActionInvoker|Execution plan of exception filters (in the following order): None 
2023-11-02 08:23:16.6769|0|DEBUG|Microsoft.AspNetCore.Mvc.Infrastructure.ControllerActionInvoker|Execution plan of result filters (in the following order): Microsoft.AspNetCore.Mvc.Infrastructure.ClientErrorResultFilter (Order: -2000), Microsoft.AspNetCore.Mvc.ProducesAttribute (Order: 0) 
2023-11-02 08:23:16.6769|0|DEBUG|Microsoft.AspNetCore.Mvc.Infrastructure.ControllerActionInvoker|Executing controller factory for controller MyProger.Micro.JobListAPI.Controllers.JobListController (MyProger.Micro.JobListAPI) 
2023-11-02 08:23:17.0527|0|DEBUG|Microsoft.AspNetCore.Mvc.Infrastructure.ControllerActionInvoker|Executed controller factory for controller MyProger.Micro.JobListAPI.Controllers.JobListController (MyProger.Micro.JobListAPI) 
2023-11-02 08:23:17.0527|0|DEBUG|Microsoft.AspNetCore.Mvc.ModelBinding.ParameterBinder|Attempting to bind parameter 'addJobCommand' of type 'MyProger.Micro.JobListAPI.Commands.AddJob.AddJobCommand' ... 
2023-11-02 08:23:17.0527|0|DEBUG|Microsoft.AspNetCore.Mvc.ModelBinding.Binders.BodyModelBinder|Attempting to bind parameter 'addJobCommand' of type 'MyProger.Micro.JobListAPI.Commands.AddJob.AddJobCommand' using the name '' in request data ... 
2023-11-02 08:23:17.0527|0|DEBUG|Microsoft.AspNetCore.Mvc.ModelBinding.Binders.BodyModelBinder|Selected input formatter 'Microsoft.AspNetCore.Mvc.Formatters.SystemTextJsonInputFormatter' for content type 'application/json'. 
2023-11-02 08:23:17.0527|0|DEBUG|Microsoft.AspNetCore.Server.Kestrel|Connection id "0HMUR9ABHT6A1", Request id "0HMUR9ABHT6A1:00000003": started reading request body. 
2023-11-02 08:23:17.0527|0|DEBUG|Microsoft.AspNetCore.Server.Kestrel|Connection id "0HMUR9ABHT6A1", Request id "0HMUR9ABHT6A1:00000003": done reading request body. 
2023-11-02 08:23:17.0676|0|DEBUG|Microsoft.AspNetCore.Mvc.Formatters.SystemTextJsonInputFormatter|JSON input formatter succeeded, deserializing to type 'MyProger.Micro.JobListAPI.Commands.AddJob.AddJobCommand' 
2023-11-02 08:23:17.0676|0|DEBUG|Microsoft.AspNetCore.Mvc.ModelBinding.Binders.BodyModelBinder|Done attempting to bind parameter 'addJobCommand' of type 'MyProger.Micro.JobListAPI.Commands.AddJob.AddJobCommand'. 
2023-11-02 08:23:17.0676|0|DEBUG|Microsoft.AspNetCore.Mvc.ModelBinding.ParameterBinder|Done attempting to bind parameter 'addJobCommand' of type 'MyProger.Micro.JobListAPI.Commands.AddJob.AddJobCommand'. 
2023-11-02 08:23:17.0676|0|DEBUG|Microsoft.AspNetCore.Mvc.ModelBinding.ParameterBinder|Attempting to validate the bound parameter 'addJobCommand' of type 'MyProger.Micro.JobListAPI.Commands.AddJob.AddJobCommand' ... 
2023-11-02 08:23:17.0676|0|DEBUG|Microsoft.AspNetCore.Mvc.ModelBinding.ParameterBinder|Done attempting to validate the bound parameter 'addJobCommand' of type 'MyProger.Micro.JobListAPI.Commands.AddJob.AddJobCommand'. 
2023-11-02 08:23:17.0676|0|TRACE|Microsoft.AspNetCore.Mvc.Infrastructure.ControllerActionInvoker|Action Filter: Before executing OnActionExecutionAsync on filter Microsoft.AspNetCore.Mvc.Filters.ControllerActionFilter. 
2023-11-02 08:23:17.0676|0|TRACE|Microsoft.AspNetCore.Mvc.Infrastructure.ControllerActionInvoker|Action Filter: Before executing OnActionExecuting on filter Microsoft.AspNetCore.Mvc.ModelBinding.UnsupportedContentTypeFilter. 
2023-11-02 08:23:17.0676|0|TRACE|Microsoft.AspNetCore.Mvc.Infrastructure.ControllerActionInvoker|Action Filter: After executing OnActionExecuting on filter Microsoft.AspNetCore.Mvc.ModelBinding.UnsupportedContentTypeFilter. 
2023-11-02 08:23:17.0676|0|TRACE|Microsoft.AspNetCore.Mvc.Infrastructure.ControllerActionInvoker|Action Filter: Before executing OnActionExecuting on filter Microsoft.AspNetCore.Mvc.Infrastructure.ModelStateInvalidFilter. 
2023-11-02 08:23:17.0676|0|TRACE|Microsoft.AspNetCore.Mvc.Infrastructure.ControllerActionInvoker|Action Filter: After executing OnActionExecuting on filter Microsoft.AspNetCore.Mvc.Infrastructure.ModelStateInvalidFilter. 
2023-11-02 08:23:17.0676|0|INFO|Microsoft.AspNetCore.Mvc.Infrastructure.ControllerActionInvoker|Executing action method MyProger.Micro.JobListAPI.Controllers.JobListController.AddJobToCompany (MyProger.Micro.JobListAPI) - Validation state: Valid 
2023-11-02 08:23:17.0676|0|TRACE|Microsoft.AspNetCore.Mvc.Infrastructure.ControllerActionInvoker|Executing action method MyProger.Micro.JobListAPI.Controllers.JobListController.AddJobToCompany (MyProger.Micro.JobListAPI) with arguments (MyProger.Micro.JobListAPI.Commands.AddJob.AddJobCommand) 
2023-11-02 08:23:17.4497|0|INFO|MyProger.Micro.JobListAPI.Commands.AddJob.AddJobCommandHandler|Request for add job to company - strfghfging stridfgdfng 
2023-11-02 08:23:20.3966|0|INFO|MyProger.Micro.JobListAPI.Commands.AddJob.AddJobCommandHandler|Add job - stridfgdfng 02.11.2023 8:23:18 
2023-11-02 08:23:20.4768|0|INFO|Microsoft.AspNetCore.Mvc.Infrastructure.ControllerActionInvoker|Executed action method MyProger.Micro.JobListAPI.Controllers.JobListController.AddJobToCompany (MyProger.Micro.JobListAPI), returned result Microsoft.AspNetCore.Mvc.ObjectResult in 3399.5371ms. 
2023-11-02 08:23:20.4768|0|TRACE|Microsoft.AspNetCore.Mvc.Infrastructure.ControllerActionInvoker|Action Filter: Before executing OnActionExecuted on filter Microsoft.AspNetCore.Mvc.Infrastructure.ModelStateInvalidFilter. 
2023-11-02 08:23:20.4768|0|TRACE|Microsoft.AspNetCore.Mvc.Infrastructure.ControllerActionInvoker|Action Filter: After executing OnActionExecuted on filter Microsoft.AspNetCore.Mvc.Infrastructure.ModelStateInvalidFilter. 
2023-11-02 08:23:20.4768|0|TRACE|Microsoft.AspNetCore.Mvc.Infrastructure.ControllerActionInvoker|Action Filter: Before executing OnActionExecuted on filter Microsoft.AspNetCore.Mvc.ModelBinding.UnsupportedContentTypeFilter. 
2023-11-02 08:23:20.4768|0|TRACE|Microsoft.AspNetCore.Mvc.Infrastructure.ControllerActionInvoker|Action Filter: After executing OnActionExecuted on filter Microsoft.AspNetCore.Mvc.ModelBinding.UnsupportedContentTypeFilter. 
2023-11-02 08:23:20.4768|0|TRACE|Microsoft.AspNetCore.Mvc.Infrastructure.ControllerActionInvoker|Action Filter: After executing OnActionExecutionAsync on filter Microsoft.AspNetCore.Mvc.Filters.ControllerActionFilter. 
2023-11-02 08:23:20.4768|0|TRACE|Microsoft.AspNetCore.Mvc.Infrastructure.ControllerActionInvoker|Result Filter: Before executing OnResultExecuting on filter Microsoft.AspNetCore.Mvc.Infrastructure.ClientErrorResultFilter. 
2023-11-02 08:23:20.4768|0|TRACE|Microsoft.AspNetCore.Mvc.Infrastructure.ControllerActionInvoker|Result Filter: After executing OnResultExecuting on filter Microsoft.AspNetCore.Mvc.Infrastructure.ClientErrorResultFilter. 
2023-11-02 08:23:20.4768|0|TRACE|Microsoft.AspNetCore.Mvc.Infrastructure.ControllerActionInvoker|Result Filter: Before executing OnResultExecuting on filter Microsoft.AspNetCore.Mvc.ProducesAttribute. 
2023-11-02 08:23:20.4768|0|TRACE|Microsoft.AspNetCore.Mvc.Infrastructure.ControllerActionInvoker|Result Filter: After executing OnResultExecuting on filter Microsoft.AspNetCore.Mvc.ProducesAttribute. 
2023-11-02 08:23:20.4768|0|TRACE|Microsoft.AspNetCore.Mvc.Infrastructure.ControllerActionInvoker|Before executing action result Microsoft.AspNetCore.Mvc.ObjectResult. 
2023-11-02 08:23:20.4768|0|DEBUG|Microsoft.AspNetCore.Mvc.Infrastructure.DefaultOutputFormatterSelector|List of registered output formatters, in the following order: Microsoft.AspNetCore.Mvc.Formatters.HttpNoContentOutputFormatter, Microsoft.AspNetCore.Mvc.Formatters.StringOutputFormatter, Microsoft.AspNetCore.Mvc.Formatters.StreamOutputFormatter, Microsoft.AspNetCore.Mvc.Formatters.SystemTextJsonOutputFormatter 
2023-11-02 08:23:20.4768|0|DEBUG|Microsoft.AspNetCore.Mvc.Infrastructure.DefaultOutputFormatterSelector|Attempting to select an output formatter based on Accept header 'application/json' and explicitly specified content types 'application/json'. The content types in the accept header must be a subset of the explicitly set content types. 
2023-11-02 08:23:20.4768|0|DEBUG|Microsoft.AspNetCore.Mvc.Infrastructure.DefaultOutputFormatterSelector|Selected output formatter 'Microsoft.AspNetCore.Mvc.Formatters.SystemTextJsonOutputFormatter' and content type 'application/json' to write the response. 
2023-11-02 08:23:20.4768|0|INFO|Microsoft.AspNetCore.Mvc.Infrastructure.ObjectResultExecutor|Executing ObjectResult, writing value of type 'MyProger.Core.Response.BaseResponse`1[[MyProger.Core.Entity.Job.JobEntity, MyProger.Core, Version=1.0.0.0, Culture=neutral, PublicKeyToken=null]]'. 
2023-11-02 08:23:20.4881|0|TRACE|Microsoft.AspNetCore.Mvc.Infrastructure.ControllerActionInvoker|After executing action result Microsoft.AspNetCore.Mvc.ObjectResult. 
2023-11-02 08:23:20.4881|0|TRACE|Microsoft.AspNetCore.Mvc.Infrastructure.ControllerActionInvoker|Result Filter: Before executing OnResultExecuted on filter Microsoft.AspNetCore.Mvc.ProducesAttribute. 
2023-11-02 08:23:20.4881|0|TRACE|Microsoft.AspNetCore.Mvc.Infrastructure.ControllerActionInvoker|Result Filter: After executing OnResultExecuted on filter Microsoft.AspNetCore.Mvc.ProducesAttribute. 
2023-11-02 08:23:20.4881|0|TRACE|Microsoft.AspNetCore.Mvc.Infrastructure.ControllerActionInvoker|Result Filter: Before executing OnResultExecuted on filter Microsoft.AspNetCore.Mvc.Infrastructure.ClientErrorResultFilter. 
2023-11-02 08:23:20.4881|0|TRACE|Microsoft.AspNetCore.Mvc.Infrastructure.ControllerActionInvoker|Result Filter: After executing OnResultExecuted on filter Microsoft.AspNetCore.Mvc.Infrastructure.ClientErrorResultFilter. 
2023-11-02 08:23:20.4881|0|INFO|Microsoft.AspNetCore.Mvc.Infrastructure.ControllerActionInvoker|Executed action MyProger.Micro.JobListAPI.Controllers.JobListController.AddJobToCompany (MyProger.Micro.JobListAPI) in 3810.7439ms 
2023-11-02 08:23:20.4881|0|INFO|Microsoft.AspNetCore.Routing.EndpointMiddleware|Executed endpoint 'MyProger.Micro.JobListAPI.Controllers.JobListController.AddJobToCompany (MyProger.Micro.JobListAPI)' 
2023-11-02 08:23:20.4881|0|DEBUG|Microsoft.AspNetCore.Server.Kestrel.Connections|Connection id "0HMUR9ABHT6A1" completed keep alive response. 
2023-11-02 08:23:20.4881|0|INFO|Microsoft.AspNetCore.Hosting.Diagnostics|Request finished HTTP/1.1 POST http://localhost:5133/api/v1/job/add-job-to-company application/json 149 - 200 - application/json;+charset=utf-8 3931.0699ms 
2023-11-02 08:24:00.3872|0|DEBUG|Microsoft.AspNetCore.Server.Kestrel.Transport.Sockets|Connection id "0HMUR9ABHT6A2" received FIN. 
2023-11-02 08:24:00.3872|0|DEBUG|Microsoft.AspNetCore.Server.Kestrel.Connections|Connection id "0HMUR9ABHT6A2" disconnecting. 
2023-11-02 08:24:00.3872|0|DEBUG|Microsoft.AspNetCore.Server.Kestrel.Transport.Sockets|Connection id "0HMUR9ABHT6A2" sending FIN because: "The client closed the connection." 
2023-11-02 08:24:00.4026|0|DEBUG|Microsoft.AspNetCore.Server.Kestrel.Connections|Connection id "0HMUR9ABHT6A2" stopped. 
