2023-10-28 09:22:49.4911|0|DEBUG|Microsoft.AspNetCore.Mvc.ModelBinding.ModelBinderFactory|Registered model binder providers, in the following order: Microsoft.AspNetCore.Mvc.ModelBinding.Binders.BinderTypeModelBinderProvider, Microsoft.AspNetCore.Mvc.ModelBinding.Binders.ServicesModelBinderProvider, Microsoft.AspNetCore.Mvc.ModelBinding.Binders.BodyModelBinderProvider, Microsoft.AspNetCore.Mvc.ModelBinding.Binders.HeaderModelBinderProvider, Microsoft.AspNetCore.Mvc.ModelBinding.Binders.FloatingPointTypeModelBinderProvider, Microsoft.AspNetCore.Mvc.ModelBinding.Binders.EnumTypeModelBinderProvider, Microsoft.AspNetCore.Mvc.ModelBinding.Binders.DateTimeModelBinderProvider, Microsoft.AspNetCore.Mvc.ModelBinding.Binders.SimpleTypeModelBinderProvider, Microsoft.AspNetCore.Mvc.ModelBinding.Binders.TryParseModelBinderProvider, Microsoft.AspNetCore.Mvc.ModelBinding.Binders.CancellationTokenModelBinderProvider, Microsoft.AspNetCore.Mvc.ModelBinding.Binders.ByteArrayModelBinderProvider, Microsoft.AspNetCore.Mvc.ModelBinding.Binders.FormFileModelBinderProvider, Microsoft.AspNetCore.Mvc.ModelBinding.Binders.FormCollectionModelBinderProvider, Microsoft.AspNetCore.Mvc.ModelBinding.Binders.KeyValuePairModelBinderProvider, Microsoft.AspNetCore.Mvc.ModelBinding.Binders.DictionaryModelBinderProvider, Microsoft.AspNetCore.Mvc.ModelBinding.Binders.ArrayModelBinderProvider, Microsoft.AspNetCore.Mvc.ModelBinding.Binders.CollectionModelBinderProvider, Microsoft.AspNetCore.Mvc.ModelBinding.Binders.ComplexObjectModelBinderProvider 
2023-10-28 09:23:06.3179|0|DEBUG|Microsoft.AspNetCore.Mvc.ModelBinding.ModelBinderFactory|Registered model binder providers, in the following order: Microsoft.AspNetCore.Mvc.ModelBinding.Binders.BinderTypeModelBinderProvider, Microsoft.AspNetCore.Mvc.ModelBinding.Binders.ServicesModelBinderProvider, Microsoft.AspNetCore.Mvc.ModelBinding.Binders.BodyModelBinderProvider, Microsoft.AspNetCore.Mvc.ModelBinding.Binders.HeaderModelBinderProvider, Microsoft.AspNetCore.Mvc.ModelBinding.Binders.FloatingPointTypeModelBinderProvider, Microsoft.AspNetCore.Mvc.ModelBinding.Binders.EnumTypeModelBinderProvider, Microsoft.AspNetCore.Mvc.ModelBinding.Binders.DateTimeModelBinderProvider, Microsoft.AspNetCore.Mvc.ModelBinding.Binders.SimpleTypeModelBinderProvider, Microsoft.AspNetCore.Mvc.ModelBinding.Binders.TryParseModelBinderProvider, Microsoft.AspNetCore.Mvc.ModelBinding.Binders.CancellationTokenModelBinderProvider, Microsoft.AspNetCore.Mvc.ModelBinding.Binders.ByteArrayModelBinderProvider, Microsoft.AspNetCore.Mvc.ModelBinding.Binders.FormFileModelBinderProvider, Microsoft.AspNetCore.Mvc.ModelBinding.Binders.FormCollectionModelBinderProvider, Microsoft.AspNetCore.Mvc.ModelBinding.Binders.KeyValuePairModelBinderProvider, Microsoft.AspNetCore.Mvc.ModelBinding.Binders.DictionaryModelBinderProvider, Microsoft.AspNetCore.Mvc.ModelBinding.Binders.ArrayModelBinderProvider, Microsoft.AspNetCore.Mvc.ModelBinding.Binders.CollectionModelBinderProvider, Microsoft.AspNetCore.Mvc.ModelBinding.Binders.ComplexObjectModelBinderProvider 
2023-10-28 09:24:09.3767|0|DEBUG|Microsoft.AspNetCore.Mvc.ModelBinding.ModelBinderFactory|Registered model binder providers, in the following order: Microsoft.AspNetCore.Mvc.ModelBinding.Binders.BinderTypeModelBinderProvider, Microsoft.AspNetCore.Mvc.ModelBinding.Binders.ServicesModelBinderProvider, Microsoft.AspNetCore.Mvc.ModelBinding.Binders.BodyModelBinderProvider, Microsoft.AspNetCore.Mvc.ModelBinding.Binders.HeaderModelBinderProvider, Microsoft.AspNetCore.Mvc.ModelBinding.Binders.FloatingPointTypeModelBinderProvider, Microsoft.AspNetCore.Mvc.ModelBinding.Binders.EnumTypeModelBinderProvider, Microsoft.AspNetCore.Mvc.ModelBinding.Binders.DateTimeModelBinderProvider, Microsoft.AspNetCore.Mvc.ModelBinding.Binders.SimpleTypeModelBinderProvider, Microsoft.AspNetCore.Mvc.ModelBinding.Binders.TryParseModelBinderProvider, Microsoft.AspNetCore.Mvc.ModelBinding.Binders.CancellationTokenModelBinderProvider, Microsoft.AspNetCore.Mvc.ModelBinding.Binders.ByteArrayModelBinderProvider, Microsoft.AspNetCore.Mvc.ModelBinding.Binders.FormFileModelBinderProvider, Microsoft.AspNetCore.Mvc.ModelBinding.Binders.FormCollectionModelBinderProvider, Microsoft.AspNetCore.Mvc.ModelBinding.Binders.KeyValuePairModelBinderProvider, Microsoft.AspNetCore.Mvc.ModelBinding.Binders.DictionaryModelBinderProvider, Microsoft.AspNetCore.Mvc.ModelBinding.Binders.ArrayModelBinderProvider, Microsoft.AspNetCore.Mvc.ModelBinding.Binders.CollectionModelBinderProvider, Microsoft.AspNetCore.Mvc.ModelBinding.Binders.ComplexObjectModelBinderProvider 
2023-10-28 09:25:47.2424|0|DEBUG|Microsoft.AspNetCore.Mvc.ModelBinding.ModelBinderFactory|Registered model binder providers, in the following order: Microsoft.AspNetCore.Mvc.ModelBinding.Binders.BinderTypeModelBinderProvider, Microsoft.AspNetCore.Mvc.ModelBinding.Binders.ServicesModelBinderProvider, Microsoft.AspNetCore.Mvc.ModelBinding.Binders.BodyModelBinderProvider, Microsoft.AspNetCore.Mvc.ModelBinding.Binders.HeaderModelBinderProvider, Microsoft.AspNetCore.Mvc.ModelBinding.Binders.FloatingPointTypeModelBinderProvider, Microsoft.AspNetCore.Mvc.ModelBinding.Binders.EnumTypeModelBinderProvider, Microsoft.AspNetCore.Mvc.ModelBinding.Binders.DateTimeModelBinderProvider, Microsoft.AspNetCore.Mvc.ModelBinding.Binders.SimpleTypeModelBinderProvider, Microsoft.AspNetCore.Mvc.ModelBinding.Binders.TryParseModelBinderProvider, Microsoft.AspNetCore.Mvc.ModelBinding.Binders.CancellationTokenModelBinderProvider, Microsoft.AspNetCore.Mvc.ModelBinding.Binders.ByteArrayModelBinderProvider, Microsoft.AspNetCore.Mvc.ModelBinding.Binders.FormFileModelBinderProvider, Microsoft.AspNetCore.Mvc.ModelBinding.Binders.FormCollectionModelBinderProvider, Microsoft.AspNetCore.Mvc.ModelBinding.Binders.KeyValuePairModelBinderProvider, Microsoft.AspNetCore.Mvc.ModelBinding.Binders.DictionaryModelBinderProvider, Microsoft.AspNetCore.Mvc.ModelBinding.Binders.ArrayModelBinderProvider, Microsoft.AspNetCore.Mvc.ModelBinding.Binders.CollectionModelBinderProvider, Microsoft.AspNetCore.Mvc.ModelBinding.Binders.ComplexObjectModelBinderProvider 
2023-10-28 09:26:18.7621|0|DEBUG|Microsoft.AspNetCore.Mvc.ModelBinding.ModelBinderFactory|Registered model binder providers, in the following order: Microsoft.AspNetCore.Mvc.ModelBinding.Binders.BinderTypeModelBinderProvider, Microsoft.AspNetCore.Mvc.ModelBinding.Binders.ServicesModelBinderProvider, Microsoft.AspNetCore.Mvc.ModelBinding.Binders.BodyModelBinderProvider, Microsoft.AspNetCore.Mvc.ModelBinding.Binders.HeaderModelBinderProvider, Microsoft.AspNetCore.Mvc.ModelBinding.Binders.FloatingPointTypeModelBinderProvider, Microsoft.AspNetCore.Mvc.ModelBinding.Binders.EnumTypeModelBinderProvider, Microsoft.AspNetCore.Mvc.ModelBinding.Binders.DateTimeModelBinderProvider, Microsoft.AspNetCore.Mvc.ModelBinding.Binders.SimpleTypeModelBinderProvider, Microsoft.AspNetCore.Mvc.ModelBinding.Binders.TryParseModelBinderProvider, Microsoft.AspNetCore.Mvc.ModelBinding.Binders.CancellationTokenModelBinderProvider, Microsoft.AspNetCore.Mvc.ModelBinding.Binders.ByteArrayModelBinderProvider, Microsoft.AspNetCore.Mvc.ModelBinding.Binders.FormFileModelBinderProvider, Microsoft.AspNetCore.Mvc.ModelBinding.Binders.FormCollectionModelBinderProvider, Microsoft.AspNetCore.Mvc.ModelBinding.Binders.KeyValuePairModelBinderProvider, Microsoft.AspNetCore.Mvc.ModelBinding.Binders.DictionaryModelBinderProvider, Microsoft.AspNetCore.Mvc.ModelBinding.Binders.ArrayModelBinderProvider, Microsoft.AspNetCore.Mvc.ModelBinding.Binders.CollectionModelBinderProvider, Microsoft.AspNetCore.Mvc.ModelBinding.Binders.ComplexObjectModelBinderProvider 
2023-10-28 09:28:30.5848|0|DEBUG|Microsoft.AspNetCore.Mvc.ModelBinding.ModelBinderFactory|Registered model binder providers, in the following order: Microsoft.AspNetCore.Mvc.ModelBinding.Binders.BinderTypeModelBinderProvider, Microsoft.AspNetCore.Mvc.ModelBinding.Binders.ServicesModelBinderProvider, Microsoft.AspNetCore.Mvc.ModelBinding.Binders.BodyModelBinderProvider, Microsoft.AspNetCore.Mvc.ModelBinding.Binders.HeaderModelBinderProvider, Microsoft.AspNetCore.Mvc.ModelBinding.Binders.FloatingPointTypeModelBinderProvider, Microsoft.AspNetCore.Mvc.ModelBinding.Binders.EnumTypeModelBinderProvider, Microsoft.AspNetCore.Mvc.ModelBinding.Binders.DateTimeModelBinderProvider, Microsoft.AspNetCore.Mvc.ModelBinding.Binders.SimpleTypeModelBinderProvider, Microsoft.AspNetCore.Mvc.ModelBinding.Binders.TryParseModelBinderProvider, Microsoft.AspNetCore.Mvc.ModelBinding.Binders.CancellationTokenModelBinderProvider, Microsoft.AspNetCore.Mvc.ModelBinding.Binders.ByteArrayModelBinderProvider, Microsoft.AspNetCore.Mvc.ModelBinding.Binders.FormFileModelBinderProvider, Microsoft.AspNetCore.Mvc.ModelBinding.Binders.FormCollectionModelBinderProvider, Microsoft.AspNetCore.Mvc.ModelBinding.Binders.KeyValuePairModelBinderProvider, Microsoft.AspNetCore.Mvc.ModelBinding.Binders.DictionaryModelBinderProvider, Microsoft.AspNetCore.Mvc.ModelBinding.Binders.ArrayModelBinderProvider, Microsoft.AspNetCore.Mvc.ModelBinding.Binders.CollectionModelBinderProvider, Microsoft.AspNetCore.Mvc.ModelBinding.Binders.ComplexObjectModelBinderProvider 
2023-10-28 09:28:30.6941|0|DEBUG|Microsoft.Extensions.Hosting.Internal.Host|Hosting starting 
2023-10-28 09:28:32.3002|0|INFO|Microsoft.AspNetCore.DataProtection.KeyManagement.XmlKeyManager|User profile is available. Using 'C:\Users\Laven\AppData\Local\ASP.NET\DataProtection-Keys' as key repository and Windows DPAPI to encrypt keys at rest. 
2023-10-28 09:28:32.4694|0|DEBUG|Microsoft.AspNetCore.DataProtection.Repositories.FileSystemXmlRepository|Reading data from file 'C:\Users\Laven\AppData\Local\ASP.NET\DataProtection-Keys\key-986fe8c4-a792-4074-b9ad-6a118ccf56a9.xml'. 
2023-10-28 09:28:32.4694|0|DEBUG|Microsoft.AspNetCore.DataProtection.Repositories.FileSystemXmlRepository|Reading data from file 'C:\Users\Laven\AppData\Local\ASP.NET\DataProtection-Keys\key-cd28ee06-4595-46d4-8679-e06dac3a83e0.xml'. 
2023-10-28 09:28:32.4694|0|DEBUG|Microsoft.AspNetCore.DataProtection.KeyManagement.XmlKeyManager|Found key {986fe8c4-a792-4074-b9ad-6a118ccf56a9}. 
2023-10-28 09:28:32.4694|0|DEBUG|Microsoft.AspNetCore.DataProtection.KeyManagement.XmlKeyManager|Found key {cd28ee06-4595-46d4-8679-e06dac3a83e0}. 
2023-10-28 09:28:32.4694|0|DEBUG|Microsoft.AspNetCore.DataProtection.KeyManagement.DefaultKeyResolver|Considering key {cd28ee06-4595-46d4-8679-e06dac3a83e0} with expiration date 2023-12-21 09:26:14Z as default key. 
2023-10-28 09:28:32.4866|0|DEBUG|Microsoft.AspNetCore.DataProtection.TypeForwardingActivator|Forwarded activator type request from Microsoft.AspNetCore.DataProtection.XmlEncryption.DpapiXmlDecryptor, Microsoft.AspNetCore.DataProtection, Version=7.0.0.0, Culture=neutral, PublicKeyToken=adb9793829ddae60 to Microsoft.AspNetCore.DataProtection.XmlEncryption.DpapiXmlDecryptor, Microsoft.AspNetCore.DataProtection, Culture=neutral, PublicKeyToken=adb9793829ddae60 
2023-10-28 09:28:32.4866|0|DEBUG|Microsoft.AspNetCore.DataProtection.XmlEncryption.DpapiXmlDecryptor|Decrypting secret element using Windows DPAPI. 
2023-10-28 09:28:32.4866|0|DEBUG|Microsoft.AspNetCore.DataProtection.TypeForwardingActivator|Forwarded activator type request from Microsoft.AspNetCore.DataProtection.AuthenticatedEncryption.ConfigurationModel.AuthenticatedEncryptorDescriptorDeserializer, Microsoft.AspNetCore.DataProtection, Version=7.0.0.0, Culture=neutral, PublicKeyToken=adb9793829ddae60 to Microsoft.AspNetCore.DataProtection.AuthenticatedEncryption.ConfigurationModel.AuthenticatedEncryptorDescriptorDeserializer, Microsoft.AspNetCore.DataProtection, Culture=neutral, PublicKeyToken=adb9793829ddae60 
2023-10-28 09:28:32.4866|0|DEBUG|Microsoft.AspNetCore.DataProtection.AuthenticatedEncryption.CngCbcAuthenticatedEncryptorFactory|Opening CNG algorithm 'AES' from provider '(null)' with chaining mode CBC. 
2023-10-28 09:28:32.4866|0|DEBUG|Microsoft.AspNetCore.DataProtection.AuthenticatedEncryption.CngCbcAuthenticatedEncryptorFactory|Opening CNG algorithm 'SHA256' from provider '(null)' with HMAC. 
2023-10-28 09:28:32.4866|0|DEBUG|Microsoft.AspNetCore.DataProtection.KeyManagement.KeyRingProvider|Using key {cd28ee06-4595-46d4-8679-e06dac3a83e0} as the default key. 
2023-10-28 09:28:32.4866|0|DEBUG|Microsoft.AspNetCore.DataProtection.Internal.DataProtectionHostedService|Key ring with default key {cd28ee06-4595-46d4-8679-e06dac3a83e0} was loaded during application startup. 
2023-10-28 09:28:32.5247|0|FATAL|Microsoft.AspNetCore.Hosting.Diagnostics|Application startup exception System.InvalidOperationException: Unable to resolve service for type 'Microsoft.Extensions.Logging.ILogger' while attempting to activate 'MyProger.Micro.JobListAPI.Middlewares.RequestLoggigMiddleware+RequestLoggingMiddleware'.
   at Microsoft.Extensions.Internal.ActivatorUtilities.ConstructorMatcher.CreateInstance(IServiceProvider provider)
   at Microsoft.Extensions.Internal.ActivatorUtilities.CreateInstance(IServiceProvider provider, Type instanceType, Object[] parameters)
   at Microsoft.AspNetCore.Builder.UseMiddlewareExtensions.<>c__DisplayClass5_0.<UseMiddleware>b__0(RequestDelegate next)
   at Microsoft.AspNetCore.Builder.ApplicationBuilder.Build()
   at Microsoft.AspNetCore.Builder.ApplicationBuilder.Build()
   at Microsoft.AspNetCore.Hosting.GenericWebHostService.StartAsync(CancellationToken cancellationToken)
2023-10-28 09:29:29.6727|0|DEBUG|Microsoft.AspNetCore.Mvc.ModelBinding.ModelBinderFactory|Registered model binder providers, in the following order: Microsoft.AspNetCore.Mvc.ModelBinding.Binders.BinderTypeModelBinderProvider, Microsoft.AspNetCore.Mvc.ModelBinding.Binders.ServicesModelBinderProvider, Microsoft.AspNetCore.Mvc.ModelBinding.Binders.BodyModelBinderProvider, Microsoft.AspNetCore.Mvc.ModelBinding.Binders.HeaderModelBinderProvider, Microsoft.AspNetCore.Mvc.ModelBinding.Binders.FloatingPointTypeModelBinderProvider, Microsoft.AspNetCore.Mvc.ModelBinding.Binders.EnumTypeModelBinderProvider, Microsoft.AspNetCore.Mvc.ModelBinding.Binders.DateTimeModelBinderProvider, Microsoft.AspNetCore.Mvc.ModelBinding.Binders.SimpleTypeModelBinderProvider, Microsoft.AspNetCore.Mvc.ModelBinding.Binders.TryParseModelBinderProvider, Microsoft.AspNetCore.Mvc.ModelBinding.Binders.CancellationTokenModelBinderProvider, Microsoft.AspNetCore.Mvc.ModelBinding.Binders.ByteArrayModelBinderProvider, Microsoft.AspNetCore.Mvc.ModelBinding.Binders.FormFileModelBinderProvider, Microsoft.AspNetCore.Mvc.ModelBinding.Binders.FormCollectionModelBinderProvider, Microsoft.AspNetCore.Mvc.ModelBinding.Binders.KeyValuePairModelBinderProvider, Microsoft.AspNetCore.Mvc.ModelBinding.Binders.DictionaryModelBinderProvider, Microsoft.AspNetCore.Mvc.ModelBinding.Binders.ArrayModelBinderProvider, Microsoft.AspNetCore.Mvc.ModelBinding.Binders.CollectionModelBinderProvider, Microsoft.AspNetCore.Mvc.ModelBinding.Binders.ComplexObjectModelBinderProvider 
2023-10-28 09:29:29.7816|0|DEBUG|Microsoft.Extensions.Hosting.Internal.Host|Hosting starting 
2023-10-28 09:29:31.6452|0|INFO|Microsoft.AspNetCore.DataProtection.KeyManagement.XmlKeyManager|User profile is available. Using 'C:\Users\Laven\AppData\Local\ASP.NET\DataProtection-Keys' as key repository and Windows DPAPI to encrypt keys at rest. 
2023-10-28 09:29:31.8117|0|DEBUG|Microsoft.AspNetCore.DataProtection.Repositories.FileSystemXmlRepository|Reading data from file 'C:\Users\Laven\AppData\Local\ASP.NET\DataProtection-Keys\key-986fe8c4-a792-4074-b9ad-6a118ccf56a9.xml'. 
2023-10-28 09:29:31.8130|0|DEBUG|Microsoft.AspNetCore.DataProtection.Repositories.FileSystemXmlRepository|Reading data from file 'C:\Users\Laven\AppData\Local\ASP.NET\DataProtection-Keys\key-cd28ee06-4595-46d4-8679-e06dac3a83e0.xml'. 
2023-10-28 09:29:31.8130|0|DEBUG|Microsoft.AspNetCore.DataProtection.KeyManagement.XmlKeyManager|Found key {986fe8c4-a792-4074-b9ad-6a118ccf56a9}. 
2023-10-28 09:29:31.8130|0|DEBUG|Microsoft.AspNetCore.DataProtection.KeyManagement.XmlKeyManager|Found key {cd28ee06-4595-46d4-8679-e06dac3a83e0}. 
2023-10-28 09:29:31.8130|0|DEBUG|Microsoft.AspNetCore.DataProtection.KeyManagement.DefaultKeyResolver|Considering key {cd28ee06-4595-46d4-8679-e06dac3a83e0} with expiration date 2023-12-21 09:26:14Z as default key. 
2023-10-28 09:29:31.8130|0|DEBUG|Microsoft.AspNetCore.DataProtection.TypeForwardingActivator|Forwarded activator type request from Microsoft.AspNetCore.DataProtection.XmlEncryption.DpapiXmlDecryptor, Microsoft.AspNetCore.DataProtection, Version=7.0.0.0, Culture=neutral, PublicKeyToken=adb9793829ddae60 to Microsoft.AspNetCore.DataProtection.XmlEncryption.DpapiXmlDecryptor, Microsoft.AspNetCore.DataProtection, Culture=neutral, PublicKeyToken=adb9793829ddae60 
2023-10-28 09:29:31.8276|0|DEBUG|Microsoft.AspNetCore.DataProtection.XmlEncryption.DpapiXmlDecryptor|Decrypting secret element using Windows DPAPI. 
2023-10-28 09:29:31.8276|0|DEBUG|Microsoft.AspNetCore.DataProtection.TypeForwardingActivator|Forwarded activator type request from Microsoft.AspNetCore.DataProtection.AuthenticatedEncryption.ConfigurationModel.AuthenticatedEncryptorDescriptorDeserializer, Microsoft.AspNetCore.DataProtection, Version=7.0.0.0, Culture=neutral, PublicKeyToken=adb9793829ddae60 to Microsoft.AspNetCore.DataProtection.AuthenticatedEncryption.ConfigurationModel.AuthenticatedEncryptorDescriptorDeserializer, Microsoft.AspNetCore.DataProtection, Culture=neutral, PublicKeyToken=adb9793829ddae60 
2023-10-28 09:29:31.8276|0|DEBUG|Microsoft.AspNetCore.DataProtection.AuthenticatedEncryption.CngCbcAuthenticatedEncryptorFactory|Opening CNG algorithm 'AES' from provider '(null)' with chaining mode CBC. 
2023-10-28 09:29:31.8276|0|DEBUG|Microsoft.AspNetCore.DataProtection.AuthenticatedEncryption.CngCbcAuthenticatedEncryptorFactory|Opening CNG algorithm 'SHA256' from provider '(null)' with HMAC. 
2023-10-28 09:29:31.8276|0|DEBUG|Microsoft.AspNetCore.DataProtection.KeyManagement.KeyRingProvider|Using key {cd28ee06-4595-46d4-8679-e06dac3a83e0} as the default key. 
2023-10-28 09:29:31.8276|0|DEBUG|Microsoft.AspNetCore.DataProtection.Internal.DataProtectionHostedService|Key ring with default key {cd28ee06-4595-46d4-8679-e06dac3a83e0} was loaded during application startup. 
2023-10-28 09:29:31.8637|0|FATAL|Microsoft.AspNetCore.Hosting.Diagnostics|Application startup exception System.InvalidOperationException: Unable to resolve service for type 'Microsoft.Extensions.Logging.ILogger' while attempting to activate 'MyProger.Micro.JobListAPI.Middlewares.RequestLoggigMiddleware+RequestLoggingMiddleware'.
   at Microsoft.Extensions.Internal.ActivatorUtilities.ConstructorMatcher.CreateInstance(IServiceProvider provider)
   at Microsoft.Extensions.Internal.ActivatorUtilities.CreateInstance(IServiceProvider provider, Type instanceType, Object[] parameters)
   at Microsoft.AspNetCore.Builder.UseMiddlewareExtensions.<>c__DisplayClass5_0.<UseMiddleware>b__0(RequestDelegate next)
   at Microsoft.AspNetCore.Builder.ApplicationBuilder.Build()
   at Microsoft.AspNetCore.Builder.ApplicationBuilder.Build()
   at Microsoft.AspNetCore.Hosting.GenericWebHostService.StartAsync(CancellationToken cancellationToken)
2023-10-28 09:30:23.7491|0|DEBUG|Microsoft.AspNetCore.Mvc.ModelBinding.ModelBinderFactory|Registered model binder providers, in the following order: Microsoft.AspNetCore.Mvc.ModelBinding.Binders.BinderTypeModelBinderProvider, Microsoft.AspNetCore.Mvc.ModelBinding.Binders.ServicesModelBinderProvider, Microsoft.AspNetCore.Mvc.ModelBinding.Binders.BodyModelBinderProvider, Microsoft.AspNetCore.Mvc.ModelBinding.Binders.HeaderModelBinderProvider, Microsoft.AspNetCore.Mvc.ModelBinding.Binders.FloatingPointTypeModelBinderProvider, Microsoft.AspNetCore.Mvc.ModelBinding.Binders.EnumTypeModelBinderProvider, Microsoft.AspNetCore.Mvc.ModelBinding.Binders.DateTimeModelBinderProvider, Microsoft.AspNetCore.Mvc.ModelBinding.Binders.SimpleTypeModelBinderProvider, Microsoft.AspNetCore.Mvc.ModelBinding.Binders.TryParseModelBinderProvider, Microsoft.AspNetCore.Mvc.ModelBinding.Binders.CancellationTokenModelBinderProvider, Microsoft.AspNetCore.Mvc.ModelBinding.Binders.ByteArrayModelBinderProvider, Microsoft.AspNetCore.Mvc.ModelBinding.Binders.FormFileModelBinderProvider, Microsoft.AspNetCore.Mvc.ModelBinding.Binders.FormCollectionModelBinderProvider, Microsoft.AspNetCore.Mvc.ModelBinding.Binders.KeyValuePairModelBinderProvider, Microsoft.AspNetCore.Mvc.ModelBinding.Binders.DictionaryModelBinderProvider, Microsoft.AspNetCore.Mvc.ModelBinding.Binders.ArrayModelBinderProvider, Microsoft.AspNetCore.Mvc.ModelBinding.Binders.CollectionModelBinderProvider, Microsoft.AspNetCore.Mvc.ModelBinding.Binders.ComplexObjectModelBinderProvider 
2023-10-28 09:30:23.8635|0|DEBUG|Microsoft.Extensions.Hosting.Internal.Host|Hosting starting 
2023-10-28 09:30:25.4917|0|INFO|Microsoft.AspNetCore.DataProtection.KeyManagement.XmlKeyManager|User profile is available. Using 'C:\Users\Laven\AppData\Local\ASP.NET\DataProtection-Keys' as key repository and Windows DPAPI to encrypt keys at rest. 
2023-10-28 09:30:25.6597|0|DEBUG|Microsoft.AspNetCore.DataProtection.Repositories.FileSystemXmlRepository|Reading data from file 'C:\Users\Laven\AppData\Local\ASP.NET\DataProtection-Keys\key-986fe8c4-a792-4074-b9ad-6a118ccf56a9.xml'. 
2023-10-28 09:30:25.6597|0|DEBUG|Microsoft.AspNetCore.DataProtection.Repositories.FileSystemXmlRepository|Reading data from file 'C:\Users\Laven\AppData\Local\ASP.NET\DataProtection-Keys\key-cd28ee06-4595-46d4-8679-e06dac3a83e0.xml'. 
2023-10-28 09:30:25.6597|0|DEBUG|Microsoft.AspNetCore.DataProtection.KeyManagement.XmlKeyManager|Found key {986fe8c4-a792-4074-b9ad-6a118ccf56a9}. 
2023-10-28 09:30:25.6597|0|DEBUG|Microsoft.AspNetCore.DataProtection.KeyManagement.XmlKeyManager|Found key {cd28ee06-4595-46d4-8679-e06dac3a83e0}. 
2023-10-28 09:30:25.6597|0|DEBUG|Microsoft.AspNetCore.DataProtection.KeyManagement.DefaultKeyResolver|Considering key {cd28ee06-4595-46d4-8679-e06dac3a83e0} with expiration date 2023-12-21 09:26:14Z as default key. 
2023-10-28 09:30:25.6733|0|DEBUG|Microsoft.AspNetCore.DataProtection.TypeForwardingActivator|Forwarded activator type request from Microsoft.AspNetCore.DataProtection.XmlEncryption.DpapiXmlDecryptor, Microsoft.AspNetCore.DataProtection, Version=7.0.0.0, Culture=neutral, PublicKeyToken=adb9793829ddae60 to Microsoft.AspNetCore.DataProtection.XmlEncryption.DpapiXmlDecryptor, Microsoft.AspNetCore.DataProtection, Culture=neutral, PublicKeyToken=adb9793829ddae60 
2023-10-28 09:30:25.6733|0|DEBUG|Microsoft.AspNetCore.DataProtection.XmlEncryption.DpapiXmlDecryptor|Decrypting secret element using Windows DPAPI. 
2023-10-28 09:30:25.6733|0|DEBUG|Microsoft.AspNetCore.DataProtection.TypeForwardingActivator|Forwarded activator type request from Microsoft.AspNetCore.DataProtection.AuthenticatedEncryption.ConfigurationModel.AuthenticatedEncryptorDescriptorDeserializer, Microsoft.AspNetCore.DataProtection, Version=7.0.0.0, Culture=neutral, PublicKeyToken=adb9793829ddae60 to Microsoft.AspNetCore.DataProtection.AuthenticatedEncryption.ConfigurationModel.AuthenticatedEncryptorDescriptorDeserializer, Microsoft.AspNetCore.DataProtection, Culture=neutral, PublicKeyToken=adb9793829ddae60 
2023-10-28 09:30:25.6733|0|DEBUG|Microsoft.AspNetCore.DataProtection.AuthenticatedEncryption.CngCbcAuthenticatedEncryptorFactory|Opening CNG algorithm 'AES' from provider '(null)' with chaining mode CBC. 
2023-10-28 09:30:25.6733|0|DEBUG|Microsoft.AspNetCore.DataProtection.AuthenticatedEncryption.CngCbcAuthenticatedEncryptorFactory|Opening CNG algorithm 'SHA256' from provider '(null)' with HMAC. 
2023-10-28 09:30:25.6733|0|DEBUG|Microsoft.AspNetCore.DataProtection.KeyManagement.KeyRingProvider|Using key {cd28ee06-4595-46d4-8679-e06dac3a83e0} as the default key. 
2023-10-28 09:30:25.6733|0|DEBUG|Microsoft.AspNetCore.DataProtection.Internal.DataProtectionHostedService|Key ring with default key {cd28ee06-4595-46d4-8679-e06dac3a83e0} was loaded during application startup. 
2023-10-28 09:30:25.7894|0|INFO|Microsoft.Hosting.Lifetime|Now listening on: https://localhost:7041 
2023-10-28 09:30:25.8036|0|INFO|Microsoft.Hosting.Lifetime|Now listening on: http://localhost:5133 
2023-10-28 09:30:25.8036|0|DEBUG|Microsoft.AspNetCore.Hosting.Diagnostics|Loaded hosting startup assembly MyProger.Micro.JobListAPI 
2023-10-28 09:30:25.8036|0|INFO|Microsoft.Hosting.Lifetime|Application started. Press Ctrl+C to shut down. 
2023-10-28 09:30:25.8036|0|INFO|Microsoft.Hosting.Lifetime|Hosting environment: Development 
2023-10-28 09:30:25.8036|0|INFO|Microsoft.Hosting.Lifetime|Content root path: E:\DotNetProjects\MyProger\MyProger.Micro.JobListAPI 
2023-10-28 09:30:25.8036|0|DEBUG|Microsoft.Extensions.Hosting.Internal.Host|Hosting started 
2023-10-28 09:30:25.9548|0|DEBUG|Microsoft.AspNetCore.Server.Kestrel.Transport.Sockets|Connection id "0HMUNCOSSTJ84" received FIN. 
2023-10-28 09:30:25.9548|0|DEBUG|Microsoft.AspNetCore.Server.Kestrel.Connections|Connection id "0HMUNCOSSTJ84" accepted. 
2023-10-28 09:30:25.9548|0|DEBUG|Microsoft.AspNetCore.Server.Kestrel.Connections|Connection id "0HMUNCOSSTJ84" started. 
2023-10-28 09:30:25.9548|0|DEBUG|Microsoft.AspNetCore.Server.Kestrel.Https.Internal.HttpsConnectionMiddleware|Failed to authenticate HTTPS connection. System.IO.IOException:  Received an unexpected EOF or 0 bytes from the transport stream.
   at System.Net.Security.SslStream.ReceiveBlobAsync[TIOAdapter](CancellationToken cancellationToken)
   at System.Net.Security.SslStream.ForceAuthenticationAsync[TIOAdapter](Boolean receiveFirst, Byte[] reAuthenticationData, CancellationToken cancellationToken)
   at Microsoft.AspNetCore.Server.Kestrel.Https.Internal.HttpsConnectionMiddleware.OnConnectionAsync(ConnectionContext context)
2023-10-28 09:30:25.9903|0|DEBUG|Microsoft.AspNetCore.Server.Kestrel.Connections|Connection id "0HMUNCOSSTJ84" stopped. 
2023-10-28 09:30:25.9903|0|DEBUG|Microsoft.AspNetCore.Server.Kestrel.Transport.Sockets|Connection id "0HMUNCOSSTJ84" sending FIN because: "The Socket transport's send loop completed gracefully." 
2023-10-28 09:30:26.0669|0|DEBUG|Microsoft.AspNetCore.Server.Kestrel.Connections|Connection id "0HMUNCOSSTJ85" accepted. 
2023-10-28 09:30:26.0669|0|DEBUG|Microsoft.AspNetCore.Server.Kestrel.Connections|Connection id "0HMUNCOSSTJ85" started. 
2023-10-28 09:30:26.1059|0|DEBUG|Microsoft.AspNetCore.Server.Kestrel.Https.Internal.HttpsConnectionMiddleware|Connection 0HMUNCOSSTJ85 established using the following protocol: Tls13 
2023-10-28 09:30:26.1231|0|TRACE|Microsoft.AspNetCore.Server.Kestrel.Http2|Connection id "0HMUNCOSSTJ85" sending SETTINGS frame for stream ID 0 with length 24 and flags NONE. 
2023-10-28 09:30:26.1244|0|TRACE|Microsoft.AspNetCore.Server.Kestrel.Http2|Connection id "0HMUNCOSSTJ85" sending WINDOW_UPDATE frame for stream ID 0 with length 4 and flags 0x0. 
2023-10-28 09:30:26.1244|0|TRACE|Microsoft.AspNetCore.Server.Kestrel.Http2|Connection id "0HMUNCOSSTJ85" received SETTINGS frame for stream ID 0 with length 24 and flags NONE. 
2023-10-28 09:30:26.1244|0|TRACE|Microsoft.AspNetCore.Server.Kestrel.Http2|Connection id "0HMUNCOSSTJ85" sending SETTINGS frame for stream ID 0 with length 0 and flags ACK. 
2023-10-28 09:30:26.1244|0|TRACE|Microsoft.AspNetCore.Server.Kestrel.Http2|Connection id "0HMUNCOSSTJ85" received WINDOW_UPDATE frame for stream ID 0 with length 4 and flags 0x0. 
2023-10-28 09:30:26.1244|0|TRACE|Microsoft.AspNetCore.Server.Kestrel.Http2|Connection id "0HMUNCOSSTJ85" received HEADERS frame for stream ID 1 with length 1611 and flags END_STREAM, END_HEADERS, PRIORITY. 
2023-10-28 09:30:26.1244|0|TRACE|Microsoft.AspNetCore.Server.Kestrel.Http2|Connection id "0HMUNCOSSTJ85" received SETTINGS frame for stream ID 0 with length 0 and flags ACK. 
2023-10-28 09:30:26.1596|0|INFO|Microsoft.AspNetCore.Hosting.Diagnostics|Request starting HTTP/2 GET https://localhost:7041/swagger - - 
2023-10-28 09:30:26.1596|0|DEBUG|Microsoft.AspNetCore.HostFiltering.HostFilteringMiddleware|Wildcard detected, all requests with hosts will be allowed. 
2023-10-28 09:30:26.1596|0|TRACE|Microsoft.AspNetCore.HostFiltering.HostFilteringMiddleware|All hosts are allowed. 
2023-10-28 09:30:26.2051|0|INFO|Microsoft.AspNetCore.Hosting.Diagnostics|Request finished HTTP/2 GET https://localhost:7041/swagger - - - 301 0 - 45.1371ms 
2023-10-28 09:30:26.2051|0|TRACE|Microsoft.AspNetCore.Server.Kestrel.Http2|Connection id "0HMUNCOSSTJ85" sending HEADERS frame for stream ID 1 with length 69 and flags END_STREAM, END_HEADERS. 
2023-10-28 09:30:26.2051|0|TRACE|Microsoft.AspNetCore.Server.Kestrel.Http2|Connection id "0HMUNCOSSTJ85" received HEADERS frame for stream ID 3 with length 43 and flags END_STREAM, END_HEADERS, PRIORITY. 
2023-10-28 09:30:26.2051|0|INFO|Microsoft.AspNetCore.Hosting.Diagnostics|Request starting HTTP/2 GET https://localhost:7041/swagger/index.html - - 
2023-10-28 09:30:26.2051|0|TRACE|Microsoft.AspNetCore.HostFiltering.HostFilteringMiddleware|All hosts are allowed. 
2023-10-28 09:30:26.2964|0|TRACE|Microsoft.AspNetCore.Server.Kestrel.Http2|Connection id "0HMUNCOSSTJ85" sending HEADERS frame for stream ID 3 with length 28 and flags END_HEADERS. 
2023-10-28 09:30:26.2965|0|TRACE|Microsoft.AspNetCore.Server.Kestrel.Http2|Connection id "0HMUNCOSSTJ85" sending DATA frame for stream ID 3 with length 4760 and flags NONE. 
2023-10-28 09:30:26.2965|0|TRACE|Microsoft.AspNetCore.Server.Kestrel.Http2|Connection id "0HMUNCOSSTJ85" sending DATA frame for stream ID 3 with length 0 and flags END_STREAM. 
2023-10-28 09:30:26.2965|0|INFO|Microsoft.AspNetCore.Hosting.Diagnostics|Request finished HTTP/2 GET https://localhost:7041/swagger/index.html - - - 200 - text/html;charset=utf-8 83.7200ms 
2023-10-28 09:30:26.3390|0|TRACE|Microsoft.AspNetCore.Server.Kestrel.Http2|Connection id "0HMUNCOSSTJ85" received HEADERS frame for stream ID 5 with length 114 and flags END_STREAM, END_HEADERS, PRIORITY. 
2023-10-28 09:30:26.3390|0|TRACE|Microsoft.AspNetCore.Server.Kestrel.Http2|Connection id "0HMUNCOSSTJ85" received HEADERS frame for stream ID 7 with length 59 and flags END_STREAM, END_HEADERS, PRIORITY. 
2023-10-28 09:30:26.3390|0|INFO|Microsoft.AspNetCore.Hosting.Diagnostics|Request starting HTTP/2 GET https://localhost:7041/swagger/swagger-ui.css - - 
2023-10-28 09:30:26.3390|0|TRACE|Microsoft.AspNetCore.HostFiltering.HostFilteringMiddleware|All hosts are allowed. 
2023-10-28 09:30:26.3390|0|TRACE|Microsoft.AspNetCore.Server.Kestrel.Http2|Connection id "0HMUNCOSSTJ85" received HEADERS frame for stream ID 9 with length 57 and flags END_STREAM, END_HEADERS, PRIORITY. 
2023-10-28 09:30:26.3390|0|INFO|Microsoft.AspNetCore.Hosting.Diagnostics|Request starting HTTP/2 GET https://localhost:7041/swagger/swagger-ui-bundle.js - - 
2023-10-28 09:30:26.3390|0|TRACE|Microsoft.AspNetCore.HostFiltering.HostFilteringMiddleware|All hosts are allowed. 
2023-10-28 09:30:26.3390|0|INFO|Microsoft.AspNetCore.Hosting.Diagnostics|Request starting HTTP/2 GET https://localhost:7041/swagger/swagger-ui-standalone-preset.js - - 
2023-10-28 09:30:26.3390|0|TRACE|Microsoft.AspNetCore.HostFiltering.HostFilteringMiddleware|All hosts are allowed. 
2023-10-28 09:30:26.3667|0|TRACE|Microsoft.AspNetCore.StaticFiles.StaticFileMiddleware|Range header's value is empty. 
2023-10-28 09:30:26.3667|0|TRACE|Microsoft.AspNetCore.StaticFiles.StaticFileMiddleware|Range header's value is empty. 
2023-10-28 09:30:26.3667|0|TRACE|Microsoft.AspNetCore.StaticFiles.StaticFileMiddleware|Range header's value is empty. 
2023-10-28 09:30:26.3667|0|TRACE|Microsoft.AspNetCore.Server.Kestrel.Http2|Connection id "0HMUNCOSSTJ85" sending HEADERS frame for stream ID 5 with length 79 and flags END_HEADERS. 
2023-10-28 09:30:26.3667|0|TRACE|Microsoft.AspNetCore.Server.Kestrel.Http2|Connection id "0HMUNCOSSTJ85" sending DATA frame for stream ID 5 with length 16384 and flags NONE. 
2023-10-28 09:30:26.3667|0|TRACE|Microsoft.AspNetCore.Server.Kestrel.Http2|Connection id "0HMUNCOSSTJ85" sending DATA frame for stream ID 5 with length 16384 and flags NONE. 
2023-10-28 09:30:26.3667|0|TRACE|Microsoft.AspNetCore.Server.Kestrel.Http2|Connection id "0HMUNCOSSTJ85" sending DATA frame for stream ID 5 with length 16384 and flags NONE. 
2023-10-28 09:30:26.3667|0|TRACE|Microsoft.AspNetCore.Server.Kestrel.Http2|Connection id "0HMUNCOSSTJ85" sending DATA frame for stream ID 5 with length 16384 and flags NONE. 
2023-10-28 09:30:26.3781|0|TRACE|Microsoft.AspNetCore.Server.Kestrel.Http2|Connection id "0HMUNCOSSTJ85" sending HEADERS frame for stream ID 9 with length 50 and flags END_HEADERS. 
2023-10-28 09:30:26.3781|0|TRACE|Microsoft.AspNetCore.Server.Kestrel.Http2|Connection id "0HMUNCOSSTJ85" sending DATA frame for stream ID 9 with length 16384 and flags NONE. 
2023-10-28 09:30:26.3781|0|TRACE|Microsoft.AspNetCore.Server.Kestrel.Http2|Connection id "0HMUNCOSSTJ85" sending DATA frame for stream ID 9 with length 16384 and flags NONE. 
2023-10-28 09:30:26.3781|0|TRACE|Microsoft.AspNetCore.Server.Kestrel.Http2|Connection id "0HMUNCOSSTJ85" sending DATA frame for stream ID 9 with length 16384 and flags NONE. 
2023-10-28 09:30:26.3781|0|TRACE|Microsoft.AspNetCore.Server.Kestrel.Http2|Connection id "0HMUNCOSSTJ85" sending DATA frame for stream ID 9 with length 16384 and flags NONE. 
2023-10-28 09:30:26.3781|0|TRACE|Microsoft.AspNetCore.Server.Kestrel.Http2|Connection id "0HMUNCOSSTJ85" sending HEADERS frame for stream ID 7 with length 35 and flags END_HEADERS. 
2023-10-28 09:30:26.3781|0|TRACE|Microsoft.AspNetCore.Server.Kestrel.Http2|Connection id "0HMUNCOSSTJ85" sending DATA frame for stream ID 7 with length 16384 and flags NONE. 
2023-10-28 09:30:26.3781|0|TRACE|Microsoft.AspNetCore.Server.Kestrel.Http2|Connection id "0HMUNCOSSTJ85" sending DATA frame for stream ID 7 with length 16384 and flags NONE. 
2023-10-28 09:30:26.3781|0|TRACE|Microsoft.AspNetCore.Server.Kestrel.Http2|Connection id "0HMUNCOSSTJ85" sending DATA frame for stream ID 7 with length 16384 and flags NONE. 
2023-10-28 09:30:26.3781|0|TRACE|Microsoft.AspNetCore.Server.Kestrel.Http2|Connection id "0HMUNCOSSTJ85" sending DATA frame for stream ID 7 with length 16384 and flags NONE. 
2023-10-28 09:30:26.3904|0|TRACE|Microsoft.AspNetCore.Server.Kestrel.Http2|Connection id "0HMUNCOSSTJ85" sending DATA frame for stream ID 5 with length 16384 and flags NONE. 
2023-10-28 09:30:26.3904|0|TRACE|Microsoft.AspNetCore.Server.Kestrel.Http2|Connection id "0HMUNCOSSTJ85" sending DATA frame for stream ID 5 with length 16384 and flags NONE. 
2023-10-28 09:30:26.3904|0|TRACE|Microsoft.AspNetCore.Server.Kestrel.Http2|Connection id "0HMUNCOSSTJ85" sending DATA frame for stream ID 5 with length 16384 and flags NONE. 
2023-10-28 09:30:26.3904|0|TRACE|Microsoft.AspNetCore.Server.Kestrel.Http2|Connection id "0HMUNCOSSTJ85" sending DATA frame for stream ID 5 with length 16384 and flags NONE. 
2023-10-28 09:30:26.3904|0|TRACE|Microsoft.AspNetCore.Server.Kestrel.Http2|Connection id "0HMUNCOSSTJ85" sending DATA frame for stream ID 9 with length 16384 and flags NONE. 
2023-10-28 09:30:26.3904|0|TRACE|Microsoft.AspNetCore.Server.Kestrel.Http2|Connection id "0HMUNCOSSTJ85" sending DATA frame for stream ID 9 with length 16384 and flags NONE. 
2023-10-28 09:30:26.3904|0|TRACE|Microsoft.AspNetCore.Server.Kestrel.Http2|Connection id "0HMUNCOSSTJ85" sending DATA frame for stream ID 9 with length 16384 and flags NONE. 
2023-10-28 09:30:26.3904|0|TRACE|Microsoft.AspNetCore.Server.Kestrel.Http2|Connection id "0HMUNCOSSTJ85" sending DATA frame for stream ID 9 with length 16384 and flags NONE. 
2023-10-28 09:30:26.3904|0|TRACE|Microsoft.AspNetCore.Server.Kestrel.Http2|Connection id "0HMUNCOSSTJ85" sending DATA frame for stream ID 5 with length 13857 and flags NONE. 
2023-10-28 09:30:26.3904|0|TRACE|Microsoft.AspNetCore.Server.Kestrel.Http2|Connection id "0HMUNCOSSTJ85" sending DATA frame for stream ID 7 with length 16384 and flags NONE. 
2023-10-28 09:30:26.3904|0|TRACE|Microsoft.AspNetCore.Server.Kestrel.Http2|Connection id "0HMUNCOSSTJ85" sending DATA frame for stream ID 7 with length 16384 and flags NONE. 
2023-10-28 09:30:26.3904|0|TRACE|Microsoft.AspNetCore.Server.Kestrel.Http2|Connection id "0HMUNCOSSTJ85" sending DATA frame for stream ID 7 with length 16384 and flags NONE. 
2023-10-28 09:30:26.3904|0|TRACE|Microsoft.AspNetCore.Server.Kestrel.Http2|Connection id "0HMUNCOSSTJ85" sending DATA frame for stream ID 7 with length 16384 and flags NONE. 
2023-10-28 09:30:26.3904|0|TRACE|Microsoft.AspNetCore.Server.Kestrel.Http2|Connection id "0HMUNCOSSTJ85" sending DATA frame for stream ID 9 with length 16384 and flags NONE. 
2023-10-28 09:30:26.3904|0|TRACE|Microsoft.AspNetCore.Server.Kestrel.Http2|Connection id "0HMUNCOSSTJ85" sending DATA frame for stream ID 9 with length 16384 and flags NONE. 
2023-10-28 09:30:26.3904|0|TRACE|Microsoft.AspNetCore.Server.Kestrel.Http2|Connection id "0HMUNCOSSTJ85" sending DATA frame for stream ID 9 with length 16384 and flags NONE. 
2023-10-28 09:30:26.3904|0|TRACE|Microsoft.AspNetCore.Server.Kestrel.Http2|Connection id "0HMUNCOSSTJ85" sending DATA frame for stream ID 9 with length 16384 and flags NONE. 
2023-10-28 09:30:26.3904|0|INFO|Microsoft.AspNetCore.StaticFiles.StaticFileMiddleware|Sending file. Request path: '/swagger-ui.css'. Physical path: 'N/A' 
2023-10-28 09:30:26.3904|0|INFO|Microsoft.AspNetCore.Hosting.Diagnostics|Request finished HTTP/2 GET https://localhost:7041/swagger/swagger-ui.css - - - 200 144929 text/css 55.8048ms 
2023-10-28 09:30:26.3904|0|TRACE|Microsoft.AspNetCore.Server.Kestrel.Http2|Connection id "0HMUNCOSSTJ85" sending DATA frame for stream ID 7 with length 16384 and flags NONE. 
2023-10-28 09:30:26.3904|0|TRACE|Microsoft.AspNetCore.Server.Kestrel.Http2|Connection id "0HMUNCOSSTJ85" sending DATA frame for stream ID 7 with length 16384 and flags NONE. 
2023-10-28 09:30:26.3904|0|TRACE|Microsoft.AspNetCore.Server.Kestrel.Http2|Connection id "0HMUNCOSSTJ85" sending DATA frame for stream ID 7 with length 16384 and flags NONE. 
2023-10-28 09:30:26.3904|0|TRACE|Microsoft.AspNetCore.Server.Kestrel.Http2|Connection id "0HMUNCOSSTJ85" sending DATA frame for stream ID 7 with length 16384 and flags NONE. 
2023-10-28 09:30:26.3904|0|TRACE|Microsoft.AspNetCore.Server.Kestrel.Http2|Connection id "0HMUNCOSSTJ85" sending DATA frame for stream ID 5 with length 0 and flags END_STREAM. 
2023-10-28 09:30:26.3904|0|TRACE|Microsoft.AspNetCore.Server.Kestrel.Http2|Connection id "0HMUNCOSSTJ85" sending DATA frame for stream ID 7 with length 16384 and flags NONE. 
2023-10-28 09:30:26.3904|0|TRACE|Microsoft.AspNetCore.Server.Kestrel.Http2|Connection id "0HMUNCOSSTJ85" sending DATA frame for stream ID 7 with length 16384 and flags NONE. 
2023-10-28 09:30:26.3904|0|TRACE|Microsoft.AspNetCore.Server.Kestrel.Http2|Connection id "0HMUNCOSSTJ85" sending DATA frame for stream ID 7 with length 16384 and flags NONE. 
2023-10-28 09:30:26.3904|0|TRACE|Microsoft.AspNetCore.Server.Kestrel.Http2|Connection id "0HMUNCOSSTJ85" sending DATA frame for stream ID 7 with length 16384 and flags NONE. 
2023-10-28 09:30:26.4166|0|TRACE|Microsoft.AspNetCore.Server.Kestrel.Http2|Connection id "0HMUNCOSSTJ85" sending DATA frame for stream ID 9 with length 16384 and flags NONE. 
2023-10-28 09:30:26.4166|0|TRACE|Microsoft.AspNetCore.Server.Kestrel.Http2|Connection id "0HMUNCOSSTJ85" sending DATA frame for stream ID 9 with length 16384 and flags NONE. 
2023-10-28 09:30:26.4166|0|TRACE|Microsoft.AspNetCore.Server.Kestrel.Http2|Connection id "0HMUNCOSSTJ85" sending DATA frame for stream ID 9 with length 16384 and flags NONE. 
2023-10-28 09:30:26.4166|0|TRACE|Microsoft.AspNetCore.Server.Kestrel.Http2|Connection id "0HMUNCOSSTJ85" sending DATA frame for stream ID 9 with length 16384 and flags NONE. 
2023-10-28 09:30:26.4166|0|TRACE|Microsoft.AspNetCore.Server.Kestrel.Http2|Connection id "0HMUNCOSSTJ85" sending DATA frame for stream ID 9 with length 16384 and flags NONE. 
2023-10-28 09:30:26.4166|0|TRACE|Microsoft.AspNetCore.Server.Kestrel.Http2|Connection id "0HMUNCOSSTJ85" sending DATA frame for stream ID 9 with length 16384 and flags NONE. 
2023-10-28 09:30:26.4166|0|TRACE|Microsoft.AspNetCore.Server.Kestrel.Http2|Connection id "0HMUNCOSSTJ85" sending DATA frame for stream ID 9 with length 16384 and flags NONE. 
2023-10-28 09:30:26.4166|0|TRACE|Microsoft.AspNetCore.Server.Kestrel.Http2|Connection id "0HMUNCOSSTJ85" sending DATA frame for stream ID 9 with length 867 and flags NONE. 
2023-10-28 09:30:26.4166|0|INFO|Microsoft.AspNetCore.StaticFiles.StaticFileMiddleware|Sending file. Request path: '/swagger-ui-standalone-preset.js'. Physical path: 'N/A' 
2023-10-28 09:30:26.4166|0|TRACE|Microsoft.AspNetCore.Server.Kestrel.Http2|Connection id "0HMUNCOSSTJ85" sending DATA frame for stream ID 9 with length 0 and flags END_STREAM. 
2023-10-28 09:30:26.4166|0|INFO|Microsoft.AspNetCore.Hosting.Diagnostics|Request finished HTTP/2 GET https://localhost:7041/swagger/swagger-ui-standalone-preset.js - - - 200 312163 text/javascript 78.9503ms 
2023-10-28 09:30:26.4247|0|TRACE|Microsoft.AspNetCore.Server.Kestrel.Http2|Connection id "0HMUNCOSSTJ85" sending DATA frame for stream ID 7 with length 16384 and flags NONE. 
2023-10-28 09:30:26.4247|0|TRACE|Microsoft.AspNetCore.Server.Kestrel.Http2|Connection id "0HMUNCOSSTJ85" sending DATA frame for stream ID 7 with length 16384 and flags NONE. 
2023-10-28 09:30:26.4247|0|TRACE|Microsoft.AspNetCore.Server.Kestrel.Http2|Connection id "0HMUNCOSSTJ85" sending DATA frame for stream ID 7 with length 16384 and flags NONE. 
2023-10-28 09:30:26.4247|0|TRACE|Microsoft.AspNetCore.Server.Kestrel.Http2|Connection id "0HMUNCOSSTJ85" sending DATA frame for stream ID 7 with length 16384 and flags NONE. 
2023-10-28 09:30:26.4247|0|TRACE|Microsoft.AspNetCore.Server.Kestrel.Http2|Connection id "0HMUNCOSSTJ85" sending DATA frame for stream ID 7 with length 16384 and flags NONE. 
2023-10-28 09:30:26.4247|0|TRACE|Microsoft.AspNetCore.Server.Kestrel.Http2|Connection id "0HMUNCOSSTJ85" sending DATA frame for stream ID 7 with length 16384 and flags NONE. 
2023-10-28 09:30:26.4247|0|TRACE|Microsoft.AspNetCore.Server.Kestrel.Http2|Connection id "0HMUNCOSSTJ85" sending DATA frame for stream ID 7 with length 16384 and flags NONE. 
2023-10-28 09:30:26.4247|0|TRACE|Microsoft.AspNetCore.Server.Kestrel.Http2|Connection id "0HMUNCOSSTJ85" sending DATA frame for stream ID 7 with length 16384 and flags NONE. 
2023-10-28 09:30:26.4247|0|TRACE|Microsoft.AspNetCore.Server.Kestrel.Http2|Connection id "0HMUNCOSSTJ85" sending DATA frame for stream ID 7 with length 16384 and flags NONE. 
2023-10-28 09:30:26.4247|0|TRACE|Microsoft.AspNetCore.Server.Kestrel.Http2|Connection id "0HMUNCOSSTJ85" sending DATA frame for stream ID 7 with length 16384 and flags NONE. 
2023-10-28 09:30:26.4247|0|TRACE|Microsoft.AspNetCore.Server.Kestrel.Http2|Connection id "0HMUNCOSSTJ85" sending DATA frame for stream ID 7 with length 16384 and flags NONE. 
2023-10-28 09:30:26.4247|0|TRACE|Microsoft.AspNetCore.Server.Kestrel.Http2|Connection id "0HMUNCOSSTJ85" sending DATA frame for stream ID 7 with length 16384 and flags NONE. 
2023-10-28 09:30:26.4247|0|TRACE|Microsoft.AspNetCore.Server.Kestrel.Http2|Connection id "0HMUNCOSSTJ85" sending DATA frame for stream ID 7 with length 16384 and flags NONE. 
2023-10-28 09:30:26.4247|0|TRACE|Microsoft.AspNetCore.Server.Kestrel.Http2|Connection id "0HMUNCOSSTJ85" sending DATA frame for stream ID 7 with length 16384 and flags NONE. 
2023-10-28 09:30:26.4247|0|TRACE|Microsoft.AspNetCore.Server.Kestrel.Http2|Connection id "0HMUNCOSSTJ85" sending DATA frame for stream ID 7 with length 16384 and flags NONE. 
2023-10-28 09:30:26.4247|0|TRACE|Microsoft.AspNetCore.Server.Kestrel.Http2|Connection id "0HMUNCOSSTJ85" sending DATA frame for stream ID 7 with length 16384 and flags NONE. 
2023-10-28 09:30:26.4247|0|TRACE|Microsoft.AspNetCore.Server.Kestrel.Http2|Connection id "0HMUNCOSSTJ85" sending DATA frame for stream ID 7 with length 16384 and flags NONE. 
2023-10-28 09:30:26.4247|0|TRACE|Microsoft.AspNetCore.Server.Kestrel.Http2|Connection id "0HMUNCOSSTJ85" sending DATA frame for stream ID 7 with length 16384 and flags NONE. 
2023-10-28 09:30:26.4247|0|TRACE|Microsoft.AspNetCore.Server.Kestrel.Http2|Connection id "0HMUNCOSSTJ85" sending DATA frame for stream ID 7 with length 16384 and flags NONE. 
2023-10-28 09:30:26.4247|0|TRACE|Microsoft.AspNetCore.Server.Kestrel.Http2|Connection id "0HMUNCOSSTJ85" sending DATA frame for stream ID 7 with length 16384 and flags NONE. 
2023-10-28 09:30:26.4247|0|TRACE|Microsoft.AspNetCore.Server.Kestrel.Http2|Connection id "0HMUNCOSSTJ85" sending DATA frame for stream ID 7 with length 16384 and flags NONE. 
2023-10-28 09:30:26.4247|0|TRACE|Microsoft.AspNetCore.Server.Kestrel.Http2|Connection id "0HMUNCOSSTJ85" sending DATA frame for stream ID 7 with length 16384 and flags NONE. 
2023-10-28 09:30:26.4247|0|TRACE|Microsoft.AspNetCore.Server.Kestrel.Http2|Connection id "0HMUNCOSSTJ85" sending DATA frame for stream ID 7 with length 16384 and flags NONE. 
2023-10-28 09:30:26.4247|0|TRACE|Microsoft.AspNetCore.Server.Kestrel.Http2|Connection id "0HMUNCOSSTJ85" sending DATA frame for stream ID 7 with length 16384 and flags NONE. 
2023-10-28 09:30:26.4247|0|TRACE|Microsoft.AspNetCore.Server.Kestrel.Http2|Connection id "0HMUNCOSSTJ85" sending DATA frame for stream ID 7 with length 16384 and flags NONE. 
2023-10-28 09:30:26.4247|0|TRACE|Microsoft.AspNetCore.Server.Kestrel.Http2|Connection id "0HMUNCOSSTJ85" sending DATA frame for stream ID 7 with length 16384 and flags NONE. 
2023-10-28 09:30:26.4247|0|TRACE|Microsoft.AspNetCore.Server.Kestrel.Http2|Connection id "0HMUNCOSSTJ85" sending DATA frame for stream ID 7 with length 16384 and flags NONE. 
2023-10-28 09:30:26.4247|0|TRACE|Microsoft.AspNetCore.Server.Kestrel.Http2|Connection id "0HMUNCOSSTJ85" sending DATA frame for stream ID 7 with length 16384 and flags NONE. 
2023-10-28 09:30:26.4247|0|TRACE|Microsoft.AspNetCore.Server.Kestrel.Http2|Connection id "0HMUNCOSSTJ85" sending DATA frame for stream ID 7 with length 16384 and flags NONE. 
2023-10-28 09:30:26.4247|0|TRACE|Microsoft.AspNetCore.Server.Kestrel.Http2|Connection id "0HMUNCOSSTJ85" sending DATA frame for stream ID 7 with length 16384 and flags NONE. 
2023-10-28 09:30:26.4247|0|TRACE|Microsoft.AspNetCore.Server.Kestrel.Http2|Connection id "0HMUNCOSSTJ85" sending DATA frame for stream ID 7 with length 16384 and flags NONE. 
2023-10-28 09:30:26.4247|0|TRACE|Microsoft.AspNetCore.Server.Kestrel.Http2|Connection id "0HMUNCOSSTJ85" sending DATA frame for stream ID 7 with length 16384 and flags NONE. 
2023-10-28 09:30:26.4247|0|TRACE|Microsoft.AspNetCore.Server.Kestrel.Http2|Connection id "0HMUNCOSSTJ85" sending DATA frame for stream ID 7 with length 16384 and flags NONE. 
2023-10-28 09:30:26.4247|0|TRACE|Microsoft.AspNetCore.Server.Kestrel.Http2|Connection id "0HMUNCOSSTJ85" sending DATA frame for stream ID 7 with length 16384 and flags NONE. 
2023-10-28 09:30:26.4247|0|TRACE|Microsoft.AspNetCore.Server.Kestrel.Http2|Connection id "0HMUNCOSSTJ85" sending DATA frame for stream ID 7 with length 16384 and flags NONE. 
2023-10-28 09:30:26.4247|0|TRACE|Microsoft.AspNetCore.Server.Kestrel.Http2|Connection id "0HMUNCOSSTJ85" sending DATA frame for stream ID 7 with length 16384 and flags NONE. 
2023-10-28 09:30:26.4247|0|TRACE|Microsoft.AspNetCore.Server.Kestrel.Http2|Connection id "0HMUNCOSSTJ85" sending DATA frame for stream ID 7 with length 16384 and flags NONE. 
2023-10-28 09:30:26.4247|0|TRACE|Microsoft.AspNetCore.Server.Kestrel.Http2|Connection id "0HMUNCOSSTJ85" sending DATA frame for stream ID 7 with length 16384 and flags NONE. 
2023-10-28 09:30:26.4247|0|TRACE|Microsoft.AspNetCore.Server.Kestrel.Http2|Connection id "0HMUNCOSSTJ85" sending DATA frame for stream ID 7 with length 16384 and flags NONE. 
2023-10-28 09:30:26.4247|0|TRACE|Microsoft.AspNetCore.Server.Kestrel.Http2|Connection id "0HMUNCOSSTJ85" sending DATA frame for stream ID 7 with length 16384 and flags NONE. 
2023-10-28 09:30:26.4247|0|TRACE|Microsoft.AspNetCore.Server.Kestrel.Http2|Connection id "0HMUNCOSSTJ85" sending DATA frame for stream ID 7 with length 16384 and flags NONE. 
2023-10-28 09:30:26.4247|0|TRACE|Microsoft.AspNetCore.Server.Kestrel.Http2|Connection id "0HMUNCOSSTJ85" sending DATA frame for stream ID 7 with length 16384 and flags NONE. 
2023-10-28 09:30:26.4247|0|TRACE|Microsoft.AspNetCore.Server.Kestrel.Http2|Connection id "0HMUNCOSSTJ85" sending DATA frame for stream ID 7 with length 16384 and flags NONE. 
2023-10-28 09:30:26.4247|0|TRACE|Microsoft.AspNetCore.Server.Kestrel.Http2|Connection id "0HMUNCOSSTJ85" sending DATA frame for stream ID 7 with length 16384 and flags NONE. 
2023-10-28 09:30:26.4379|0|TRACE|Microsoft.AspNetCore.Server.Kestrel.Http2|Connection id "0HMUNCOSSTJ85" sending DATA frame for stream ID 7 with length 16384 and flags NONE. 
2023-10-28 09:30:26.4379|0|TRACE|Microsoft.AspNetCore.Server.Kestrel.Http2|Connection id "0HMUNCOSSTJ85" sending DATA frame for stream ID 7 with length 16384 and flags NONE. 
2023-10-28 09:30:26.4379|0|TRACE|Microsoft.AspNetCore.Server.Kestrel.Http2|Connection id "0HMUNCOSSTJ85" sending DATA frame for stream ID 7 with length 16384 and flags NONE. 
2023-10-28 09:30:26.4379|0|TRACE|Microsoft.AspNetCore.Server.Kestrel.Http2|Connection id "0HMUNCOSSTJ85" sending DATA frame for stream ID 7 with length 16384 and flags NONE. 
2023-10-28 09:30:26.4379|0|TRACE|Microsoft.AspNetCore.Server.Kestrel.Http2|Connection id "0HMUNCOSSTJ85" sending DATA frame for stream ID 7 with length 12960 and flags NONE. 
2023-10-28 09:30:26.4379|0|INFO|Microsoft.AspNetCore.StaticFiles.StaticFileMiddleware|Sending file. Request path: '/swagger-ui-bundle.js'. Physical path: 'N/A' 
2023-10-28 09:30:26.4379|0|TRACE|Microsoft.AspNetCore.Server.Kestrel.Http2|Connection id "0HMUNCOSSTJ85" sending DATA frame for stream ID 7 with length 0 and flags END_STREAM. 
2023-10-28 09:30:26.4379|0|INFO|Microsoft.AspNetCore.Hosting.Diagnostics|Request finished HTTP/2 GET https://localhost:7041/swagger/swagger-ui-bundle.js - - - 200 1061536 text/javascript 99.3595ms 
2023-10-28 09:30:26.5897|0|TRACE|Microsoft.AspNetCore.Server.Kestrel.Http2|Connection id "0HMUNCOSSTJ85" received HEADERS frame for stream ID 11 with length 73 and flags END_STREAM, END_HEADERS, PRIORITY. 
2023-10-28 09:30:26.5897|0|INFO|Microsoft.AspNetCore.Hosting.Diagnostics|Request starting HTTP/2 GET https://localhost:7041/swagger/v1/swagger.json - - 
2023-10-28 09:30:26.5897|0|TRACE|Microsoft.AspNetCore.HostFiltering.HostFilteringMiddleware|All hosts are allowed. 
2023-10-28 09:30:26.6181|0|TRACE|Microsoft.AspNetCore.Server.Kestrel.Http2|Connection id "0HMUNCOSSTJ85" received HEADERS frame for stream ID 13 with length 103 and flags END_STREAM, END_HEADERS, PRIORITY. 
2023-10-28 09:30:26.6181|0|INFO|Microsoft.AspNetCore.Hosting.Diagnostics|Request starting HTTP/2 GET https://localhost:7041/swagger/favicon-32x32.png - - 
2023-10-28 09:30:26.6181|0|TRACE|Microsoft.AspNetCore.HostFiltering.HostFilteringMiddleware|All hosts are allowed. 
2023-10-28 09:30:26.6181|0|TRACE|Microsoft.AspNetCore.StaticFiles.StaticFileMiddleware|Range header's value is empty. 
2023-10-28 09:30:26.6181|0|INFO|Microsoft.AspNetCore.StaticFiles.StaticFileMiddleware|Sending file. Request path: '/favicon-32x32.png'. Physical path: 'N/A' 
2023-10-28 09:30:26.6181|0|TRACE|Microsoft.AspNetCore.Server.Kestrel.Http2|Connection id "0HMUNCOSSTJ85" sending HEADERS frame for stream ID 13 with length 41 and flags END_HEADERS. 
2023-10-28 09:30:26.6181|0|INFO|Microsoft.AspNetCore.Hosting.Diagnostics|Request finished HTTP/2 GET https://localhost:7041/swagger/favicon-32x32.png - - - 200 628 image/png 0.6465ms 
2023-10-28 09:30:26.6181|0|TRACE|Microsoft.AspNetCore.Server.Kestrel.Http2|Connection id "0HMUNCOSSTJ85" sending DATA frame for stream ID 13 with length 628 and flags NONE. 
2023-10-28 09:30:26.6181|0|TRACE|Microsoft.AspNetCore.Server.Kestrel.Http2|Connection id "0HMUNCOSSTJ85" sending DATA frame for stream ID 13 with length 0 and flags END_STREAM. 
2023-10-28 09:30:26.7319|0|TRACE|Microsoft.AspNetCore.Server.Kestrel.Http2|Connection id "0HMUNCOSSTJ85" sending HEADERS frame for stream ID 11 with length 35 and flags END_HEADERS. 
2023-10-28 09:30:26.7319|0|TRACE|Microsoft.AspNetCore.Server.Kestrel.Http2|Connection id "0HMUNCOSSTJ85" sending DATA frame for stream ID 11 with length 16384 and flags NONE. 
2023-10-28 09:30:26.7319|0|TRACE|Microsoft.AspNetCore.Server.Kestrel.Http2|Connection id "0HMUNCOSSTJ85" sending DATA frame for stream ID 11 with length 1535 and flags NONE. 
2023-10-28 09:30:26.7319|0|INFO|Microsoft.AspNetCore.Hosting.Diagnostics|Request finished HTTP/2 GET https://localhost:7041/swagger/v1/swagger.json - - - 200 - application/json;charset=utf-8 143.0197ms 
2023-10-28 09:30:26.7319|0|TRACE|Microsoft.AspNetCore.Server.Kestrel.Http2|Connection id "0HMUNCOSSTJ85" sending DATA frame for stream ID 11 with length 0 and flags END_STREAM. 
2023-10-28 10:40:25.4153|0|DEBUG|Microsoft.AspNetCore.Mvc.ModelBinding.ModelBinderFactory|Registered model binder providers, in the following order: Microsoft.AspNetCore.Mvc.ModelBinding.Binders.BinderTypeModelBinderProvider, Microsoft.AspNetCore.Mvc.ModelBinding.Binders.ServicesModelBinderProvider, Microsoft.AspNetCore.Mvc.ModelBinding.Binders.BodyModelBinderProvider, Microsoft.AspNetCore.Mvc.ModelBinding.Binders.HeaderModelBinderProvider, Microsoft.AspNetCore.Mvc.ModelBinding.Binders.FloatingPointTypeModelBinderProvider, Microsoft.AspNetCore.Mvc.ModelBinding.Binders.EnumTypeModelBinderProvider, Microsoft.AspNetCore.Mvc.ModelBinding.Binders.DateTimeModelBinderProvider, Microsoft.AspNetCore.Mvc.ModelBinding.Binders.SimpleTypeModelBinderProvider, Microsoft.AspNetCore.Mvc.ModelBinding.Binders.TryParseModelBinderProvider, Microsoft.AspNetCore.Mvc.ModelBinding.Binders.CancellationTokenModelBinderProvider, Microsoft.AspNetCore.Mvc.ModelBinding.Binders.ByteArrayModelBinderProvider, Microsoft.AspNetCore.Mvc.ModelBinding.Binders.FormFileModelBinderProvider, Microsoft.AspNetCore.Mvc.ModelBinding.Binders.FormCollectionModelBinderProvider, Microsoft.AspNetCore.Mvc.ModelBinding.Binders.KeyValuePairModelBinderProvider, Microsoft.AspNetCore.Mvc.ModelBinding.Binders.DictionaryModelBinderProvider, Microsoft.AspNetCore.Mvc.ModelBinding.Binders.ArrayModelBinderProvider, Microsoft.AspNetCore.Mvc.ModelBinding.Binders.CollectionModelBinderProvider, Microsoft.AspNetCore.Mvc.ModelBinding.Binders.ComplexObjectModelBinderProvider 
2023-10-28 10:40:25.5215|0|DEBUG|Microsoft.Extensions.Hosting.Internal.Host|Hosting starting 
2023-10-28 10:40:27.1109|0|INFO|Microsoft.AspNetCore.DataProtection.KeyManagement.XmlKeyManager|User profile is available. Using 'C:\Users\Laven\AppData\Local\ASP.NET\DataProtection-Keys' as key repository and Windows DPAPI to encrypt keys at rest. 
2023-10-28 10:40:27.2855|0|DEBUG|Microsoft.AspNetCore.DataProtection.Repositories.FileSystemXmlRepository|Reading data from file 'C:\Users\Laven\AppData\Local\ASP.NET\DataProtection-Keys\key-986fe8c4-a792-4074-b9ad-6a118ccf56a9.xml'. 
2023-10-28 10:40:27.2855|0|DEBUG|Microsoft.AspNetCore.DataProtection.Repositories.FileSystemXmlRepository|Reading data from file 'C:\Users\Laven\AppData\Local\ASP.NET\DataProtection-Keys\key-cd28ee06-4595-46d4-8679-e06dac3a83e0.xml'. 
2023-10-28 10:40:27.2855|0|DEBUG|Microsoft.AspNetCore.DataProtection.KeyManagement.XmlKeyManager|Found key {986fe8c4-a792-4074-b9ad-6a118ccf56a9}. 
2023-10-28 10:40:27.2855|0|DEBUG|Microsoft.AspNetCore.DataProtection.KeyManagement.XmlKeyManager|Found key {cd28ee06-4595-46d4-8679-e06dac3a83e0}. 
2023-10-28 10:40:27.2964|0|DEBUG|Microsoft.AspNetCore.DataProtection.KeyManagement.DefaultKeyResolver|Considering key {cd28ee06-4595-46d4-8679-e06dac3a83e0} with expiration date 2023-12-21 09:26:14Z as default key. 
2023-10-28 10:40:27.2964|0|DEBUG|Microsoft.AspNetCore.DataProtection.TypeForwardingActivator|Forwarded activator type request from Microsoft.AspNetCore.DataProtection.XmlEncryption.DpapiXmlDecryptor, Microsoft.AspNetCore.DataProtection, Version=7.0.0.0, Culture=neutral, PublicKeyToken=adb9793829ddae60 to Microsoft.AspNetCore.DataProtection.XmlEncryption.DpapiXmlDecryptor, Microsoft.AspNetCore.DataProtection, Culture=neutral, PublicKeyToken=adb9793829ddae60 
2023-10-28 10:40:27.2964|0|DEBUG|Microsoft.AspNetCore.DataProtection.XmlEncryption.DpapiXmlDecryptor|Decrypting secret element using Windows DPAPI. 
2023-10-28 10:40:27.2964|0|DEBUG|Microsoft.AspNetCore.DataProtection.TypeForwardingActivator|Forwarded activator type request from Microsoft.AspNetCore.DataProtection.AuthenticatedEncryption.ConfigurationModel.AuthenticatedEncryptorDescriptorDeserializer, Microsoft.AspNetCore.DataProtection, Version=7.0.0.0, Culture=neutral, PublicKeyToken=adb9793829ddae60 to Microsoft.AspNetCore.DataProtection.AuthenticatedEncryption.ConfigurationModel.AuthenticatedEncryptorDescriptorDeserializer, Microsoft.AspNetCore.DataProtection, Culture=neutral, PublicKeyToken=adb9793829ddae60 
2023-10-28 10:40:27.2964|0|DEBUG|Microsoft.AspNetCore.DataProtection.AuthenticatedEncryption.CngCbcAuthenticatedEncryptorFactory|Opening CNG algorithm 'AES' from provider '(null)' with chaining mode CBC. 
2023-10-28 10:40:27.2964|0|DEBUG|Microsoft.AspNetCore.DataProtection.AuthenticatedEncryption.CngCbcAuthenticatedEncryptorFactory|Opening CNG algorithm 'SHA256' from provider '(null)' with HMAC. 
2023-10-28 10:40:27.2964|0|DEBUG|Microsoft.AspNetCore.DataProtection.KeyManagement.KeyRingProvider|Using key {cd28ee06-4595-46d4-8679-e06dac3a83e0} as the default key. 
2023-10-28 10:40:27.2964|0|DEBUG|Microsoft.AspNetCore.DataProtection.Internal.DataProtectionHostedService|Key ring with default key {cd28ee06-4595-46d4-8679-e06dac3a83e0} was loaded during application startup. 
2023-10-28 10:40:27.4161|0|INFO|Microsoft.Hosting.Lifetime|Now listening on: https://localhost:7041 
2023-10-28 10:40:27.4309|0|INFO|Microsoft.Hosting.Lifetime|Now listening on: http://localhost:5133 
2023-10-28 10:40:27.4309|0|DEBUG|Microsoft.AspNetCore.Hosting.Diagnostics|Loaded hosting startup assembly MyProger.Micro.JobListAPI 
2023-10-28 10:40:27.4309|0|INFO|Microsoft.Hosting.Lifetime|Application started. Press Ctrl+C to shut down. 
2023-10-28 10:40:27.4309|0|INFO|Microsoft.Hosting.Lifetime|Hosting environment: Development 
2023-10-28 10:40:27.4309|0|INFO|Microsoft.Hosting.Lifetime|Content root path: E:\DotNetProjects\MyProger\MyProger.Micro.JobListAPI 
2023-10-28 10:40:27.4309|0|DEBUG|Microsoft.Extensions.Hosting.Internal.Host|Hosting started 
2023-10-28 10:40:27.7362|0|DEBUG|Microsoft.AspNetCore.Server.Kestrel.Transport.Sockets|Connection id "0HMUNE0147GLK" received FIN. 
2023-10-28 10:40:27.7362|0|DEBUG|Microsoft.AspNetCore.Server.Kestrel.Connections|Connection id "0HMUNE0147GLK" accepted. 
2023-10-28 10:40:27.7362|0|DEBUG|Microsoft.AspNetCore.Server.Kestrel.Connections|Connection id "0HMUNE0147GLK" started. 
2023-10-28 10:40:27.7362|0|DEBUG|Microsoft.AspNetCore.Server.Kestrel.Https.Internal.HttpsConnectionMiddleware|Failed to authenticate HTTPS connection. System.IO.IOException:  Received an unexpected EOF or 0 bytes from the transport stream.
   at System.Net.Security.SslStream.ReceiveBlobAsync[TIOAdapter](CancellationToken cancellationToken)
   at System.Net.Security.SslStream.ForceAuthenticationAsync[TIOAdapter](Boolean receiveFirst, Byte[] reAuthenticationData, CancellationToken cancellationToken)
   at Microsoft.AspNetCore.Server.Kestrel.Https.Internal.HttpsConnectionMiddleware.OnConnectionAsync(ConnectionContext context)
2023-10-28 10:40:27.7682|0|DEBUG|Microsoft.AspNetCore.Server.Kestrel.Connections|Connection id "0HMUNE0147GLK" stopped. 
2023-10-28 10:40:27.7682|0|DEBUG|Microsoft.AspNetCore.Server.Kestrel.Transport.Sockets|Connection id "0HMUNE0147GLK" sending FIN because: "The Socket transport's send loop completed gracefully." 
2023-10-28 10:40:27.8441|0|DEBUG|Microsoft.AspNetCore.Server.Kestrel.Connections|Connection id "0HMUNE0147GLL" accepted. 
2023-10-28 10:40:27.8441|0|DEBUG|Microsoft.AspNetCore.Server.Kestrel.Connections|Connection id "0HMUNE0147GLL" started. 
2023-10-28 10:40:27.8441|0|DEBUG|Microsoft.AspNetCore.Server.Kestrel.Https.Internal.HttpsConnectionMiddleware|Connection 0HMUNE0147GLL established using the following protocol: Tls13 
2023-10-28 10:40:27.8732|0|TRACE|Microsoft.AspNetCore.Server.Kestrel.Http2|Connection id "0HMUNE0147GLL" sending SETTINGS frame for stream ID 0 with length 24 and flags NONE. 
2023-10-28 10:40:27.8732|0|TRACE|Microsoft.AspNetCore.Server.Kestrel.Http2|Connection id "0HMUNE0147GLL" sending WINDOW_UPDATE frame for stream ID 0 with length 4 and flags 0x0. 
2023-10-28 10:40:27.8744|0|TRACE|Microsoft.AspNetCore.Server.Kestrel.Http2|Connection id "0HMUNE0147GLL" received SETTINGS frame for stream ID 0 with length 24 and flags NONE. 
2023-10-28 10:40:27.8744|0|TRACE|Microsoft.AspNetCore.Server.Kestrel.Http2|Connection id "0HMUNE0147GLL" sending SETTINGS frame for stream ID 0 with length 0 and flags ACK. 
2023-10-28 10:40:27.8744|0|TRACE|Microsoft.AspNetCore.Server.Kestrel.Http2|Connection id "0HMUNE0147GLL" received WINDOW_UPDATE frame for stream ID 0 with length 4 and flags 0x0. 
2023-10-28 10:40:27.8744|0|TRACE|Microsoft.AspNetCore.Server.Kestrel.Http2|Connection id "0HMUNE0147GLL" received HEADERS frame for stream ID 1 with length 1619 and flags END_STREAM, END_HEADERS, PRIORITY. 
2023-10-28 10:40:27.8744|0|TRACE|Microsoft.AspNetCore.Server.Kestrel.Http2|Connection id "0HMUNE0147GLL" received SETTINGS frame for stream ID 0 with length 0 and flags ACK. 
2023-10-28 10:40:27.9044|0|INFO|Microsoft.AspNetCore.Hosting.Diagnostics|Request starting HTTP/2 GET https://localhost:7041/swagger/index.html - - 
2023-10-28 10:40:27.9044|0|DEBUG|Microsoft.AspNetCore.HostFiltering.HostFilteringMiddleware|Wildcard detected, all requests with hosts will be allowed. 
2023-10-28 10:40:27.9044|0|TRACE|Microsoft.AspNetCore.HostFiltering.HostFilteringMiddleware|All hosts are allowed. 
2023-10-28 10:40:28.0261|0|TRACE|Microsoft.AspNetCore.Server.Kestrel.Http2|Connection id "0HMUNE0147GLL" sending HEADERS frame for stream ID 1 with length 66 and flags END_HEADERS. 
2023-10-28 10:40:28.0261|0|TRACE|Microsoft.AspNetCore.Server.Kestrel.Http2|Connection id "0HMUNE0147GLL" sending DATA frame for stream ID 1 with length 4760 and flags NONE. 
2023-10-28 10:40:28.0313|0|TRACE|Microsoft.AspNetCore.Server.Kestrel.Http2|Connection id "0HMUNE0147GLL" sending DATA frame for stream ID 1 with length 0 and flags END_STREAM. 
2023-10-28 10:40:28.0313|0|INFO|Microsoft.AspNetCore.Hosting.Diagnostics|Request finished HTTP/2 GET https://localhost:7041/swagger/index.html - - - 200 - text/html;charset=utf-8 128.8654ms 
2023-10-28 10:40:28.2663|0|TRACE|Microsoft.AspNetCore.Server.Kestrel.Http2|Connection id "0HMUNE0147GLL" received HEADERS frame for stream ID 3 with length 114 and flags END_STREAM, END_HEADERS, PRIORITY. 
2023-10-28 10:40:28.2663|0|INFO|Microsoft.AspNetCore.Hosting.Diagnostics|Request starting HTTP/2 GET https://localhost:7041/swagger/v1/swagger.json - - 
2023-10-28 10:40:28.2663|0|TRACE|Microsoft.AspNetCore.HostFiltering.HostFilteringMiddleware|All hosts are allowed. 
2023-10-28 10:40:28.4015|0|TRACE|Microsoft.AspNetCore.Server.Kestrel.Http2|Connection id "0HMUNE0147GLL" sending HEADERS frame for stream ID 3 with length 65 and flags END_HEADERS. 
2023-10-28 10:40:28.4015|0|TRACE|Microsoft.AspNetCore.Server.Kestrel.Http2|Connection id "0HMUNE0147GLL" sending DATA frame for stream ID 3 with length 16384 and flags NONE. 
2023-10-28 10:40:28.4015|0|TRACE|Microsoft.AspNetCore.Server.Kestrel.Http2|Connection id "0HMUNE0147GLL" sending DATA frame for stream ID 3 with length 1535 and flags NONE. 
2023-10-28 10:40:28.4015|0|TRACE|Microsoft.AspNetCore.Server.Kestrel.Http2|Connection id "0HMUNE0147GLL" sending DATA frame for stream ID 3 with length 0 and flags END_STREAM. 
2023-10-28 10:40:28.4015|0|INFO|Microsoft.AspNetCore.Hosting.Diagnostics|Request finished HTTP/2 GET https://localhost:7041/swagger/v1/swagger.json - - - 200 - application/json;charset=utf-8 134.1983ms 
2023-10-28 10:40:38.4131|0|TRACE|Microsoft.AspNetCore.Server.Kestrel.Http2|Connection id "0HMUNE0147GLL" received HEADERS frame for stream ID 5 with length 34 and flags END_STREAM, END_HEADERS, PRIORITY. 
2023-10-28 10:40:38.4131|0|TRACE|Microsoft.AspNetCore.Server.Kestrel.Http2|Connection id "0HMUNE0147GLL" received PING frame for stream ID 0 with length 8 and flags NONE. 
2023-10-28 10:40:38.4131|0|TRACE|Microsoft.AspNetCore.Server.Kestrel.Http2|Connection id "0HMUNE0147GLL" sending PING frame for stream ID 0 with length 8 and flags ACK. 
2023-10-28 10:40:38.4131|0|INFO|Microsoft.AspNetCore.Hosting.Diagnostics|Request starting HTTP/2 GET https://localhost:7041/health - - 
2023-10-28 10:40:38.4131|0|TRACE|Microsoft.AspNetCore.HostFiltering.HostFilteringMiddleware|All hosts are allowed. 
2023-10-28 10:40:38.4131|0|DEBUG|Microsoft.AspNetCore.StaticFiles.StaticFileMiddleware|The request path  does not match the path filter 
2023-10-28 10:40:38.4131|0|DEBUG|Microsoft.AspNetCore.StaticFiles.StaticFileMiddleware|The request path /health does not match a supported file type 
2023-10-28 10:40:38.4371|0|DEBUG|Microsoft.AspNetCore.Routing.Matching.DfaMatcher|1 candidate(s) found for the request path '/health' 
2023-10-28 10:40:38.4371|0|DEBUG|Microsoft.AspNetCore.Routing.EndpointRoutingMiddleware|Request matched endpoint 'Health checks' 
2023-10-28 10:40:38.5375|0|DEBUG|Microsoft.AspNetCore.Authentication.JwtBearer.JwtBearerHandler|AuthenticationScheme: Bearer was not authenticated. 
2023-10-28 10:40:38.5375|0|INFO|Microsoft.AspNetCore.Routing.EndpointMiddleware|Executing endpoint 'Health checks' 
2023-10-28 10:40:38.5375|0|DEBUG|Microsoft.Extensions.Diagnostics.HealthChecks.DefaultHealthCheckService|Running health checks 
2023-10-28 10:40:38.5576|0|DEBUG|Microsoft.Extensions.Diagnostics.HealthChecks.DefaultHealthCheckService|Running health check JobDbHealthCheck 
2023-10-28 10:40:39.5219|0|DEBUG|Microsoft.Extensions.Diagnostics.HealthChecks.DefaultHealthCheckService|Health check JobDbHealthCheck with status Healthy completed after 961.3206ms with message '(null)' 
2023-10-28 10:40:39.5315|0|DEBUG|Microsoft.Extensions.Diagnostics.HealthChecks.DefaultHealthCheckService|Health check processing with combined status Healthy completed after 985.9925ms 
2023-10-28 10:40:39.5601|0|TRACE|Microsoft.AspNetCore.Server.Kestrel.Http2|Connection id "0HMUNE0147GLL" sending HEADERS frame for stream ID 5 with length 119 and flags END_HEADERS. 
2023-10-28 10:40:39.5601|0|TRACE|Microsoft.AspNetCore.Server.Kestrel.Http2|Connection id "0HMUNE0147GLL" sending DATA frame for stream ID 5 with length 157 and flags NONE. 
2023-10-28 10:40:39.5601|0|INFO|Microsoft.AspNetCore.Routing.EndpointMiddleware|Executed endpoint 'Health checks' 
2023-10-28 10:40:39.5601|0|TRACE|Microsoft.AspNetCore.Server.Kestrel.Http2|Connection id "0HMUNE0147GLL" received WINDOW_UPDATE frame for stream ID 0 with length 4 and flags 0x0. 
2023-10-28 10:40:39.5601|0|TRACE|Microsoft.AspNetCore.Server.Kestrel.Http2|Connection id "0HMUNE0147GLL" sending DATA frame for stream ID 5 with length 0 and flags END_STREAM. 
2023-10-28 10:40:39.5601|0|INFO|Microsoft.AspNetCore.Hosting.Diagnostics|Request finished HTTP/2 GET https://localhost:7041/health - - - 200 - application/json 1147.7526ms 
2023-10-28 10:40:45.9217|0|TRACE|Microsoft.AspNetCore.Server.Kestrel.Http2|Connection id "0HMUNE0147GLL" received HEADERS frame for stream ID 7 with length 35 and flags END_STREAM, END_HEADERS, PRIORITY. 
2023-10-28 10:40:45.9217|0|INFO|Microsoft.AspNetCore.Hosting.Diagnostics|Request starting HTTP/2 GET https://localhost:7041/metrics - - 
2023-10-28 10:40:45.9217|0|TRACE|Microsoft.AspNetCore.HostFiltering.HostFilteringMiddleware|All hosts are allowed. 
2023-10-28 10:40:45.9217|0|DEBUG|Microsoft.AspNetCore.StaticFiles.StaticFileMiddleware|The request path  does not match the path filter 
2023-10-28 10:40:45.9217|0|DEBUG|Microsoft.AspNetCore.StaticFiles.StaticFileMiddleware|The request path /metrics does not match a supported file type 
2023-10-28 10:40:45.9217|0|DEBUG|Microsoft.AspNetCore.Routing.Matching.DfaMatcher|1 candidate(s) found for the request path '/metrics' 
2023-10-28 10:40:45.9217|0|DEBUG|Microsoft.AspNetCore.Routing.EndpointRoutingMiddleware|Request matched endpoint 'HTTP: GET /metrics' 
2023-10-28 10:40:45.9217|0|DEBUG|Microsoft.AspNetCore.Authentication.JwtBearer.JwtBearerHandler|AuthenticationScheme: Bearer was not authenticated. 
2023-10-28 10:40:45.9217|0|INFO|Microsoft.AspNetCore.Routing.EndpointMiddleware|Executing endpoint 'HTTP: GET /metrics' 
2023-10-28 10:40:45.9794|0|INFO|Microsoft.AspNetCore.Routing.EndpointMiddleware|Executed endpoint 'HTTP: GET /metrics' 
2023-10-28 10:40:45.9794|0|ERROR|Microsoft.AspNetCore.Diagnostics.DeveloperExceptionPageMiddleware|An unhandled exception has occurred while executing the request. System.InvalidOperationException: No service for type 'App.Metrics.IMetrics' has been registered.
   at Microsoft.Extensions.DependencyInjection.ServiceProviderServiceExtensions.GetRequiredService(IServiceProvider provider, Type serviceType)
   at Microsoft.Extensions.DependencyInjection.ServiceProviderServiceExtensions.GetRequiredService[T](IServiceProvider provider)
   at Program.<>c.<<<Main>$>b__0_6>d.MoveNext() in E:\DotNetProjects\MyProger\MyProger.Micro.JobListAPI\Program.cs:line 126
--- End of stack trace from previous location ---
   at Microsoft.AspNetCore.Routing.EndpointMiddleware.<Invoke>g__AwaitRequestTask|6_0(Endpoint endpoint, Task requestTask, ILogger logger)
   at Microsoft.AspNetCore.Authorization.AuthorizationMiddleware.Invoke(HttpContext context)
   at Microsoft.AspNetCore.Authentication.AuthenticationMiddleware.Invoke(HttpContext context)
   at Swashbuckle.AspNetCore.SwaggerUI.SwaggerUIMiddleware.Invoke(HttpContext httpContext)
   at Swashbuckle.AspNetCore.Swagger.SwaggerMiddleware.Invoke(HttpContext httpContext, ISwaggerProvider swaggerProvider)
   at Swashbuckle.AspNetCore.SwaggerUI.SwaggerUIMiddleware.Invoke(HttpContext httpContext)
   at Swashbuckle.AspNetCore.Swagger.SwaggerMiddleware.Invoke(HttpContext httpContext, ISwaggerProvider swaggerProvider)
   at Microsoft.AspNetCore.Diagnostics.DeveloperExceptionPageMiddlewareImpl.Invoke(HttpContext context)
2023-10-28 10:40:46.0177|0|TRACE|Microsoft.AspNetCore.Server.Kestrel.Http2|Connection id "0HMUNE0147GLL" sending HEADERS frame for stream ID 7 with length 59 and flags END_HEADERS. 
2023-10-28 10:40:46.0177|0|TRACE|Microsoft.AspNetCore.Server.Kestrel.Http2|Connection id "0HMUNE0147GLL" sending DATA frame for stream ID 7 with length 16384 and flags NONE. 
2023-10-28 10:40:46.0177|0|TRACE|Microsoft.AspNetCore.Server.Kestrel.Http2|Connection id "0HMUNE0147GLL" sending DATA frame for stream ID 7 with length 12034 and flags NONE. 
2023-10-28 10:40:46.0177|0|TRACE|Microsoft.AspNetCore.Server.Kestrel.Http2|Connection id "0HMUNE0147GLL" received WINDOW_UPDATE frame for stream ID 0 with length 4 and flags 0x0. 
2023-10-28 10:40:46.0177|0|TRACE|Microsoft.AspNetCore.Server.Kestrel.Http2|Connection id "0HMUNE0147GLL" sending DATA frame for stream ID 7 with length 0 and flags END_STREAM. 
2023-10-28 10:40:46.0177|0|INFO|Microsoft.AspNetCore.Hosting.Diagnostics|Request finished HTTP/2 GET https://localhost:7041/metrics - - - 500 - text/html;+charset=utf-8 97.0428ms 
2023-10-28 10:40:46.0878|0|TRACE|Microsoft.AspNetCore.Server.Kestrel.Http2|Connection id "0HMUNE0147GLL" received HEADERS frame for stream ID 9 with length 122 and flags END_STREAM, END_HEADERS, PRIORITY. 
2023-10-28 10:40:46.0878|0|INFO|Microsoft.AspNetCore.Hosting.Diagnostics|Request starting HTTP/2 GET https://localhost:7041/favicon.ico - - 
2023-10-28 10:40:46.0878|0|TRACE|Microsoft.AspNetCore.HostFiltering.HostFilteringMiddleware|All hosts are allowed. 
2023-10-28 10:40:46.0878|0|DEBUG|Microsoft.AspNetCore.StaticFiles.StaticFileMiddleware|The request path  does not match the path filter 
2023-10-28 10:40:46.0878|0|DEBUG|Microsoft.AspNetCore.StaticFiles.StaticFileMiddleware|The request path /favicon.ico does not match an existing file 
2023-10-28 10:40:46.0878|0|DEBUG|Microsoft.AspNetCore.Routing.Matching.DfaMatcher|No candidates found for the request path '/favicon.ico' 
2023-10-28 10:40:46.0878|0|DEBUG|Microsoft.AspNetCore.Routing.EndpointRoutingMiddleware|Request did not match any endpoints 
2023-10-28 10:40:46.0878|0|DEBUG|Microsoft.AspNetCore.Authentication.JwtBearer.JwtBearerHandler|AuthenticationScheme: Bearer was not authenticated. 
2023-10-28 10:40:46.0878|0|TRACE|Microsoft.AspNetCore.Server.Kestrel.Http2|Connection id "0HMUNE0147GLL" sending HEADERS frame for stream ID 9 with length 7 and flags END_STREAM, END_HEADERS. 
2023-10-28 10:40:46.0878|0|INFO|Microsoft.AspNetCore.Hosting.Diagnostics|Request finished HTTP/2 GET https://localhost:7041/favicon.ico - - - 404 0 - 2.8831ms 
2023-10-28 10:49:05.8844|0|DEBUG|Microsoft.AspNetCore.Mvc.ModelBinding.ModelBinderFactory|Registered model binder providers, in the following order: Microsoft.AspNetCore.Mvc.ModelBinding.Binders.BinderTypeModelBinderProvider, Microsoft.AspNetCore.Mvc.ModelBinding.Binders.ServicesModelBinderProvider, Microsoft.AspNetCore.Mvc.ModelBinding.Binders.BodyModelBinderProvider, Microsoft.AspNetCore.Mvc.ModelBinding.Binders.HeaderModelBinderProvider, Microsoft.AspNetCore.Mvc.ModelBinding.Binders.FloatingPointTypeModelBinderProvider, Microsoft.AspNetCore.Mvc.ModelBinding.Binders.EnumTypeModelBinderProvider, Microsoft.AspNetCore.Mvc.ModelBinding.Binders.DateTimeModelBinderProvider, Microsoft.AspNetCore.Mvc.ModelBinding.Binders.SimpleTypeModelBinderProvider, Microsoft.AspNetCore.Mvc.ModelBinding.Binders.TryParseModelBinderProvider, Microsoft.AspNetCore.Mvc.ModelBinding.Binders.CancellationTokenModelBinderProvider, Microsoft.AspNetCore.Mvc.ModelBinding.Binders.ByteArrayModelBinderProvider, Microsoft.AspNetCore.Mvc.ModelBinding.Binders.FormFileModelBinderProvider, Microsoft.AspNetCore.Mvc.ModelBinding.Binders.FormCollectionModelBinderProvider, Microsoft.AspNetCore.Mvc.ModelBinding.Binders.KeyValuePairModelBinderProvider, Microsoft.AspNetCore.Mvc.ModelBinding.Binders.DictionaryModelBinderProvider, Microsoft.AspNetCore.Mvc.ModelBinding.Binders.ArrayModelBinderProvider, Microsoft.AspNetCore.Mvc.ModelBinding.Binders.CollectionModelBinderProvider, Microsoft.AspNetCore.Mvc.ModelBinding.Binders.ComplexObjectModelBinderProvider 
2023-10-28 10:49:05.9992|0|DEBUG|Microsoft.Extensions.Hosting.Internal.Host|Hosting starting 
2023-10-28 10:49:08.2386|0|INFO|Microsoft.AspNetCore.DataProtection.KeyManagement.XmlKeyManager|User profile is available. Using 'C:\Users\Laven\AppData\Local\ASP.NET\DataProtection-Keys' as key repository and Windows DPAPI to encrypt keys at rest. 
2023-10-28 10:49:08.4053|0|DEBUG|Microsoft.AspNetCore.DataProtection.Repositories.FileSystemXmlRepository|Reading data from file 'C:\Users\Laven\AppData\Local\ASP.NET\DataProtection-Keys\key-986fe8c4-a792-4074-b9ad-6a118ccf56a9.xml'. 
2023-10-28 10:49:08.4068|0|DEBUG|Microsoft.AspNetCore.DataProtection.Repositories.FileSystemXmlRepository|Reading data from file 'C:\Users\Laven\AppData\Local\ASP.NET\DataProtection-Keys\key-cd28ee06-4595-46d4-8679-e06dac3a83e0.xml'. 
2023-10-28 10:49:08.4068|0|DEBUG|Microsoft.AspNetCore.DataProtection.KeyManagement.XmlKeyManager|Found key {986fe8c4-a792-4074-b9ad-6a118ccf56a9}. 
2023-10-28 10:49:08.4068|0|DEBUG|Microsoft.AspNetCore.DataProtection.KeyManagement.XmlKeyManager|Found key {cd28ee06-4595-46d4-8679-e06dac3a83e0}. 
2023-10-28 10:49:08.4068|0|DEBUG|Microsoft.AspNetCore.DataProtection.KeyManagement.DefaultKeyResolver|Considering key {cd28ee06-4595-46d4-8679-e06dac3a83e0} with expiration date 2023-12-21 09:26:14Z as default key. 
2023-10-28 10:49:08.4068|0|DEBUG|Microsoft.AspNetCore.DataProtection.TypeForwardingActivator|Forwarded activator type request from Microsoft.AspNetCore.DataProtection.XmlEncryption.DpapiXmlDecryptor, Microsoft.AspNetCore.DataProtection, Version=7.0.0.0, Culture=neutral, PublicKeyToken=adb9793829ddae60 to Microsoft.AspNetCore.DataProtection.XmlEncryption.DpapiXmlDecryptor, Microsoft.AspNetCore.DataProtection, Culture=neutral, PublicKeyToken=adb9793829ddae60 
2023-10-28 10:49:08.4068|0|DEBUG|Microsoft.AspNetCore.DataProtection.XmlEncryption.DpapiXmlDecryptor|Decrypting secret element using Windows DPAPI. 
2023-10-28 10:49:08.4220|0|DEBUG|Microsoft.AspNetCore.DataProtection.TypeForwardingActivator|Forwarded activator type request from Microsoft.AspNetCore.DataProtection.AuthenticatedEncryption.ConfigurationModel.AuthenticatedEncryptorDescriptorDeserializer, Microsoft.AspNetCore.DataProtection, Version=7.0.0.0, Culture=neutral, PublicKeyToken=adb9793829ddae60 to Microsoft.AspNetCore.DataProtection.AuthenticatedEncryption.ConfigurationModel.AuthenticatedEncryptorDescriptorDeserializer, Microsoft.AspNetCore.DataProtection, Culture=neutral, PublicKeyToken=adb9793829ddae60 
2023-10-28 10:49:08.4220|0|DEBUG|Microsoft.AspNetCore.DataProtection.AuthenticatedEncryption.CngCbcAuthenticatedEncryptorFactory|Opening CNG algorithm 'AES' from provider '(null)' with chaining mode CBC. 
2023-10-28 10:49:08.4220|0|DEBUG|Microsoft.AspNetCore.DataProtection.AuthenticatedEncryption.CngCbcAuthenticatedEncryptorFactory|Opening CNG algorithm 'SHA256' from provider '(null)' with HMAC. 
2023-10-28 10:49:08.4220|0|DEBUG|Microsoft.AspNetCore.DataProtection.KeyManagement.KeyRingProvider|Using key {cd28ee06-4595-46d4-8679-e06dac3a83e0} as the default key. 
2023-10-28 10:49:08.4220|0|DEBUG|Microsoft.AspNetCore.DataProtection.Internal.DataProtectionHostedService|Key ring with default key {cd28ee06-4595-46d4-8679-e06dac3a83e0} was loaded during application startup. 
2023-10-28 10:49:08.5443|0|INFO|Microsoft.Hosting.Lifetime|Now listening on: https://localhost:7041 
2023-10-28 10:49:08.5586|0|INFO|Microsoft.Hosting.Lifetime|Now listening on: http://localhost:5133 
2023-10-28 10:49:08.5586|0|DEBUG|Microsoft.AspNetCore.Hosting.Diagnostics|Loaded hosting startup assembly MyProger.Micro.JobListAPI 
2023-10-28 10:49:08.5586|0|INFO|Microsoft.Hosting.Lifetime|Application started. Press Ctrl+C to shut down. 
2023-10-28 10:49:08.5586|0|INFO|Microsoft.Hosting.Lifetime|Hosting environment: Development 
2023-10-28 10:49:08.5586|0|INFO|Microsoft.Hosting.Lifetime|Content root path: E:\DotNetProjects\MyProger\MyProger.Micro.JobListAPI 
2023-10-28 10:49:08.5586|0|DEBUG|Microsoft.Extensions.Hosting.Internal.Host|Hosting started 
2023-10-28 10:49:08.6891|0|DEBUG|Microsoft.AspNetCore.Server.Kestrel.Connections|Connection id "0HMUNE4SCDMEH" accepted. 
2023-10-28 10:49:08.6891|0|DEBUG|Microsoft.AspNetCore.Server.Kestrel.Connections|Connection id "0HMUNE4SCDMEH" started. 
2023-10-28 10:49:08.7061|0|DEBUG|Microsoft.AspNetCore.Server.Kestrel.Https.Internal.HttpsConnectionMiddleware|Connection 0HMUNE4SCDMEH established using the following protocol: Tls13 
2023-10-28 10:49:08.7196|0|TRACE|Microsoft.AspNetCore.Server.Kestrel.Http2|Connection id "0HMUNE4SCDMEH" sending SETTINGS frame for stream ID 0 with length 24 and flags NONE. 
2023-10-28 10:49:08.7196|0|TRACE|Microsoft.AspNetCore.Server.Kestrel.Http2|Connection id "0HMUNE4SCDMEH" sending WINDOW_UPDATE frame for stream ID 0 with length 4 and flags 0x0. 
2023-10-28 10:49:08.7196|0|TRACE|Microsoft.AspNetCore.Server.Kestrel.Http2|Connection id "0HMUNE4SCDMEH" received SETTINGS frame for stream ID 0 with length 24 and flags NONE. 
2023-10-28 10:49:08.7196|0|TRACE|Microsoft.AspNetCore.Server.Kestrel.Http2|Connection id "0HMUNE4SCDMEH" sending SETTINGS frame for stream ID 0 with length 0 and flags ACK. 
2023-10-28 10:49:08.7196|0|TRACE|Microsoft.AspNetCore.Server.Kestrel.Http2|Connection id "0HMUNE4SCDMEH" received WINDOW_UPDATE frame for stream ID 0 with length 4 and flags 0x0. 
2023-10-28 10:49:08.7196|0|TRACE|Microsoft.AspNetCore.Server.Kestrel.Http2|Connection id "0HMUNE4SCDMEH" received HEADERS frame for stream ID 1 with length 1619 and flags END_STREAM, END_HEADERS, PRIORITY. 
2023-10-28 10:49:08.7196|0|TRACE|Microsoft.AspNetCore.Server.Kestrel.Http2|Connection id "0HMUNE4SCDMEH" received SETTINGS frame for stream ID 0 with length 0 and flags ACK. 
2023-10-28 10:49:08.7478|0|INFO|Microsoft.AspNetCore.Hosting.Diagnostics|Request starting HTTP/2 GET https://localhost:7041/swagger/index.html - - 
2023-10-28 10:49:08.7478|0|DEBUG|Microsoft.AspNetCore.HostFiltering.HostFilteringMiddleware|Wildcard detected, all requests with hosts will be allowed. 
2023-10-28 10:49:08.7478|0|TRACE|Microsoft.AspNetCore.HostFiltering.HostFilteringMiddleware|All hosts are allowed. 
2023-10-28 10:49:08.8578|0|TRACE|Microsoft.AspNetCore.Server.Kestrel.Http2|Connection id "0HMUNE4SCDMEH" sending HEADERS frame for stream ID 1 with length 66 and flags END_HEADERS. 
2023-10-28 10:49:08.8578|0|TRACE|Microsoft.AspNetCore.Server.Kestrel.Http2|Connection id "0HMUNE4SCDMEH" sending DATA frame for stream ID 1 with length 4760 and flags NONE. 
2023-10-28 10:49:08.8628|0|TRACE|Microsoft.AspNetCore.Server.Kestrel.Http2|Connection id "0HMUNE4SCDMEH" sending DATA frame for stream ID 1 with length 0 and flags END_STREAM. 
2023-10-28 10:49:08.8628|0|INFO|Microsoft.AspNetCore.Hosting.Diagnostics|Request finished HTTP/2 GET https://localhost:7041/swagger/index.html - - - 200 - text/html;charset=utf-8 117.3383ms 
2023-10-28 10:49:09.0016|0|TRACE|Microsoft.AspNetCore.Server.Kestrel.Http2|Connection id "0HMUNE4SCDMEH" received HEADERS frame for stream ID 3 with length 114 and flags END_STREAM, END_HEADERS, PRIORITY. 
2023-10-28 10:49:09.0016|0|INFO|Microsoft.AspNetCore.Hosting.Diagnostics|Request starting HTTP/2 GET https://localhost:7041/swagger/v1/swagger.json - - 
2023-10-28 10:49:09.0016|0|TRACE|Microsoft.AspNetCore.HostFiltering.HostFilteringMiddleware|All hosts are allowed. 
2023-10-28 10:49:09.1345|0|TRACE|Microsoft.AspNetCore.Server.Kestrel.Http2|Connection id "0HMUNE4SCDMEH" sending HEADERS frame for stream ID 3 with length 35 and flags END_HEADERS. 
2023-10-28 10:49:09.1345|0|TRACE|Microsoft.AspNetCore.Server.Kestrel.Http2|Connection id "0HMUNE4SCDMEH" sending DATA frame for stream ID 3 with length 16384 and flags NONE. 
2023-10-28 10:49:09.1345|0|TRACE|Microsoft.AspNetCore.Server.Kestrel.Http2|Connection id "0HMUNE4SCDMEH" sending DATA frame for stream ID 3 with length 1535 and flags NONE. 
2023-10-28 10:49:09.1345|0|TRACE|Microsoft.AspNetCore.Server.Kestrel.Http2|Connection id "0HMUNE4SCDMEH" sending DATA frame for stream ID 3 with length 0 and flags END_STREAM. 
2023-10-28 10:49:09.1345|0|INFO|Microsoft.AspNetCore.Hosting.Diagnostics|Request finished HTTP/2 GET https://localhost:7041/swagger/v1/swagger.json - - - 200 - application/json;charset=utf-8 131.4966ms 
2023-10-28 10:49:19.7130|0|TRACE|Microsoft.AspNetCore.Server.Kestrel.Http2|Connection id "0HMUNE4SCDMEH" received HEADERS frame for stream ID 5 with length 35 and flags END_STREAM, END_HEADERS, PRIORITY. 
2023-10-28 10:49:19.7130|0|TRACE|Microsoft.AspNetCore.Server.Kestrel.Http2|Connection id "0HMUNE4SCDMEH" received PING frame for stream ID 0 with length 8 and flags NONE. 
2023-10-28 10:49:19.7130|0|INFO|Microsoft.AspNetCore.Hosting.Diagnostics|Request starting HTTP/2 GET https://localhost:7041/metrics - - 
2023-10-28 10:49:19.7130|0|TRACE|Microsoft.AspNetCore.Server.Kestrel.Http2|Connection id "0HMUNE4SCDMEH" sending PING frame for stream ID 0 with length 8 and flags ACK. 
2023-10-28 10:49:19.7130|0|TRACE|Microsoft.AspNetCore.HostFiltering.HostFilteringMiddleware|All hosts are allowed. 
2023-10-28 10:49:19.7130|0|DEBUG|Microsoft.AspNetCore.StaticFiles.StaticFileMiddleware|The request path  does not match the path filter 
2023-10-28 10:49:19.7130|0|DEBUG|Microsoft.AspNetCore.StaticFiles.StaticFileMiddleware|The request path /metrics does not match a supported file type 
2023-10-28 10:49:19.7370|0|DEBUG|Microsoft.AspNetCore.Routing.Matching.DfaMatcher|1 candidate(s) found for the request path '/metrics' 
2023-10-28 10:49:19.7370|0|DEBUG|Microsoft.AspNetCore.Routing.EndpointRoutingMiddleware|Request matched endpoint '/metrics' 
2023-10-28 10:49:19.8324|0|DEBUG|Microsoft.AspNetCore.Authentication.JwtBearer.JwtBearerHandler|AuthenticationScheme: Bearer was not authenticated. 
2023-10-28 10:49:19.8324|0|INFO|Microsoft.AspNetCore.Routing.EndpointMiddleware|Executing endpoint '/metrics' 
2023-10-28 10:49:19.8324|0|TRACE|Microsoft.AspNetCore.Server.Kestrel.Http2|Connection id "0HMUNE4SCDMEH" sending HEADERS frame for stream ID 5 with length 106 and flags END_HEADERS. 
2023-10-28 10:49:19.8324|0|INFO|Microsoft.AspNetCore.Routing.EndpointMiddleware|Executed endpoint '/metrics' 
2023-10-28 10:49:19.8324|0|TRACE|Microsoft.AspNetCore.Server.Kestrel.Http2|Connection id "0HMUNE4SCDMEH" sending DATA frame for stream ID 5 with length 6 and flags NONE. 
2023-10-28 10:49:19.8324|0|TRACE|Microsoft.AspNetCore.Server.Kestrel.Http2|Connection id "0HMUNE4SCDMEH" sending DATA frame for stream ID 5 with length 0 and flags END_STREAM. 
2023-10-28 10:49:19.8324|0|INFO|Microsoft.AspNetCore.Hosting.Diagnostics|Request finished HTTP/2 GET https://localhost:7041/metrics - - - 200 - text/plain;+charset=utf-8;+version=0.0.4 128.2902ms 
2023-10-28 10:49:19.8432|0|TRACE|Microsoft.AspNetCore.Server.Kestrel.Http2|Connection id "0HMUNE4SCDMEH" received WINDOW_UPDATE frame for stream ID 0 with length 4 and flags 0x0. 
