2023-10-28 09:28:32.5247|0|FATAL|Microsoft.AspNetCore.Hosting.Diagnostics|Application startup exception System.InvalidOperationException: Unable to resolve service for type 'Microsoft.Extensions.Logging.ILogger' while attempting to activate 'MyProger.Micro.JobListAPI.Middlewares.RequestLoggigMiddleware+RequestLoggingMiddleware'.
   at Microsoft.Extensions.Internal.ActivatorUtilities.ConstructorMatcher.CreateInstance(IServiceProvider provider)
   at Microsoft.Extensions.Internal.ActivatorUtilities.CreateInstance(IServiceProvider provider, Type instanceType, Object[] parameters)
   at Microsoft.AspNetCore.Builder.UseMiddlewareExtensions.<>c__DisplayClass5_0.<UseMiddleware>b__0(RequestDelegate next)
   at Microsoft.AspNetCore.Builder.ApplicationBuilder.Build()
   at Microsoft.AspNetCore.Builder.ApplicationBuilder.Build()
   at Microsoft.AspNetCore.Hosting.GenericWebHostService.StartAsync(CancellationToken cancellationToken)|url: |action: |Microsoft.AspNetCore.Hosting.HostingLoggerExtensions.ApplicationError
2023-10-28 09:29:31.8637|0|FATAL|Microsoft.AspNetCore.Hosting.Diagnostics|Application startup exception System.InvalidOperationException: Unable to resolve service for type 'Microsoft.Extensions.Logging.ILogger' while attempting to activate 'MyProger.Micro.JobListAPI.Middlewares.RequestLoggigMiddleware+RequestLoggingMiddleware'.
   at Microsoft.Extensions.Internal.ActivatorUtilities.ConstructorMatcher.CreateInstance(IServiceProvider provider)
   at Microsoft.Extensions.Internal.ActivatorUtilities.CreateInstance(IServiceProvider provider, Type instanceType, Object[] parameters)
   at Microsoft.AspNetCore.Builder.UseMiddlewareExtensions.<>c__DisplayClass5_0.<UseMiddleware>b__0(RequestDelegate next)
   at Microsoft.AspNetCore.Builder.ApplicationBuilder.Build()
   at Microsoft.AspNetCore.Builder.ApplicationBuilder.Build()
   at Microsoft.AspNetCore.Hosting.GenericWebHostService.StartAsync(CancellationToken cancellationToken)|url: |action: |Microsoft.AspNetCore.Hosting.HostingLoggerExtensions.ApplicationError
2023-10-28 09:30:25.7894|0|INFO|Microsoft.Hosting.Lifetime|Now listening on: https://localhost:7041 |url: |action: |Microsoft.AspNetCore.Hosting.GenericWebHostService.StartAsync
2023-10-28 09:30:25.8036|0|INFO|Microsoft.Hosting.Lifetime|Now listening on: http://localhost:5133 |url: |action: |Microsoft.AspNetCore.Hosting.GenericWebHostService.StartAsync
2023-10-28 09:30:25.8036|0|INFO|Microsoft.Hosting.Lifetime|Application started. Press Ctrl+C to shut down. |url: |action: |Microsoft.Extensions.Hosting.Internal.ConsoleLifetime.OnApplicationStarted
2023-10-28 09:30:25.8036|0|INFO|Microsoft.Hosting.Lifetime|Hosting environment: Development |url: |action: |Microsoft.Extensions.Hosting.Internal.ConsoleLifetime.OnApplicationStarted
2023-10-28 09:30:25.8036|0|INFO|Microsoft.Hosting.Lifetime|Content root path: E:\DotNetProjects\MyProger\MyProger.Micro.JobListAPI |url: |action: |Microsoft.Extensions.Hosting.Internal.ApplicationLifetime.NotifyStarted
2023-10-28 10:40:27.4161|0|INFO|Microsoft.Hosting.Lifetime|Now listening on: https://localhost:7041 |url: |action: |Microsoft.AspNetCore.Hosting.GenericWebHostService.StartAsync
2023-10-28 10:40:27.4309|0|INFO|Microsoft.Hosting.Lifetime|Now listening on: http://localhost:5133 |url: |action: |Microsoft.AspNetCore.Hosting.GenericWebHostService.StartAsync
2023-10-28 10:40:27.4309|0|INFO|Microsoft.Hosting.Lifetime|Application started. Press Ctrl+C to shut down. |url: |action: |Microsoft.Extensions.Hosting.Internal.ConsoleLifetime.OnApplicationStarted
2023-10-28 10:40:27.4309|0|INFO|Microsoft.Hosting.Lifetime|Hosting environment: Development |url: |action: |Microsoft.Extensions.Hosting.Internal.ConsoleLifetime.OnApplicationStarted
2023-10-28 10:40:27.4309|0|INFO|Microsoft.Hosting.Lifetime|Content root path: E:\DotNetProjects\MyProger\MyProger.Micro.JobListAPI |url: |action: |Microsoft.Extensions.Hosting.Internal.ApplicationLifetime.NotifyStarted
2023-10-28 10:40:45.9794|0|ERROR|Microsoft.AspNetCore.Diagnostics.DeveloperExceptionPageMiddleware|An unhandled exception has occurred while executing the request. System.InvalidOperationException: No service for type 'App.Metrics.IMetrics' has been registered.
   at Microsoft.Extensions.DependencyInjection.ServiceProviderServiceExtensions.GetRequiredService(IServiceProvider provider, Type serviceType)
   at Microsoft.Extensions.DependencyInjection.ServiceProviderServiceExtensions.GetRequiredService[T](IServiceProvider provider)
   at Program.<>c.<<<Main>$>b__0_6>d.MoveNext() in E:\DotNetProjects\MyProger\MyProger.Micro.JobListAPI\Program.cs:line 126
--- End of stack trace from previous location ---
   at Microsoft.AspNetCore.Routing.EndpointMiddleware.<Invoke>g__AwaitRequestTask|6_0(Endpoint endpoint, Task requestTask, ILogger logger)
   at Microsoft.AspNetCore.Authorization.AuthorizationMiddleware.Invoke(HttpContext context)
   at Microsoft.AspNetCore.Authentication.AuthenticationMiddleware.Invoke(HttpContext context)
   at Swashbuckle.AspNetCore.SwaggerUI.SwaggerUIMiddleware.Invoke(HttpContext httpContext)
   at Swashbuckle.AspNetCore.Swagger.SwaggerMiddleware.Invoke(HttpContext httpContext, ISwaggerProvider swaggerProvider)
   at Swashbuckle.AspNetCore.SwaggerUI.SwaggerUIMiddleware.Invoke(HttpContext httpContext)
   at Swashbuckle.AspNetCore.Swagger.SwaggerMiddleware.Invoke(HttpContext httpContext, ISwaggerProvider swaggerProvider)
   at Microsoft.AspNetCore.Diagnostics.DeveloperExceptionPageMiddlewareImpl.Invoke(HttpContext context)|url: https://localhost/metrics|action: |Microsoft.AspNetCore.Diagnostics.DeveloperExceptionPageMiddlewareImpl.Invoke
2023-10-28 10:49:08.5443|0|INFO|Microsoft.Hosting.Lifetime|Now listening on: https://localhost:7041 |url: |action: |Microsoft.AspNetCore.Hosting.GenericWebHostService.StartAsync
2023-10-28 10:49:08.5586|0|INFO|Microsoft.Hosting.Lifetime|Now listening on: http://localhost:5133 |url: |action: |Microsoft.AspNetCore.Hosting.GenericWebHostService.StartAsync
2023-10-28 10:49:08.5586|0|INFO|Microsoft.Hosting.Lifetime|Application started. Press Ctrl+C to shut down. |url: |action: |Microsoft.Extensions.Hosting.Internal.ConsoleLifetime.OnApplicationStarted
2023-10-28 10:49:08.5586|0|INFO|Microsoft.Hosting.Lifetime|Hosting environment: Development |url: |action: |Microsoft.Extensions.Hosting.Internal.ConsoleLifetime.OnApplicationStarted
2023-10-28 10:49:08.5586|0|INFO|Microsoft.Hosting.Lifetime|Content root path: E:\DotNetProjects\MyProger\MyProger.Micro.JobListAPI |url: |action: |Microsoft.Extensions.Hosting.Internal.ApplicationLifetime.NotifyStarted
